2025-01-16 22:59:15.557 | INFO     | __main__:setup_driver:85 - ChromeDriverの設定が完了しました
2025-01-16 22:59:15.562 | INFO     | __main__:login:103 - ログイン処理を開始
2025-01-16 22:59:16.633 | INFO     | __main__:login:105 - 現在のURL: https://crowdworks.jp/login
2025-01-16 22:59:18.638 | INFO     | __main__:login:112 - ログインフォームの要素を探索中...
2025-01-16 22:59:18.641 | INFO     | __main__:login:132 - ログインフォームの要素を発見
2025-01-16 22:59:20.661 | INFO     | __main__:login:156 - ログインボタンをクリック
2025-01-16 22:59:26.387 | INFO     | __main__:login:165 - ログイン後のURL: https://crowdworks.jp/dashboard
2025-01-16 22:59:26.389 | INFO     | __main__:login:167 - ログイン成功
2025-01-16 22:59:26.389 | INFO     | __main__:scrape_jobs:205 - 案件情報の取得を開始
2025-01-16 22:59:32.200 | INFO     | __main__:scrape_jobs:257 - 案件を取得: 【誰でも簡単・OK】貯蓄に関してのアンケート回答業務です！
2025-01-16 22:59:32.201 | DEBUG    | __main__:scrape_jobs:258 - 本文: 説明なし...
2025-01-16 22:59:32.236 | INFO     | __main__:scrape_jobs:257 - 案件を取得: キャリアアドバイザー募集！事業拡大に伴う増員
2025-01-16 22:59:32.236 | DEBUG    | __main__:scrape_jobs:258 - 本文: 説明なし...
2025-01-16 22:59:32.273 | INFO     | __main__:scrape_jobs:257 - 案件を取得: 【急募】リモートOK！営業事務スタッフ募集｜週20～40時間｜時給応相談｜スキルを活かして働きたい方歓迎！
2025-01-16 22:59:32.273 | DEBUG    | __main__:scrape_jobs:258 - 本文: 説明なし...
2025-01-16 22:59:32.306 | INFO     | __main__:scrape_jobs:257 - 案件を取得: 【YouTube漫画動画】1ページ単価1500円〜脚本をもとに作画していただけるイラストレーター様を大募集【過去実績問わず】
2025-01-16 22:59:32.306 | DEBUG    | __main__:scrape_jobs:258 - 本文: 説明なし...
2025-01-16 22:59:32.342 | INFO     | __main__:scrape_jobs:257 - 案件を取得: 【コーヒーカップのデザイン】プロダクトデザインをして頂ける方を募集します。
2025-01-16 22:59:32.342 | DEBUG    | __main__:scrape_jobs:258 - 本文: 説明なし...
2025-01-16 22:59:32.396 | INFO     | __main__:scrape_jobs:257 - 案件を取得: 【Canva×英語】ECの商品画像作成（デザイン初心者OK）
2025-01-16 22:59:32.396 | DEBUG    | __main__:scrape_jobs:258 - 本文: 説明なし...
2025-01-16 22:59:32.432 | INFO     | __main__:scrape_jobs:257 - 案件を取得: YouTubeの動画編集者を募集！Vrewで作業！〈初心者OK〉〈昼間の作業のため主婦の方も歓迎〉
2025-01-16 22:59:32.433 | DEBUG    | __main__:scrape_jobs:258 - 本文: 説明なし...
2025-01-16 22:59:32.471 | INFO     | __main__:scrape_jobs:257 - 案件を取得: 【高単価/1分あたり1,000～3,000円】VTuber切り抜きショート動画の編集者募集！
2025-01-16 22:59:32.471 | DEBUG    | __main__:scrape_jobs:258 - 本文: 説明なし...
2025-01-16 22:59:32.503 | INFO     | __main__:scrape_jobs:257 - 案件を取得: 【電子書籍：表紙デザイン募集】安心感のある表紙デザインのご提案をお願いします。
2025-01-16 22:59:32.503 | DEBUG    | __main__:scrape_jobs:258 - 本文: 説明なし...
2025-01-16 22:59:32.538 | INFO     | __main__:scrape_jobs:257 - 案件を取得: SNSのアカウント情報の編集作業
2025-01-16 22:59:32.539 | DEBUG    | __main__:scrape_jobs:258 - 本文: 説明なし...
2025-01-16 22:59:32.578 | INFO     | __main__:scrape_jobs:257 - 案件を取得: 女性・親子向け歯科医院のTOPページのデザイン
2025-01-16 22:59:32.579 | DEBUG    | __main__:scrape_jobs:258 - 本文: 説明なし...
2025-01-16 22:59:32.614 | INFO     | __main__:scrape_jobs:257 - 案件を取得: 「リアルテスト人生ゲーム」のコンセプト調査：みんなの意見を教えてください！
2025-01-16 22:59:32.614 | DEBUG    | __main__:scrape_jobs:258 - 本文: 説明なし...
2025-01-16 22:59:32.650 | INFO     | __main__:scrape_jobs:257 - 案件を取得: 【男性限定】卒論のためのアンケート
2025-01-16 22:59:32.650 | DEBUG    | __main__:scrape_jobs:258 - 本文: 説明なし...
2025-01-16 22:59:32.686 | INFO     | __main__:scrape_jobs:257 - 案件を取得: 【急募！女性・経験者歓迎します】海外ECサイトのリサーチ業務☆１日２～３時間の作業で高収益！やればやるほど稼げます☆
2025-01-16 22:59:32.686 | DEBUG    | __main__:scrape_jobs:258 - 本文: 説明なし...
2025-01-16 22:59:32.717 | INFO     | __main__:scrape_jobs:257 - 案件を取得: 「ことばで人をつなぐ 日本語の学び舎」という企業イメージを表すロゴデザイン
2025-01-16 22:59:32.717 | DEBUG    | __main__:scrape_jobs:258 - 本文: 説明なし...
2025-01-16 22:59:32.754 | INFO     | __main__:scrape_jobs:257 - 案件を取得: 【単純作業】主婦歓迎！好きな時間に　簡単な事務　主婦が活躍しています。【完全在宅】
2025-01-16 22:59:32.754 | DEBUG    | __main__:scrape_jobs:258 - 本文: 説明なし...
2025-01-16 22:59:32.791 | INFO     | __main__:scrape_jobs:257 - 案件を取得: 【雑学系】簡単な動画編集
2025-01-16 22:59:32.791 | DEBUG    | __main__:scrape_jobs:258 - 本文: 説明なし...
2025-01-16 22:59:32.825 | INFO     | __main__:scrape_jobs:257 - 案件を取得: ★継続依頼あり★企業の問合せフォームへの入力代行作業のお仕事♪♪♪
2025-01-16 22:59:32.825 | DEBUG    | __main__:scrape_jobs:258 - 本文: 説明なし...
2025-01-16 22:59:32.861 | INFO     | __main__:scrape_jobs:257 - 案件を取得: ✨転職、退職を検討されている方へアンケート(経験者でも大丈夫です)【フォーム記入式⭐1件10円】✨
2025-01-16 22:59:32.861 | DEBUG    | __main__:scrape_jobs:258 - 本文: 説明なし...
2025-01-16 22:59:32.894 | INFO     | __main__:scrape_jobs:257 - 案件を取得: 【簡単・入力作業＆アンケートで400円】あなたの年収を教えてください（個人情報伏せ字でOK）【1/16募集スタート】
2025-01-16 22:59:32.894 | DEBUG    | __main__:scrape_jobs:258 - 本文: 説明なし...
2025-01-16 22:59:32.930 | INFO     | __main__:scrape_jobs:257 - 案件を取得: 【高単価・継続あり】YouTube動画編集・動画作成
2025-01-16 22:59:32.930 | DEBUG    | __main__:scrape_jobs:258 - 本文: 説明なし...
2025-01-16 22:59:32.964 | INFO     | __main__:scrape_jobs:257 - 案件を取得: 【急募！10名限定！】漫画「チンポマン」の感想を教えて下さい。
2025-01-16 22:59:32.964 | DEBUG    | __main__:scrape_jobs:258 - 本文: 説明なし...
2025-01-16 22:59:33.002 | INFO     | __main__:scrape_jobs:257 - 案件を取得: 【継続案件！1本2000円！】YouTubeショート動画の制作
2025-01-16 22:59:33.002 | DEBUG    | __main__:scrape_jobs:258 - 本文: 説明なし...
2025-01-16 22:59:33.038 | INFO     | __main__:scrape_jobs:257 - 案件を取得: 企業の情報収集を行っていただきたいです！マニュアル有
2025-01-16 22:59:33.039 | DEBUG    | __main__:scrape_jobs:258 - 本文: 説明なし...
2025-01-16 22:59:33.074 | INFO     | __main__:scrape_jobs:257 - 案件を取得: 【初心者大歓迎】ガールズチャンネルからスレを拾う簡単作業【台本作成】
2025-01-16 22:59:33.074 | DEBUG    | __main__:scrape_jobs:258 - 本文: 説明なし...
2025-01-16 22:59:33.109 | INFO     | __main__:scrape_jobs:257 - 案件を取得: 動画編集を始めたい方、スキルアップや実績作りを目指す方を募集中！【未経験OK！】報酬800円
2025-01-16 22:59:33.109 | DEBUG    | __main__:scrape_jobs:258 - 本文: 説明なし...
2025-01-16 22:59:33.145 | INFO     | __main__:scrape_jobs:257 - 案件を取得: 【1件500円！】施術経験がある✨美容クリニック・外科・皮膚科✨に関する経験談を教えてください！【写真付きで+500円】
2025-01-16 22:59:33.145 | DEBUG    | __main__:scrape_jobs:258 - 本文: 説明なし...
2025-01-16 22:59:33.178 | INFO     | __main__:scrape_jobs:257 - 案件を取得: 【1本3,000円】YouTube漫画のあらすじを元にスカッと胸キュンするシナリオ作成！！継続発注有【経験者歓迎】
2025-01-16 22:59:33.178 | DEBUG    | __main__:scrape_jobs:258 - 本文: 説明なし...
2025-01-16 22:59:33.214 | INFO     | __main__:scrape_jobs:257 - 案件を取得: トップページのライティング
2025-01-16 22:59:33.214 | DEBUG    | __main__:scrape_jobs:258 - 本文: 説明なし...
2025-01-16 22:59:33.246 | INFO     | __main__:scrape_jobs:257 - 案件を取得: 占いアプリ『ケアプリ]』で、占ってもらったことある方。アンケートご協力ください。
2025-01-16 22:59:33.246 | DEBUG    | __main__:scrape_jobs:258 - 本文: 説明なし...
2025-01-16 22:59:33.278 | INFO     | __main__:scrape_jobs:257 - 案件を取得: 【類塾・馬渕以外】大阪の北野高校に通うならおすすめの塾はどれ？【アンケート】
2025-01-16 22:59:33.278 | DEBUG    | __main__:scrape_jobs:258 - 本文: 説明なし...
2025-01-16 22:59:33.313 | INFO     | __main__:scrape_jobs:257 - 案件を取得: ShopifyとGoogle Analytics 4（GA4）の連携・データドリブンアトリビューション設定サポート
2025-01-16 22:59:33.313 | DEBUG    | __main__:scrape_jobs:258 - 本文: 説明なし...
2025-01-16 22:59:33.345 | INFO     | __main__:scrape_jobs:257 - 案件を取得: 【未経験大歓迎／継続案件】Vrewで文字起こしできる方を募集します！【マニュアル＆サポートあり】
2025-01-16 22:59:33.345 | DEBUG    | __main__:scrape_jobs:258 - 本文: 説明なし...
2025-01-16 22:59:33.380 | INFO     | __main__:scrape_jobs:257 - 案件を取得: ✳︎1件10円アンケート⭐︎転職、退職を検討中の方に侑めます。(転職、退職経験者でも可能です)⭐︎(TTT)/✨
2025-01-16 22:59:33.381 | DEBUG    | __main__:scrape_jobs:258 - 本文: 説明なし...
2025-01-16 22:59:33.413 | INFO     | __main__:scrape_jobs:257 - 案件を取得: 求職者様へのインタビュー内容をまとめて、記事コンテンツ化をお願いいたします（インタビューは実施済です）
2025-01-16 22:59:33.413 | DEBUG    | __main__:scrape_jobs:258 - 本文: 説明なし...
2025-01-16 22:59:33.453 | INFO     | __main__:scrape_jobs:257 - 案件を取得: ＼インスタ投稿作成・インスタ運用できる方大募集／
2025-01-16 22:59:33.453 | DEBUG    | __main__:scrape_jobs:258 - 本文: 説明なし...
2025-01-16 22:59:33.491 | INFO     | __main__:scrape_jobs:257 - 案件を取得: 【初心者の方歓迎】YouTube長尺動画作成のお仕事
2025-01-16 22:59:33.491 | DEBUG    | __main__:scrape_jobs:258 - 本文: 説明なし...
2025-01-16 22:59:33.523 | INFO     | __main__:scrape_jobs:257 - 案件を取得: 《急募》TikTokのショート動画編集（継続案件）
2025-01-16 22:59:33.523 | DEBUG    | __main__:scrape_jobs:258 - 本文: 説明なし...
2025-01-16 22:59:33.559 | INFO     | __main__:scrape_jobs:257 - 案件を取得: SNSの裏方業務を募集します！(マニュアルあり、初心者OK) 月2万円お支払いします
2025-01-16 22:59:33.559 | DEBUG    | __main__:scrape_jobs:258 - 本文: 説明なし...
2025-01-16 22:59:33.596 | INFO     | __main__:scrape_jobs:257 - 案件を取得: YouTube動画、恋愛雑学系アニメ動画の台本制作
2025-01-16 22:59:33.596 | DEBUG    | __main__:scrape_jobs:258 - 本文: 説明なし...
2025-01-16 22:59:33.633 | INFO     | __main__:scrape_jobs:257 - 案件を取得: ✨渋い10円アンケート！資産運用、投資の意識調査について✳︎(tsmt);【フォーム記入式】✨
2025-01-16 22:59:33.633 | DEBUG    | __main__:scrape_jobs:258 - 本文: 説明なし...
2025-01-16 22:59:33.673 | INFO     | __main__:scrape_jobs:257 - 案件を取得: 【完全在宅】リユース古着(セットアップ)のアクセサリー/ラペルピン＆チーフ制作をしてくださる方を募集！！在宅主婦も大歓迎♪
2025-01-16 22:59:33.673 | DEBUG    | __main__:scrape_jobs:258 - 本文: 説明なし...
2025-01-16 22:59:33.705 | INFO     | __main__:scrape_jobs:257 - 案件を取得: 報酬1500円✨【実績作りや、初心者の方OKです！】プロテインに関する記事作成依頼！
2025-01-16 22:59:33.705 | DEBUG    | __main__:scrape_jobs:258 - 本文: 説明なし...
2025-01-16 22:59:33.741 | INFO     | __main__:scrape_jobs:257 - 案件を取得: 【簡単継続案件！月15000円以上可能！】切り抜きショート動画の制作
2025-01-16 22:59:33.741 | DEBUG    | __main__:scrape_jobs:258 - 本文: 説明なし...
2025-01-16 22:59:33.776 | INFO     | __main__:scrape_jobs:257 - 案件を取得: 宣材撮影、グラビア撮影
2025-01-16 22:59:33.776 | DEBUG    | __main__:scrape_jobs:258 - 本文: 説明なし...
2025-01-16 22:59:33.812 | INFO     | __main__:scrape_jobs:257 - 案件を取得: 【継続案件！1本8000円！】YouTubeの動画編集！
2025-01-16 22:59:33.812 | DEBUG    | __main__:scrape_jobs:258 - 本文: 説明なし...
2025-01-16 22:59:33.850 | INFO     | __main__:scrape_jobs:257 - 案件を取得: 【これからどうしよう…】将来に向けたお金の計画についてアンケート
2025-01-16 22:59:33.851 | DEBUG    | __main__:scrape_jobs:258 - 本文: 説明なし...
2025-01-16 22:59:33.886 | INFO     | __main__:scrape_jobs:257 - 案件を取得: 特化ブログでおすすめのジャンルを教えて下さい。あわせてペルソナも考えて下さい。
2025-01-16 22:59:33.886 | DEBUG    | __main__:scrape_jobs:258 - 本文: 説明なし...
2025-01-16 22:59:33.918 | INFO     | __main__:scrape_jobs:257 - 案件を取得: ブログのファビコン作成依頼
2025-01-16 22:59:33.919 | DEBUG    | __main__:scrape_jobs:258 - 本文: 説明なし...
2025-01-16 22:59:33.954 | INFO     | __main__:scrape_jobs:257 - 案件を取得: 【実績作りに！初心者歓迎です！】人気のカフェのInstagram用投稿画像制作依頼について❤️
2025-01-16 22:59:33.954 | DEBUG    | __main__:scrape_jobs:258 - 本文: 説明なし...
2025-01-16 22:59:33.991 | INFO     | __main__:scrape_jobs:257 - 案件を取得: 【1本4000円！継続あり！】簡単スライド動画制作１
2025-01-16 22:59:33.992 | DEBUG    | __main__:scrape_jobs:258 - 本文: 説明なし...
2025-01-16 22:59:34.026 | INFO     | __main__:scrape_jobs:257 - 案件を取得: 【継続案件あり】商材（今回は枕）の販促用広告動画の撮影、編集、納品までを行うことのできるクリエイターさん募集
2025-01-16 22:59:34.026 | DEBUG    | __main__:scrape_jobs:258 - 本文: 説明なし...
2025-01-16 22:59:34.059 | INFO     | __main__:scrape_jobs:257 - 案件を取得: 【急募・決定後作業可能】ShopifyでのECサイト構築、カスタマイズあり
2025-01-16 22:59:34.059 | DEBUG    | __main__:scrape_jobs:258 - 本文: 説明なし...
2025-01-16 22:59:34.095 | INFO     | __main__:scrape_jobs:257 - 案件を取得: 【案件こなしながら自分のタイプも知りませんか？】MBTIに関する記事作成依頼！
2025-01-16 22:59:34.095 | DEBUG    | __main__:scrape_jobs:258 - 本文: 説明なし...
2025-01-16 22:59:34.132 | INFO     | __main__:scrape_jobs:257 - 案件を取得: 現行ECCUBEのリニューアルをしたいと思います！
2025-01-16 22:59:34.132 | DEBUG    | __main__:scrape_jobs:258 - 本文: 説明なし...
2025-01-16 22:59:34.169 | INFO     | __main__:scrape_jobs:257 - 案件を取得: 【成功報酬1万円】美容脱毛から医療脱毛へ勧めるLP。ヤフー広告のリスティング広告で掲載不可の審査のLPを掲載OKにしたい。
2025-01-16 22:59:34.169 | DEBUG    | __main__:scrape_jobs:258 - 本文: 説明なし...
2025-01-16 22:59:34.203 | INFO     | __main__:scrape_jobs:257 - 案件を取得: 【継続依頼アリ】営業先のリサーチ＆リスト作成
2025-01-16 22:59:34.203 | DEBUG    | __main__:scrape_jobs:258 - 本文: 説明なし...
2025-01-16 22:59:34.203 | INFO     | __main__:scrape_jobs:264 - 57件の案件を取得
2025-01-16 22:59:34.210 | INFO     | __main__:save_jobs:295 - データを保存しました: crawled_data/jobs_20250116_225934.json, crawled_data/jobs_20250116_225934.csv
2025-01-16 22:59:34.298 | INFO     | __main__:run:307 - クローラーを終了します
