2025-01-16 22:40:27.096 | INFO     | __main__:setup_driver:85 - ChromeDriverの設定が完了しました
2025-01-16 22:40:27.099 | INFO     | __main__:login:103 - ログイン処理を開始
2025-01-16 22:40:28.414 | INFO     | __main__:login:105 - 現在のURL: https://crowdworks.jp/login
2025-01-16 22:40:30.423 | INFO     | __main__:login:112 - ログインフォームの要素を探索中...
2025-01-16 22:40:30.427 | INFO     | __main__:login:132 - ログインフォームの要素を発見
2025-01-16 22:40:32.445 | INFO     | __main__:login:156 - ログインボタンをクリック
2025-01-16 22:40:38.478 | INFO     | __main__:login:165 - ログイン後のURL: https://crowdworks.jp/dashboard
2025-01-16 22:40:38.481 | INFO     | __main__:login:167 - ログイン成功
2025-01-16 22:40:38.481 | INFO     | __main__:scrape_jobs:205 - 案件情報の取得を開始
2025-01-16 22:40:44.597 | INFO     | __main__:scrape_jobs:255 - 案件を取得: YouTube動画の編集業務の募集【広告系】
2025-01-16 22:40:44.598 | DEBUG    | __main__:scrape_jobs:256 - 本文: ...
2025-01-16 22:40:44.627 | INFO     | __main__:scrape_jobs:255 - 案件を取得: 【男性の方を募集】完全フルリモート！チャット対応のみ！時給1500円～
2025-01-16 22:40:44.627 | DEBUG    | __main__:scrape_jobs:256 - 本文: ...
2025-01-16 22:40:44.665 | INFO     | __main__:scrape_jobs:255 - 案件を取得: 【動画編集】30秒程度の短尺ショート動画編集者を募集いたします【長期】※男性の方を優先しています
2025-01-16 22:40:44.665 | DEBUG    | __main__:scrape_jobs:256 - 本文: ...
2025-01-16 22:40:44.704 | INFO     | __main__:scrape_jobs:255 - 案件を取得: ✨資産運用、投資に興味ある方(既に行なっている方)へのアンケート【1件、10円】※フォーム記入式※
2025-01-16 22:40:44.704 | DEBUG    | __main__:scrape_jobs:256 - 本文: ...
2025-01-16 22:40:44.741 | INFO     | __main__:scrape_jobs:255 - 案件を取得: ✨転職、退職を検討されている方へアンケート(経験者でも大丈夫です)【フォーム記入式⭐1件10円】✨
2025-01-16 22:40:44.741 | DEBUG    | __main__:scrape_jobs:256 - 本文: ...
2025-01-16 22:40:44.777 | INFO     | __main__:scrape_jobs:255 - 案件を取得: 【簡単・入力作業＆アンケートで400円】あなたの年収を教えてください（個人情報伏せ字でOK）【1/16募集スタート】
2025-01-16 22:40:44.777 | DEBUG    | __main__:scrape_jobs:256 - 本文: ...
2025-01-16 22:40:44.810 | INFO     | __main__:scrape_jobs:255 - 案件を取得: 【高単価・継続あり】YouTube動画編集・動画作成
2025-01-16 22:40:44.810 | DEBUG    | __main__:scrape_jobs:256 - 本文: ...
2025-01-16 22:40:44.840 | INFO     | __main__:scrape_jobs:255 - 案件を取得: 【急募！10名限定！】漫画「チンポマン」の感想を教えて下さい。
2025-01-16 22:40:44.840 | DEBUG    | __main__:scrape_jobs:256 - 本文: ...
2025-01-16 22:40:44.871 | INFO     | __main__:scrape_jobs:255 - 案件を取得: 【継続案件！1本2000円！】YouTubeショート動画の制作
2025-01-16 22:40:44.871 | DEBUG    | __main__:scrape_jobs:256 - 本文: ...
2025-01-16 22:40:44.906 | INFO     | __main__:scrape_jobs:255 - 案件を取得: 企業の情報収集を行っていただきたいです！マニュアル有
2025-01-16 22:40:44.906 | DEBUG    | __main__:scrape_jobs:256 - 本文: ...
2025-01-16 22:40:44.938 | INFO     | __main__:scrape_jobs:255 - 案件を取得: 【初心者大歓迎】ガールズチャンネルからスレを拾う簡単作業【台本作成】
2025-01-16 22:40:44.938 | DEBUG    | __main__:scrape_jobs:256 - 本文: ...
2025-01-16 22:40:44.990 | INFO     | __main__:scrape_jobs:255 - 案件を取得: 【1本3,000円】YouTube漫画のあらすじを元にスカッと胸キュンするシナリオ作成！！継続発注有【経験者歓迎】
2025-01-16 22:40:44.990 | DEBUG    | __main__:scrape_jobs:256 - 本文: ...
2025-01-16 22:40:45.024 | INFO     | __main__:scrape_jobs:255 - 案件を取得: トップページのライティング
2025-01-16 22:40:45.024 | DEBUG    | __main__:scrape_jobs:256 - 本文: ...
2025-01-16 22:40:45.055 | INFO     | __main__:scrape_jobs:255 - 案件を取得: 省エネ計算業務をこれからやりたい人・できる人をお願いします。★未経験者可能です
2025-01-16 22:40:45.055 | DEBUG    | __main__:scrape_jobs:256 - 本文: ...
2025-01-16 22:40:45.085 | INFO     | __main__:scrape_jobs:255 - 案件を取得: 【報酬アップも可能】男性向けR18ゲーム用HCG制作★テスト制作から本採用へ！
2025-01-16 22:40:45.085 | DEBUG    | __main__:scrape_jobs:256 - 本文: ...
2025-01-16 22:40:45.116 | INFO     | __main__:scrape_jobs:255 - 案件を取得: 占いアプリ『ケアプリ]』で、占ってもらったことある方。アンケートご協力ください。
2025-01-16 22:40:45.116 | DEBUG    | __main__:scrape_jobs:256 - 本文: ...
2025-01-16 22:40:45.149 | INFO     | __main__:scrape_jobs:255 - 案件を取得: 【類塾・馬渕以外】大阪の北野高校に通うならおすすめの塾はどれ？【アンケート】
2025-01-16 22:40:45.149 | DEBUG    | __main__:scrape_jobs:256 - 本文: ...
2025-01-16 22:40:45.179 | INFO     | __main__:scrape_jobs:255 - 案件を取得: ShopifyとGoogle Analytics 4（GA4）の連携・データドリブンアトリビューション設定サポート
2025-01-16 22:40:45.179 | DEBUG    | __main__:scrape_jobs:256 - 本文: ...
2025-01-16 22:40:45.210 | INFO     | __main__:scrape_jobs:255 - 案件を取得: 【未経験大歓迎／継続案件】Vrewで文字起こしできる方を募集します！【マニュアル＆サポートあり】
2025-01-16 22:40:45.210 | DEBUG    | __main__:scrape_jobs:256 - 本文: ...
2025-01-16 22:40:45.244 | INFO     | __main__:scrape_jobs:255 - 案件を取得: ✳︎1件10円アンケート⭐︎転職、退職を検討中の方に侑めます。(転職、退職経験者でも可能です)⭐︎(TTT)/✨
2025-01-16 22:40:45.244 | DEBUG    | __main__:scrape_jobs:256 - 本文: ...
2025-01-16 22:40:45.275 | INFO     | __main__:scrape_jobs:255 - 案件を取得: 求職者様へのインタビュー内容をまとめて、記事コンテンツ化をお願いいたします（インタビューは実施済です）
2025-01-16 22:40:45.275 | DEBUG    | __main__:scrape_jobs:256 - 本文: ...
2025-01-16 22:40:45.306 | INFO     | __main__:scrape_jobs:255 - 案件を取得: ＼インスタ投稿作成・インスタ運用できる方大募集／
2025-01-16 22:40:45.307 | DEBUG    | __main__:scrape_jobs:256 - 本文: ...
2025-01-16 22:40:45.339 | INFO     | __main__:scrape_jobs:255 - 案件を取得: 【初心者の方歓迎】YouTube長尺動画作成のお仕事
2025-01-16 22:40:45.340 | DEBUG    | __main__:scrape_jobs:256 - 本文: ...
2025-01-16 22:40:45.377 | INFO     | __main__:scrape_jobs:255 - 案件を取得: 《急募》TikTokのショート動画編集（継続案件）
2025-01-16 22:40:45.378 | DEBUG    | __main__:scrape_jobs:256 - 本文: ...
2025-01-16 22:40:45.410 | INFO     | __main__:scrape_jobs:255 - 案件を取得: ✨国内旅行に関するアンケート【1件10円】(TNT)/ 光✨のごとく、すぐにおわります✨
2025-01-16 22:40:45.410 | DEBUG    | __main__:scrape_jobs:256 - 本文: ...
2025-01-16 22:40:45.441 | INFO     | __main__:scrape_jobs:255 - 案件を取得: 同人作家「ニート社長」の名刺デザイン
2025-01-16 22:40:45.442 | DEBUG    | __main__:scrape_jobs:256 - 本文: ...
2025-01-16 22:40:45.472 | INFO     | __main__:scrape_jobs:255 - 案件を取得: 【副業！経験者優遇！主婦&未経験者も大歓迎です】海外物販サイトeBayでの出品商品リサーチ業務 ※研修もしっかり行います
2025-01-16 22:40:45.473 | DEBUG    | __main__:scrape_jobs:256 - 本文: ...
2025-01-16 22:40:45.507 | INFO     | __main__:scrape_jobs:255 - 案件を取得: SNSの裏方業務を募集します！(マニュアルあり、初心者OK) 月2万円お支払いします
2025-01-16 22:40:45.507 | DEBUG    | __main__:scrape_jobs:256 - 本文: ...
2025-01-16 22:40:45.539 | INFO     | __main__:scrape_jobs:255 - 案件を取得: YouTube動画、恋愛雑学系アニメ動画の台本制作
2025-01-16 22:40:45.539 | DEBUG    | __main__:scrape_jobs:256 - 本文: ...
2025-01-16 22:40:45.573 | INFO     | __main__:scrape_jobs:255 - 案件を取得: ✨渋い10円アンケート！資産運用、投資の意識調査について✳︎(tsmt);【フォーム記入式】✨
2025-01-16 22:40:45.573 | DEBUG    | __main__:scrape_jobs:256 - 本文: ...
2025-01-16 22:40:45.611 | INFO     | __main__:scrape_jobs:255 - 案件を取得: 【完全在宅】リユース古着(セットアップ)のアクセサリー/ラペルピン＆チーフ制作をしてくださる方を募集！！在宅主婦も大歓迎♪
2025-01-16 22:40:45.611 | DEBUG    | __main__:scrape_jobs:256 - 本文: ...
2025-01-16 22:40:45.641 | INFO     | __main__:scrape_jobs:255 - 案件を取得: 報酬1500円✨【実績作りや、初心者の方OKです！】プロテインに関する記事作成依頼！
2025-01-16 22:40:45.641 | DEBUG    | __main__:scrape_jobs:256 - 本文: ...
2025-01-16 22:40:45.669 | INFO     | __main__:scrape_jobs:255 - 案件を取得: 【簡単継続案件！月15000円以上可能！】切り抜きショート動画の制作
2025-01-16 22:40:45.670 | DEBUG    | __main__:scrape_jobs:256 - 本文: ...
2025-01-16 22:40:45.703 | INFO     | __main__:scrape_jobs:255 - 案件を取得: 宣材撮影、グラビア撮影
2025-01-16 22:40:45.703 | DEBUG    | __main__:scrape_jobs:256 - 本文: ...
2025-01-16 22:40:45.735 | INFO     | __main__:scrape_jobs:255 - 案件を取得: 【継続案件！1本8000円！】YouTubeの動画編集！
2025-01-16 22:40:45.735 | DEBUG    | __main__:scrape_jobs:256 - 本文: ...
2025-01-16 22:40:45.769 | INFO     | __main__:scrape_jobs:255 - 案件を取得: 【これからどうしよう…】将来に向けたお金の計画についてアンケート
2025-01-16 22:40:45.770 | DEBUG    | __main__:scrape_jobs:256 - 本文: ...
2025-01-16 22:40:45.801 | INFO     | __main__:scrape_jobs:255 - 案件を取得: 特化ブログでおすすめのジャンルを教えて下さい。あわせてペルソナも考えて下さい。
2025-01-16 22:40:45.801 | DEBUG    | __main__:scrape_jobs:256 - 本文: ...
2025-01-16 22:40:45.831 | INFO     | __main__:scrape_jobs:255 - 案件を取得: ブログのファビコン作成依頼
2025-01-16 22:40:45.832 | DEBUG    | __main__:scrape_jobs:256 - 本文: ...
2025-01-16 22:40:45.861 | INFO     | __main__:scrape_jobs:255 - 案件を取得: 【実績作りに！初心者歓迎です！】人気のカフェのInstagram用投稿画像制作依頼について❤️
2025-01-16 22:40:45.861 | DEBUG    | __main__:scrape_jobs:256 - 本文: ...
2025-01-16 22:40:45.893 | INFO     | __main__:scrape_jobs:255 - 案件を取得: 【1本4000円！継続あり！】簡単スライド動画制作１
2025-01-16 22:40:45.894 | DEBUG    | __main__:scrape_jobs:256 - 本文: ...
2025-01-16 22:40:45.924 | INFO     | __main__:scrape_jobs:255 - 案件を取得: 【継続案件あり】商材（今回は枕）の販促用広告動画の撮影、編集、納品までを行うことのできるクリエイターさん募集
2025-01-16 22:40:45.924 | DEBUG    | __main__:scrape_jobs:256 - 本文: ...
2025-01-16 22:40:45.955 | INFO     | __main__:scrape_jobs:255 - 案件を取得: 【急募・決定後作業可能】ShopifyでのECサイト構築、カスタマイズあり
2025-01-16 22:40:45.956 | DEBUG    | __main__:scrape_jobs:256 - 本文: ...
2025-01-16 22:40:45.989 | INFO     | __main__:scrape_jobs:255 - 案件を取得: 【案件こなしながら自分のタイプも知りませんか？】MBTIに関する記事作成依頼！
2025-01-16 22:40:45.989 | DEBUG    | __main__:scrape_jobs:256 - 本文: ...
2025-01-16 22:40:46.022 | INFO     | __main__:scrape_jobs:255 - 案件を取得: 現行ECCUBEのリニューアルをしたいと思います！
2025-01-16 22:40:46.022 | DEBUG    | __main__:scrape_jobs:256 - 本文: ...
2025-01-16 22:40:46.053 | INFO     | __main__:scrape_jobs:255 - 案件を取得: 【成功報酬1万円】美容脱毛から医療脱毛へ勧めるLP。ヤフー広告のリスティング広告で掲載不可の審査のLPを掲載OKにしたい。
2025-01-16 22:40:46.053 | DEBUG    | __main__:scrape_jobs:256 - 本文: ...
2025-01-16 22:40:46.083 | INFO     | __main__:scrape_jobs:255 - 案件を取得: 【継続依頼アリ】営業先のリサーチ＆リスト作成
2025-01-16 22:40:46.083 | DEBUG    | __main__:scrape_jobs:256 - 本文: ...
2025-01-16 22:40:46.114 | INFO     | __main__:scrape_jobs:255 - 案件を取得: 【1本1500円〜】2ch感動系YouTubeショート動画の編集！【長期継続案件】
2025-01-16 22:40:46.114 | DEBUG    | __main__:scrape_jobs:256 - 本文: ...
2025-01-16 22:40:46.144 | INFO     | __main__:scrape_jobs:255 - 案件を取得: ️⭕️カンタン！実績つけます️!⭕️節分に関するアンケート(恵方巻き？豆まき？)
2025-01-16 22:40:46.145 | DEBUG    | __main__:scrape_jobs:256 - 本文: ...
2025-01-16 22:40:46.175 | INFO     | __main__:scrape_jobs:255 - 案件を取得: 【10分8,500円】女性YouTuberのサブチャンネル編集をお願いできる方を募集！
2025-01-16 22:40:46.175 | DEBUG    | __main__:scrape_jobs:256 - 本文: ...
2025-01-16 22:40:46.206 | INFO     | __main__:scrape_jobs:255 - 案件を取得: 【主婦の方歓迎！】大谷翔平選手のYouTube動画編集者さん募集！ディレクター昇格有【プロマネ有、長期依頼】！!！
2025-01-16 22:40:46.206 | DEBUG    | __main__:scrape_jobs:256 - 本文: ...
2025-01-16 22:40:46.237 | INFO     | __main__:scrape_jobs:255 - 案件を取得: 【ショート動画１本2500円】 不動産物件ルームツアーショート動画作成できる方を募集！
2025-01-16 22:40:46.238 | DEBUG    | __main__:scrape_jobs:256 - 本文: ...
2025-01-16 22:40:46.266 | INFO     | __main__:scrape_jobs:255 - 案件を取得: 【実績なくても挑戦OK！】旅行系のブログ記事書いてくださる方募集！
2025-01-16 22:40:46.266 | DEBUG    | __main__:scrape_jobs:256 - 本文: ...
2025-01-16 22:40:46.296 | INFO     | __main__:scrape_jobs:255 - 案件を取得: 【主婦の方歓迎！】大谷翔平選手のYouTube動画編集者さん募集！ディレクター昇格有【プロマネ有、長期依頼】
2025-01-16 22:40:46.296 | DEBUG    | __main__:scrape_jobs:256 - 本文: ...
2025-01-16 22:40:46.328 | INFO     | __main__:scrape_jobs:255 - 案件を取得: 【主婦の方歓迎！】大谷翔平選手のYouTube動画編集者さん募集！ディレクター昇格有【プロマネ有、長期依頼】！!
2025-01-16 22:40:46.328 | DEBUG    | __main__:scrape_jobs:256 - 本文: ...
2025-01-16 22:40:46.358 | INFO     | __main__:scrape_jobs:255 - 案件を取得: 僕の代わりに動画生成AIで画像を動画化してほしい
2025-01-16 22:40:46.358 | DEBUG    | __main__:scrape_jobs:256 - 本文: ...
2025-01-16 22:40:46.390 | INFO     | __main__:scrape_jobs:255 - 案件を取得: HP素材のための写真撮影・編集依頼
2025-01-16 22:40:46.390 | DEBUG    | __main__:scrape_jobs:256 - 本文: ...
2025-01-16 22:40:46.420 | INFO     | __main__:scrape_jobs:255 - 案件を取得: YouTubeサムネイル作成依頼【複数チャンネル】
2025-01-16 22:40:46.420 | DEBUG    | __main__:scrape_jobs:256 - 本文: ...
2025-01-16 22:40:46.421 | INFO     | __main__:scrape_jobs:271 - 57件の案件を取得
2025-01-16 22:40:46.427 | INFO     | __main__:save_jobs:303 - データを保存しました: crawled_data/jobs_20250116_224046.json, crawled_data/jobs_20250116_224046.csv
2025-01-16 22:40:46.514 | INFO     | __main__:run:315 - クローラーを終了します
