2025-01-16 22:57:51.366 | INFO     | __main__:setup_driver:85 - ChromeDriverの設定が完了しました
2025-01-16 22:57:51.367 | INFO     | __main__:login:103 - ログイン処理を開始
2025-01-16 22:57:52.431 | INFO     | __main__:login:105 - 現在のURL: https://crowdworks.jp/login
2025-01-16 22:57:54.439 | INFO     | __main__:login:112 - ログインフォームの要素を探索中...
2025-01-16 22:57:54.442 | INFO     | __main__:login:132 - ログインフォームの要素を発見
2025-01-16 22:57:56.455 | INFO     | __main__:login:156 - ログインボタンをクリック
2025-01-16 22:58:02.260 | INFO     | __main__:login:165 - ログイン後のURL: https://crowdworks.jp/dashboard
2025-01-16 22:58:02.263 | INFO     | __main__:login:167 - ログイン成功
2025-01-16 22:58:02.264 | INFO     | __main__:scrape_jobs:205 - 案件情報の取得を開始
2025-01-16 22:58:08.240 | INFO     | __main__:scrape_jobs:257 - 案件を取得: ⭐️女性限定募集⭐️自由な働きで主婦や未経験者も活躍中！ブランドショップのアシスタント業務を募集します！
2025-01-16 22:58:08.241 | DEBUG    | __main__:scrape_jobs:258 - 本文: 説明なし...
2025-01-16 22:58:08.276 | INFO     | __main__:scrape_jobs:257 - 案件を取得: 【主婦、未経験、初心者の方大歓迎】スカッと系の物語を考えれる方、シナリオ作成ができる方を募集しています！
2025-01-16 22:58:08.277 | DEBUG    | __main__:scrape_jobs:258 - 本文: 説明なし...
2025-01-16 22:58:08.312 | INFO     | __main__:scrape_jobs:257 - 案件を取得: 【完全在宅】反響営業/週5日自由シフト~女性の方活躍中~
2025-01-16 22:58:08.312 | DEBUG    | __main__:scrape_jobs:258 - 本文: 説明なし...
2025-01-16 22:58:08.349 | INFO     | __main__:scrape_jobs:257 - 案件を取得: 【YouTube漫画動画】1ページ単価1500円〜脚本をもとに作画していただけるイラストレーター様を大募集【過去実績問わず】
2025-01-16 22:58:08.349 | DEBUG    | __main__:scrape_jobs:258 - 本文: 説明なし...
2025-01-16 22:58:08.385 | INFO     | __main__:scrape_jobs:257 - 案件を取得: 【コーヒーカップのデザイン】プロダクトデザインをして頂ける方を募集します。
2025-01-16 22:58:08.385 | DEBUG    | __main__:scrape_jobs:258 - 本文: 説明なし...
2025-01-16 22:58:08.425 | INFO     | __main__:scrape_jobs:257 - 案件を取得: 【Canva×英語】ECの商品画像作成（デザイン初心者OK）
2025-01-16 22:58:08.425 | DEBUG    | __main__:scrape_jobs:258 - 本文: 説明なし...
2025-01-16 22:58:08.461 | INFO     | __main__:scrape_jobs:257 - 案件を取得: YouTubeの動画編集者を募集！Vrewで作業！〈初心者OK〉〈昼間の作業のため主婦の方も歓迎〉
2025-01-16 22:58:08.461 | DEBUG    | __main__:scrape_jobs:258 - 本文: 説明なし...
2025-01-16 22:58:08.493 | INFO     | __main__:scrape_jobs:257 - 案件を取得: 【高単価/1分あたり1,000～3,000円】VTuber切り抜きショート動画の編集者募集！
2025-01-16 22:58:08.493 | DEBUG    | __main__:scrape_jobs:258 - 本文: 説明なし...
2025-01-16 22:58:08.548 | INFO     | __main__:scrape_jobs:257 - 案件を取得: 【電子書籍：表紙デザイン募集】安心感のある表紙デザインのご提案をお願いします。
2025-01-16 22:58:08.548 | DEBUG    | __main__:scrape_jobs:258 - 本文: 説明なし...
2025-01-16 22:58:08.590 | INFO     | __main__:scrape_jobs:257 - 案件を取得: SNSのアカウント情報の編集作業
2025-01-16 22:58:08.590 | DEBUG    | __main__:scrape_jobs:258 - 本文: 説明なし...
2025-01-16 22:58:08.673 | INFO     | __main__:scrape_jobs:257 - 案件を取得: 女性・親子向け歯科医院のTOPページのデザイン
2025-01-16 22:58:08.673 | DEBUG    | __main__:scrape_jobs:258 - 本文: 説明なし...
2025-01-16 22:58:08.706 | INFO     | __main__:scrape_jobs:257 - 案件を取得: 「リアルテスト人生ゲーム」のコンセプト調査：みんなの意見を教えてください！
2025-01-16 22:58:08.707 | DEBUG    | __main__:scrape_jobs:258 - 本文: 説明なし...
2025-01-16 22:58:08.741 | INFO     | __main__:scrape_jobs:257 - 案件を取得: 【男性限定】卒論のためのアンケート
2025-01-16 22:58:08.741 | DEBUG    | __main__:scrape_jobs:258 - 本文: 説明なし...
2025-01-16 22:58:08.776 | INFO     | __main__:scrape_jobs:257 - 案件を取得: 省エネ計算業務をこれからやりたい人・できる人をお願いします。★未経験者可能です
2025-01-16 22:58:08.776 | DEBUG    | __main__:scrape_jobs:258 - 本文: 説明なし...
2025-01-16 22:58:08.808 | INFO     | __main__:scrape_jobs:257 - 案件を取得: 【完全在宅事務】【マニュアル有り】 時給1500円 昇給可！★20代向け転職支援サービスの事務スタッフ募集★未経験歓迎＾＾
2025-01-16 22:58:08.808 | DEBUG    | __main__:scrape_jobs:258 - 本文: 説明なし...
2025-01-16 22:58:08.843 | INFO     | __main__:scrape_jobs:257 - 案件を取得: 【単純作業】主婦歓迎！好きな時間に　簡単な事務　主婦が活躍しています。【完全在宅】
2025-01-16 22:58:08.843 | DEBUG    | __main__:scrape_jobs:258 - 本文: 説明なし...
2025-01-16 22:58:08.880 | INFO     | __main__:scrape_jobs:257 - 案件を取得: 【雑学系】簡単な動画編集
2025-01-16 22:58:08.880 | DEBUG    | __main__:scrape_jobs:258 - 本文: 説明なし...
2025-01-16 22:58:08.916 | INFO     | __main__:scrape_jobs:257 - 案件を取得: ★継続依頼あり★企業の問合せフォームへの入力代行作業のお仕事♪♪♪
2025-01-16 22:58:08.916 | DEBUG    | __main__:scrape_jobs:258 - 本文: 説明なし...
2025-01-16 22:58:08.952 | INFO     | __main__:scrape_jobs:257 - 案件を取得: ✨転職、退職を検討されている方へアンケート(経験者でも大丈夫です)【フォーム記入式⭐1件10円】✨
2025-01-16 22:58:08.952 | DEBUG    | __main__:scrape_jobs:258 - 本文: 説明なし...
2025-01-16 22:58:08.985 | INFO     | __main__:scrape_jobs:257 - 案件を取得: 【簡単・入力作業＆アンケートで400円】あなたの年収を教えてください（個人情報伏せ字でOK）【1/16募集スタート】
2025-01-16 22:58:08.985 | DEBUG    | __main__:scrape_jobs:258 - 本文: 説明なし...
2025-01-16 22:58:09.020 | INFO     | __main__:scrape_jobs:257 - 案件を取得: 【高単価・継続あり】YouTube動画編集・動画作成
2025-01-16 22:58:09.020 | DEBUG    | __main__:scrape_jobs:258 - 本文: 説明なし...
2025-01-16 22:58:09.053 | INFO     | __main__:scrape_jobs:257 - 案件を取得: 【急募！10名限定！】漫画「チンポマン」の感想を教えて下さい。
2025-01-16 22:58:09.053 | DEBUG    | __main__:scrape_jobs:258 - 本文: 説明なし...
2025-01-16 22:58:09.091 | INFO     | __main__:scrape_jobs:257 - 案件を取得: 【継続案件！1本2000円！】YouTubeショート動画の制作
2025-01-16 22:58:09.092 | DEBUG    | __main__:scrape_jobs:258 - 本文: 説明なし...
2025-01-16 22:58:09.129 | INFO     | __main__:scrape_jobs:257 - 案件を取得: 企業の情報収集を行っていただきたいです！マニュアル有
2025-01-16 22:58:09.129 | DEBUG    | __main__:scrape_jobs:258 - 本文: 説明なし...
2025-01-16 22:58:09.164 | INFO     | __main__:scrape_jobs:257 - 案件を取得: 【初心者大歓迎】ガールズチャンネルからスレを拾う簡単作業【台本作成】
2025-01-16 22:58:09.164 | DEBUG    | __main__:scrape_jobs:258 - 本文: 説明なし...
2025-01-16 22:58:09.200 | INFO     | __main__:scrape_jobs:257 - 案件を取得: 動画編集を始めたい方、スキルアップや実績作りを目指す方を募集中！【未経験OK！】報酬800円
2025-01-16 22:58:09.200 | DEBUG    | __main__:scrape_jobs:258 - 本文: 説明なし...
2025-01-16 22:58:09.236 | INFO     | __main__:scrape_jobs:257 - 案件を取得: 【1件500円！】施術経験がある✨美容クリニック・外科・皮膚科✨に関する経験談を教えてください【写真付きで+500円】
2025-01-16 22:58:09.237 | DEBUG    | __main__:scrape_jobs:258 - 本文: 説明なし...
2025-01-16 22:58:09.271 | INFO     | __main__:scrape_jobs:257 - 案件を取得: 【1本3,000円】YouTube漫画のあらすじを元にスカッと胸キュンするシナリオ作成！！継続発注有【経験者歓迎】
2025-01-16 22:58:09.271 | DEBUG    | __main__:scrape_jobs:258 - 本文: 説明なし...
2025-01-16 22:58:09.308 | INFO     | __main__:scrape_jobs:257 - 案件を取得: トップページのライティング
2025-01-16 22:58:09.308 | DEBUG    | __main__:scrape_jobs:258 - 本文: 説明なし...
2025-01-16 22:58:09.340 | INFO     | __main__:scrape_jobs:257 - 案件を取得: 占いアプリ『ケアプリ]』で、占ってもらったことある方。アンケートご協力ください。
2025-01-16 22:58:09.340 | DEBUG    | __main__:scrape_jobs:258 - 本文: 説明なし...
2025-01-16 22:58:09.373 | INFO     | __main__:scrape_jobs:257 - 案件を取得: 【類塾・馬渕以外】大阪の北野高校に通うならおすすめの塾はどれ？【アンケート】
2025-01-16 22:58:09.373 | DEBUG    | __main__:scrape_jobs:258 - 本文: 説明なし...
2025-01-16 22:58:09.407 | INFO     | __main__:scrape_jobs:257 - 案件を取得: ShopifyとGoogle Analytics 4（GA4）の連携・データドリブンアトリビューション設定サポート
2025-01-16 22:58:09.407 | DEBUG    | __main__:scrape_jobs:258 - 本文: 説明なし...
2025-01-16 22:58:09.440 | INFO     | __main__:scrape_jobs:257 - 案件を取得: 【未経験大歓迎／継続案件】Vrewで文字起こしできる方を募集します！【マニュアル＆サポートあり】
2025-01-16 22:58:09.440 | DEBUG    | __main__:scrape_jobs:258 - 本文: 説明なし...
2025-01-16 22:58:09.478 | INFO     | __main__:scrape_jobs:257 - 案件を取得: ✳︎1件10円アンケート⭐︎転職、退職を検討中の方に侑めます。(転職、退職経験者でも可能です)⭐︎(TTT)/✨
2025-01-16 22:58:09.478 | DEBUG    | __main__:scrape_jobs:258 - 本文: 説明なし...
2025-01-16 22:58:09.510 | INFO     | __main__:scrape_jobs:257 - 案件を取得: 求職者様へのインタビュー内容をまとめて、記事コンテンツ化をお願いいたします（インタビューは実施済です）
2025-01-16 22:58:09.510 | DEBUG    | __main__:scrape_jobs:258 - 本文: 説明なし...
2025-01-16 22:58:09.546 | INFO     | __main__:scrape_jobs:257 - 案件を取得: ＼インスタ投稿作成・インスタ運用できる方大募集／
2025-01-16 22:58:09.546 | DEBUG    | __main__:scrape_jobs:258 - 本文: 説明なし...
2025-01-16 22:58:09.584 | INFO     | __main__:scrape_jobs:257 - 案件を取得: 【初心者の方歓迎】YouTube長尺動画作成のお仕事
2025-01-16 22:58:09.584 | DEBUG    | __main__:scrape_jobs:258 - 本文: 説明なし...
2025-01-16 22:58:09.619 | INFO     | __main__:scrape_jobs:257 - 案件を取得: 《急募》TikTokのショート動画編集（継続案件）
2025-01-16 22:58:09.619 | DEBUG    | __main__:scrape_jobs:258 - 本文: 説明なし...
2025-01-16 22:58:09.658 | INFO     | __main__:scrape_jobs:257 - 案件を取得: SNSの裏方業務を募集します！(マニュアルあり、初心者OK) 月2万円お支払いします
2025-01-16 22:58:09.659 | DEBUG    | __main__:scrape_jobs:258 - 本文: 説明なし...
2025-01-16 22:58:09.694 | INFO     | __main__:scrape_jobs:257 - 案件を取得: YouTube動画、恋愛雑学系アニメ動画の台本制作
2025-01-16 22:58:09.694 | DEBUG    | __main__:scrape_jobs:258 - 本文: 説明なし...
2025-01-16 22:58:09.731 | INFO     | __main__:scrape_jobs:257 - 案件を取得: ✨渋い10円アンケート！資産運用、投資の意識調査について✳︎(tsmt);【フォーム記入式】✨
2025-01-16 22:58:09.731 | DEBUG    | __main__:scrape_jobs:258 - 本文: 説明なし...
2025-01-16 22:58:09.767 | INFO     | __main__:scrape_jobs:257 - 案件を取得: 【完全在宅】リユース古着(セットアップ)のアクセサリー/ラペルピン＆チーフ制作をしてくださる方を募集！！在宅主婦も大歓迎♪
2025-01-16 22:58:09.767 | DEBUG    | __main__:scrape_jobs:258 - 本文: 説明なし...
2025-01-16 22:58:09.801 | INFO     | __main__:scrape_jobs:257 - 案件を取得: 報酬1500円✨【実績作りや、初心者の方OKです！】プロテインに関する記事作成依頼！
2025-01-16 22:58:09.802 | DEBUG    | __main__:scrape_jobs:258 - 本文: 説明なし...
2025-01-16 22:58:09.837 | INFO     | __main__:scrape_jobs:257 - 案件を取得: 【簡単継続案件！月15000円以上可能！】切り抜きショート動画の制作
2025-01-16 22:58:09.838 | DEBUG    | __main__:scrape_jobs:258 - 本文: 説明なし...
2025-01-16 22:58:09.875 | INFO     | __main__:scrape_jobs:257 - 案件を取得: 宣材撮影、グラビア撮影
2025-01-16 22:58:09.875 | DEBUG    | __main__:scrape_jobs:258 - 本文: 説明なし...
2025-01-16 22:58:09.914 | INFO     | __main__:scrape_jobs:257 - 案件を取得: 【継続案件！1本8000円！】YouTubeの動画編集！
2025-01-16 22:58:09.914 | DEBUG    | __main__:scrape_jobs:258 - 本文: 説明なし...
2025-01-16 22:58:09.951 | INFO     | __main__:scrape_jobs:257 - 案件を取得: 【これからどうしよう…】将来に向けたお金の計画についてアンケート
2025-01-16 22:58:09.952 | DEBUG    | __main__:scrape_jobs:258 - 本文: 説明なし...
2025-01-16 22:58:09.989 | INFO     | __main__:scrape_jobs:257 - 案件を取得: 特化ブログでおすすめのジャンルを教えて下さい。あわせてペルソナも考えて下さい。
2025-01-16 22:58:09.989 | DEBUG    | __main__:scrape_jobs:258 - 本文: 説明なし...
2025-01-16 22:58:10.020 | INFO     | __main__:scrape_jobs:257 - 案件を取得: ブログのファビコン作成依頼
2025-01-16 22:58:10.020 | DEBUG    | __main__:scrape_jobs:258 - 本文: 説明なし...
2025-01-16 22:58:10.059 | INFO     | __main__:scrape_jobs:257 - 案件を取得: 【実績作りに！初心者歓迎です！】人気のカフェのInstagram用投稿画像制作依頼について❤️
2025-01-16 22:58:10.059 | DEBUG    | __main__:scrape_jobs:258 - 本文: 説明なし...
2025-01-16 22:58:10.096 | INFO     | __main__:scrape_jobs:257 - 案件を取得: 【1本4000円！継続あり！】簡単スライド動画制作１
2025-01-16 22:58:10.096 | DEBUG    | __main__:scrape_jobs:258 - 本文: 説明なし...
2025-01-16 22:58:10.128 | INFO     | __main__:scrape_jobs:257 - 案件を取得: 【継続案件あり】商材（今回は枕）の販促用広告動画の撮影、編集、納品までを行うことのできるクリエイターさん募集
2025-01-16 22:58:10.128 | DEBUG    | __main__:scrape_jobs:258 - 本文: 説明なし...
2025-01-16 22:58:10.162 | INFO     | __main__:scrape_jobs:257 - 案件を取得: 【急募・決定後作業可能】ShopifyでのECサイト構築、カスタマイズあり
2025-01-16 22:58:10.162 | DEBUG    | __main__:scrape_jobs:258 - 本文: 説明なし...
2025-01-16 22:58:10.197 | INFO     | __main__:scrape_jobs:257 - 案件を取得: 【案件こなしながら自分のタイプも知りませんか？】MBTIに関する記事作成依頼！
2025-01-16 22:58:10.198 | DEBUG    | __main__:scrape_jobs:258 - 本文: 説明なし...
2025-01-16 22:58:10.233 | INFO     | __main__:scrape_jobs:257 - 案件を取得: 現行ECCUBEのリニューアルをしたいと思います！
2025-01-16 22:58:10.233 | DEBUG    | __main__:scrape_jobs:258 - 本文: 説明なし...
2025-01-16 22:58:10.269 | INFO     | __main__:scrape_jobs:257 - 案件を取得: 【成功報酬1万円】美容脱毛から医療脱毛へ勧めるLP。ヤフー広告のリスティング広告で掲載不可の審査のLPを掲載OKにしたい。
2025-01-16 22:58:10.269 | DEBUG    | __main__:scrape_jobs:258 - 本文: 説明なし...
2025-01-16 22:58:10.300 | INFO     | __main__:scrape_jobs:257 - 案件を取得: 【継続依頼アリ】営業先のリサーチ＆リスト作成
2025-01-16 22:58:10.300 | DEBUG    | __main__:scrape_jobs:258 - 本文: 説明なし...
2025-01-16 22:58:10.301 | INFO     | __main__:scrape_jobs:264 - 57件の案件を取得
2025-01-16 22:58:10.309 | INFO     | __main__:save_jobs:295 - データを保存しました: crawled_data/jobs_20250116_225810.json, crawled_data/jobs_20250116_225810.csv
2025-01-16 22:58:10.403 | INFO     | __main__:run:307 - クローラーを終了します
