2025-01-16 22:45:45.712 | INFO     | __main__:setup_driver:85 - ChromeDriverの設定が完了しました
2025-01-16 22:45:45.714 | INFO     | __main__:login:103 - ログイン処理を開始
2025-01-16 22:45:47.292 | INFO     | __main__:login:105 - 現在のURL: https://crowdworks.jp/login
2025-01-16 22:45:49.295 | INFO     | __main__:login:112 - ログインフォームの要素を探索中...
2025-01-16 22:45:49.300 | INFO     | __main__:login:132 - ログインフォームの要素を発見
2025-01-16 22:45:51.316 | INFO     | __main__:login:156 - ログインボタンをクリック
2025-01-16 22:45:58.231 | INFO     | __main__:login:165 - ログイン後のURL: https://crowdworks.jp/dashboard
2025-01-16 22:45:58.233 | INFO     | __main__:login:167 - ログイン成功
2025-01-16 22:45:58.233 | INFO     | __main__:scrape_jobs:205 - 案件情報の取得を開始
2025-01-16 22:46:03.275 | INFO     | __main__:scrape_jobs:258 - 案件を取得: 【年齢経験不問】バナー作成
2025-01-16 22:46:03.276 | DEBUG    | __main__:scrape_jobs:259 - 本文: ...
2025-01-16 22:46:03.308 | INFO     | __main__:scrape_jobs:258 - 案件を取得: 【在宅ワーク】スキマ時間で完了！1日たった15分×7日間、ゲームプレイで簡単データ収集♪
2025-01-16 22:46:03.309 | DEBUG    | __main__:scrape_jobs:259 - 本文: ...
2025-01-16 22:46:03.356 | INFO     | __main__:scrape_jobs:258 - 案件を取得: 月で8万円以上も可能！！主婦歓迎！！1件50〜100円　超簡単Xでリスト作成
2025-01-16 22:46:03.356 | DEBUG    | __main__:scrape_jobs:259 - 本文: ...
2025-01-16 22:46:03.393 | INFO     | __main__:scrape_jobs:258 - 案件を取得: 女性・親子向け歯科医院のTOPページのデザイン
2025-01-16 22:46:03.394 | DEBUG    | __main__:scrape_jobs:259 - 本文: ...
2025-01-16 22:46:03.430 | INFO     | __main__:scrape_jobs:258 - 案件を取得: 「リアルテスト人生ゲーム」のコンセプト調査：みんなの意見を教えてください！
2025-01-16 22:46:03.430 | DEBUG    | __main__:scrape_jobs:259 - 本文: ...
2025-01-16 22:46:03.463 | INFO     | __main__:scrape_jobs:258 - 案件を取得: 【男性限定】卒論のためのアンケート
2025-01-16 22:46:03.463 | DEBUG    | __main__:scrape_jobs:259 - 本文: ...
2025-01-16 22:46:03.494 | INFO     | __main__:scrape_jobs:258 - 案件を取得: 【単純作業】主婦歓迎！好きな時間に　簡単な事務　主婦が活躍しています。【完全在宅】
2025-01-16 22:46:03.494 | DEBUG    | __main__:scrape_jobs:259 - 本文: ...
2025-01-16 22:46:03.524 | INFO     | __main__:scrape_jobs:258 - 案件を取得: 【雑学系】簡単な動画編集
2025-01-16 22:46:03.524 | DEBUG    | __main__:scrape_jobs:259 - 本文: ...
2025-01-16 22:46:03.556 | INFO     | __main__:scrape_jobs:258 - 案件を取得: ★継続依頼あり★企業の問合せフォームへの入力代行作業のお仕事♪♪♪
2025-01-16 22:46:03.556 | DEBUG    | __main__:scrape_jobs:259 - 本文: ...
2025-01-16 22:46:03.585 | INFO     | __main__:scrape_jobs:258 - 案件を取得: ✨転職、退職を検討されている方へアンケート(経験者でも大丈夫です)【フォーム記入式⭐1件10円】✨
2025-01-16 22:46:03.585 | DEBUG    | __main__:scrape_jobs:259 - 本文: ...
2025-01-16 22:46:03.614 | INFO     | __main__:scrape_jobs:258 - 案件を取得: 【簡単・入力作業＆アンケートで400円】あなたの年収を教えてください（個人情報伏せ字でOK）【1/16募集スタート】
2025-01-16 22:46:03.614 | DEBUG    | __main__:scrape_jobs:259 - 本文: ...
2025-01-16 22:46:03.648 | INFO     | __main__:scrape_jobs:258 - 案件を取得: 【高単価・継続あり】YouTube動画編集・動画作成
2025-01-16 22:46:03.648 | DEBUG    | __main__:scrape_jobs:259 - 本文: ...
2025-01-16 22:46:03.679 | INFO     | __main__:scrape_jobs:258 - 案件を取得: 【急募！10名限定！】漫画「チンポマン」の感想を教えて下さい。
2025-01-16 22:46:03.679 | DEBUG    | __main__:scrape_jobs:259 - 本文: ...
2025-01-16 22:46:03.818 | INFO     | __main__:scrape_jobs:258 - 案件を取得: パーソナルトレーニングジム&サウナ施設のロゴ制作のお願い
2025-01-16 22:46:03.818 | DEBUG    | __main__:scrape_jobs:259 - 本文: ...
2025-01-16 22:46:03.849 | INFO     | __main__:scrape_jobs:258 - 案件を取得: 「ことばで人をつなぐ 日本語の学び舎」という企業イメージを表すロゴデザイン
2025-01-16 22:46:03.849 | DEBUG    | __main__:scrape_jobs:259 - 本文: ...
2025-01-16 22:46:03.880 | INFO     | __main__:scrape_jobs:258 - 案件を取得: 【継続案件！1本2000円！】YouTubeショート動画の制作
2025-01-16 22:46:03.880 | DEBUG    | __main__:scrape_jobs:259 - 本文: ...
2025-01-16 22:46:03.910 | INFO     | __main__:scrape_jobs:258 - 案件を取得: 企業の情報収集を行っていただきたいです！マニュアル有
2025-01-16 22:46:03.910 | DEBUG    | __main__:scrape_jobs:259 - 本文: ...
2025-01-16 22:46:03.941 | INFO     | __main__:scrape_jobs:258 - 案件を取得: 【初心者大歓迎】ガールズチャンネルからスレを拾う簡単作業【台本作成】
2025-01-16 22:46:03.941 | DEBUG    | __main__:scrape_jobs:259 - 本文: ...
2025-01-16 22:46:03.969 | INFO     | __main__:scrape_jobs:258 - 案件を取得: 【1本3,000円】YouTube漫画のあらすじを元にスカッと胸キュンするシナリオ作成！！継続発注有【経験者歓迎】
2025-01-16 22:46:03.970 | DEBUG    | __main__:scrape_jobs:259 - 本文: ...
2025-01-16 22:46:04.000 | INFO     | __main__:scrape_jobs:258 - 案件を取得: トップページのライティング
2025-01-16 22:46:04.000 | DEBUG    | __main__:scrape_jobs:259 - 本文: ...
2025-01-16 22:46:04.029 | INFO     | __main__:scrape_jobs:258 - 案件を取得: 占いアプリ『ケアプリ]』で、占ってもらったことある方。アンケートご協力ください。
2025-01-16 22:46:04.029 | DEBUG    | __main__:scrape_jobs:259 - 本文: ...
2025-01-16 22:46:04.061 | INFO     | __main__:scrape_jobs:258 - 案件を取得: 【類塾・馬渕以外】大阪の北野高校に通うならおすすめの塾はどれ？【アンケート】
2025-01-16 22:46:04.061 | DEBUG    | __main__:scrape_jobs:259 - 本文: ...
2025-01-16 22:46:04.090 | INFO     | __main__:scrape_jobs:258 - 案件を取得: ShopifyとGoogle Analytics 4（GA4）の連携・データドリブンアトリビューション設定サポート
2025-01-16 22:46:04.090 | DEBUG    | __main__:scrape_jobs:259 - 本文: ...
2025-01-16 22:46:04.142 | INFO     | __main__:scrape_jobs:258 - 案件を取得: 【未経験大歓迎／継続案件】Vrewで文字起こしできる方を募集します！【マニュアル＆サポートあり】
2025-01-16 22:46:04.142 | DEBUG    | __main__:scrape_jobs:259 - 本文: ...
2025-01-16 22:46:04.173 | INFO     | __main__:scrape_jobs:258 - 案件を取得: ✳︎1件10円アンケート⭐︎転職、退職を検討中の方に侑めます。(転職、退職経験者でも可能です)⭐︎(TTT)/✨
2025-01-16 22:46:04.173 | DEBUG    | __main__:scrape_jobs:259 - 本文: ...
2025-01-16 22:46:04.203 | INFO     | __main__:scrape_jobs:258 - 案件を取得: 同人作家「ニート社長」の名刺デザイン
2025-01-16 22:46:04.203 | DEBUG    | __main__:scrape_jobs:259 - 本文: ...
2025-01-16 22:46:04.234 | INFO     | __main__:scrape_jobs:258 - 案件を取得: 【副業！経験者優遇！主婦&未経験者も大歓迎です】海外物販サイトeBayでの出品商品リサーチ業務 ※研修もしっかり行います
2025-01-16 22:46:04.234 | DEBUG    | __main__:scrape_jobs:259 - 本文: ...
2025-01-16 22:46:04.264 | INFO     | __main__:scrape_jobs:258 - 案件を取得: 求職者様へのインタビュー内容をまとめて、記事コンテンツ化をお願いいたします（インタビューは実施済です）
2025-01-16 22:46:04.264 | DEBUG    | __main__:scrape_jobs:259 - 本文: ...
2025-01-16 22:46:04.299 | INFO     | __main__:scrape_jobs:258 - 案件を取得: ＼インスタ投稿作成・インスタ運用できる方大募集／
2025-01-16 22:46:04.299 | DEBUG    | __main__:scrape_jobs:259 - 本文: ...
2025-01-16 22:46:04.331 | INFO     | __main__:scrape_jobs:258 - 案件を取得: 【初心者の方歓迎】YouTube長尺動画作成のお仕事
2025-01-16 22:46:04.331 | DEBUG    | __main__:scrape_jobs:259 - 本文: ...
2025-01-16 22:46:04.361 | INFO     | __main__:scrape_jobs:258 - 案件を取得: 《急募》TikTokのショート動画編集（継続案件）
2025-01-16 22:46:04.361 | DEBUG    | __main__:scrape_jobs:259 - 本文: ...
2025-01-16 22:46:04.391 | INFO     | __main__:scrape_jobs:258 - 案件を取得: SNSの裏方業務を募集します！(マニュアルあり、初心者OK) 月2万円お支払いします
2025-01-16 22:46:04.392 | DEBUG    | __main__:scrape_jobs:259 - 本文: ...
2025-01-16 22:46:04.422 | INFO     | __main__:scrape_jobs:258 - 案件を取得: YouTube動画、恋愛雑学系アニメ動画の台本制作
2025-01-16 22:46:04.422 | DEBUG    | __main__:scrape_jobs:259 - 本文: ...
2025-01-16 22:46:04.451 | INFO     | __main__:scrape_jobs:258 - 案件を取得: ✨渋い10円アンケート！資産運用、投資の意識調査について✳︎(tsmt);【フォーム記入式】✨
2025-01-16 22:46:04.451 | DEBUG    | __main__:scrape_jobs:259 - 本文: ...
2025-01-16 22:46:04.482 | INFO     | __main__:scrape_jobs:258 - 案件を取得: 【完全在宅】リユース古着(セットアップ)のアクセサリー/ラペルピン＆チーフ制作をしてくださる方を募集！！在宅主婦も大歓迎♪
2025-01-16 22:46:04.482 | DEBUG    | __main__:scrape_jobs:259 - 本文: ...
2025-01-16 22:46:04.511 | INFO     | __main__:scrape_jobs:258 - 案件を取得: 報酬1500円✨【実績作りや、初心者の方OKです！】プロテインに関する記事作成依頼！
2025-01-16 22:46:04.512 | DEBUG    | __main__:scrape_jobs:259 - 本文: ...
2025-01-16 22:46:04.542 | INFO     | __main__:scrape_jobs:258 - 案件を取得: 【簡単継続案件！月15000円以上可能！】切り抜きショート動画の制作
2025-01-16 22:46:04.542 | DEBUG    | __main__:scrape_jobs:259 - 本文: ...
2025-01-16 22:46:04.572 | INFO     | __main__:scrape_jobs:258 - 案件を取得: 宣材撮影、グラビア撮影
2025-01-16 22:46:04.572 | DEBUG    | __main__:scrape_jobs:259 - 本文: ...
2025-01-16 22:46:04.602 | INFO     | __main__:scrape_jobs:258 - 案件を取得: 【継続案件！1本8000円！】YouTubeの動画編集！
2025-01-16 22:46:04.602 | DEBUG    | __main__:scrape_jobs:259 - 本文: ...
2025-01-16 22:46:04.632 | INFO     | __main__:scrape_jobs:258 - 案件を取得: 【これからどうしよう…】将来に向けたお金の計画についてアンケート
2025-01-16 22:46:04.633 | DEBUG    | __main__:scrape_jobs:259 - 本文: ...
2025-01-16 22:46:04.662 | INFO     | __main__:scrape_jobs:258 - 案件を取得: 特化ブログでおすすめのジャンルを教えて下さい。あわせてペルソナも考えて下さい。
2025-01-16 22:46:04.662 | DEBUG    | __main__:scrape_jobs:259 - 本文: ...
2025-01-16 22:46:04.692 | INFO     | __main__:scrape_jobs:258 - 案件を取得: ブログのファビコン作成依頼
2025-01-16 22:46:04.692 | DEBUG    | __main__:scrape_jobs:259 - 本文: ...
2025-01-16 22:46:04.722 | INFO     | __main__:scrape_jobs:258 - 案件を取得: 【実績作りに！初心者歓迎です！】人気のカフェのInstagram用投稿画像制作依頼について❤️
2025-01-16 22:46:04.722 | DEBUG    | __main__:scrape_jobs:259 - 本文: ...
2025-01-16 22:46:04.751 | INFO     | __main__:scrape_jobs:258 - 案件を取得: 【1本4000円！継続あり！】簡単スライド動画制作１
2025-01-16 22:46:04.751 | DEBUG    | __main__:scrape_jobs:259 - 本文: ...
2025-01-16 22:46:04.782 | INFO     | __main__:scrape_jobs:258 - 案件を取得: 【継続案件あり】商材（今回は枕）の販促用広告動画の撮影、編集、納品までを行うことのできるクリエイターさん募集
2025-01-16 22:46:04.782 | DEBUG    | __main__:scrape_jobs:259 - 本文: ...
2025-01-16 22:46:04.812 | INFO     | __main__:scrape_jobs:258 - 案件を取得: 【急募・決定後作業可能】ShopifyでのECサイト構築、カスタマイズあり
2025-01-16 22:46:04.812 | DEBUG    | __main__:scrape_jobs:259 - 本文: ...
2025-01-16 22:46:04.842 | INFO     | __main__:scrape_jobs:258 - 案件を取得: 【案件こなしながら自分のタイプも知りませんか？】MBTIに関する記事作成依頼！
2025-01-16 22:46:04.842 | DEBUG    | __main__:scrape_jobs:259 - 本文: ...
2025-01-16 22:46:04.872 | INFO     | __main__:scrape_jobs:258 - 案件を取得: 現行ECCUBEのリニューアルをしたいと思います！
2025-01-16 22:46:04.872 | DEBUG    | __main__:scrape_jobs:259 - 本文: ...
2025-01-16 22:46:04.908 | INFO     | __main__:scrape_jobs:258 - 案件を取得: 【成功報酬1万円】美容脱毛から医療脱毛へ勧めるLP。ヤフー広告のリスティング広告で掲載不可の審査のLPを掲載OKにしたい。
2025-01-16 22:46:04.908 | DEBUG    | __main__:scrape_jobs:259 - 本文: ...
2025-01-16 22:46:04.937 | INFO     | __main__:scrape_jobs:258 - 案件を取得: 【継続依頼アリ】営業先のリサーチ＆リスト作成
2025-01-16 22:46:04.937 | DEBUG    | __main__:scrape_jobs:259 - 本文: ...
2025-01-16 22:46:04.967 | INFO     | __main__:scrape_jobs:258 - 案件を取得: 【1本1500円〜】2ch感動系YouTubeショート動画の編集！【長期継続案件】
2025-01-16 22:46:04.967 | DEBUG    | __main__:scrape_jobs:259 - 本文: ...
2025-01-16 22:46:04.998 | INFO     | __main__:scrape_jobs:258 - 案件を取得: ️⭕️カンタン！実績つけます️!⭕️節分に関するアンケート(恵方巻き？豆まき？)
2025-01-16 22:46:04.998 | DEBUG    | __main__:scrape_jobs:259 - 本文: ...
2025-01-16 22:46:05.027 | INFO     | __main__:scrape_jobs:258 - 案件を取得: 【10分8,500円】女性YouTuberのサブチャンネル編集をお願いできる方を募集！
2025-01-16 22:46:05.027 | DEBUG    | __main__:scrape_jobs:259 - 本文: ...
2025-01-16 22:46:05.059 | INFO     | __main__:scrape_jobs:258 - 案件を取得: 【主婦の方歓迎！】大谷翔平選手のYouTube動画編集者さん募集！ディレクター昇格有【プロマネ有、長期依頼】！!！
2025-01-16 22:46:05.059 | DEBUG    | __main__:scrape_jobs:259 - 本文: ...
2025-01-16 22:46:05.089 | INFO     | __main__:scrape_jobs:258 - 案件を取得: 【ショート動画１本2500円】 不動産物件ルームツアーショート動画作成できる方を募集！
2025-01-16 22:46:05.089 | DEBUG    | __main__:scrape_jobs:259 - 本文: ...
2025-01-16 22:46:05.118 | INFO     | __main__:scrape_jobs:258 - 案件を取得: 【実績なくても挑戦OK！】旅行系のブログ記事書いてくださる方募集！
2025-01-16 22:46:05.118 | DEBUG    | __main__:scrape_jobs:259 - 本文: ...
2025-01-16 22:46:05.147 | INFO     | __main__:scrape_jobs:258 - 案件を取得: 【主婦の方歓迎！】大谷翔平選手のYouTube動画編集者さん募集！ディレクター昇格有【プロマネ有、長期依頼】
2025-01-16 22:46:05.147 | DEBUG    | __main__:scrape_jobs:259 - 本文: ...
2025-01-16 22:46:05.147 | INFO     | __main__:scrape_jobs:274 - 57件の案件を取得
2025-01-16 22:46:05.155 | INFO     | __main__:save_jobs:306 - データを保存しました: crawled_data/jobs_20250116_224605.json, crawled_data/jobs_20250116_224605.csv
2025-01-16 22:46:05.245 | INFO     | __main__:run:318 - クローラーを終了します
