2025-01-16 23:02:53.929 | INFO     | __main__:setup_driver:85 - ChromeDriverの設定が完了しました
2025-01-16 23:02:53.931 | INFO     | __main__:login:103 - ログイン処理を開始
2025-01-16 23:02:55.014 | INFO     | __main__:login:105 - 現在のURL: https://crowdworks.jp/login
2025-01-16 23:02:57.020 | INFO     | __main__:login:112 - ログインフォームの要素を探索中...
2025-01-16 23:02:57.031 | INFO     | __main__:login:132 - ログインフォームの要素を発見
2025-01-16 23:02:59.049 | INFO     | __main__:login:156 - ログインボタンをクリック
2025-01-16 23:03:04.874 | INFO     | __main__:login:165 - ログイン後のURL: https://crowdworks.jp/dashboard
2025-01-16 23:03:04.878 | INFO     | __main__:login:167 - ログイン成功
2025-01-16 23:03:04.878 | INFO     | __main__:scrape_jobs:205 - 案件情報の取得を開始
2025-01-16 23:03:10.777 | INFO     | __main__:scrape_jobs:257 - 案件を取得: ビジネス系YouTubeチャンネルの動画編集者さん募集！
2025-01-16 23:03:10.778 | DEBUG    | __main__:scrape_jobs:258 - 本文: 説明なし...
2025-01-16 23:03:10.814 | INFO     | __main__:scrape_jobs:257 - 案件を取得: 【これから動画編集で食べていきたいと考えている方！】ゲーム好きな方！初心者ok！VtuberのYouTube編集 学生大歓迎
2025-01-16 23:03:10.814 | DEBUG    | __main__:scrape_jobs:258 - 本文: 説明なし...
2025-01-16 23:03:10.850 | INFO     | __main__:scrape_jobs:257 - 案件を取得: 実績付けます！大量募集【20~39歳女性限定】かんたんメッセージお仕事　PC不要・スマホのみで可能！
2025-01-16 23:03:10.851 | DEBUG    | __main__:scrape_jobs:258 - 本文: 説明なし...
2025-01-16 23:03:10.884 | INFO     | __main__:scrape_jobs:257 - 案件を取得: 【YouTube漫画動画】1ページ単価1500円〜脚本をもとに作画していただけるイラストレーター様を大募集【過去実績問わず】
2025-01-16 23:03:10.884 | DEBUG    | __main__:scrape_jobs:258 - 本文: 説明なし...
2025-01-16 23:03:10.921 | INFO     | __main__:scrape_jobs:257 - 案件を取得: 【コーヒーカップのデザイン】プロダクトデザインをして頂ける方を募集します。
2025-01-16 23:03:10.921 | DEBUG    | __main__:scrape_jobs:258 - 本文: 説明なし...
2025-01-16 23:03:10.956 | INFO     | __main__:scrape_jobs:257 - 案件を取得: 【Canva×英語】ECの商品画像作成（デザイン初心者OK）
2025-01-16 23:03:10.956 | DEBUG    | __main__:scrape_jobs:258 - 本文: 説明なし...
2025-01-16 23:03:10.996 | INFO     | __main__:scrape_jobs:257 - 案件を取得: YouTubeの動画編集者を募集！Vrewで作業！〈初心者OK〉〈昼間の作業のため主婦の方も歓迎〉
2025-01-16 23:03:10.996 | DEBUG    | __main__:scrape_jobs:258 - 本文: 説明なし...
2025-01-16 23:03:11.035 | INFO     | __main__:scrape_jobs:257 - 案件を取得: 【高単価/1分あたり1,000～3,000円】VTuber切り抜きショート動画の編集者募集！
2025-01-16 23:03:11.035 | DEBUG    | __main__:scrape_jobs:258 - 本文: 説明なし...
2025-01-16 23:03:11.070 | INFO     | __main__:scrape_jobs:257 - 案件を取得: 【電子書籍：表紙デザイン募集】安心感のある表紙デザインのご提案をお願いします。
2025-01-16 23:03:11.070 | DEBUG    | __main__:scrape_jobs:258 - 本文: 説明なし...
2025-01-16 23:03:11.107 | INFO     | __main__:scrape_jobs:257 - 案件を取得: SNSのアカウント情報の編集作業
2025-01-16 23:03:11.107 | DEBUG    | __main__:scrape_jobs:258 - 本文: 説明なし...
2025-01-16 23:03:11.146 | INFO     | __main__:scrape_jobs:257 - 案件を取得: 女性・親子向け歯科医院のTOPページのデザイン
2025-01-16 23:03:11.146 | DEBUG    | __main__:scrape_jobs:258 - 本文: 説明なし...
2025-01-16 23:03:11.180 | INFO     | __main__:scrape_jobs:257 - 案件を取得: 「リアルテスト人生ゲーム」のコンセプト調査：みんなの意見を教えてください！
2025-01-16 23:03:11.180 | DEBUG    | __main__:scrape_jobs:258 - 本文: 説明なし...
2025-01-16 23:03:11.213 | INFO     | __main__:scrape_jobs:257 - 案件を取得: 【男性限定】卒論のためのアンケート
2025-01-16 23:03:11.213 | DEBUG    | __main__:scrape_jobs:258 - 本文: 説明なし...
2025-01-16 23:03:11.249 | INFO     | __main__:scrape_jobs:257 - 案件を取得: 【ポートフォリオ作成に最適！/報酬1,000円】初心者歓迎！動画編集に挑戦したい方・実績を積みたい方にぴったりのお仕事
2025-01-16 23:03:11.249 | DEBUG    | __main__:scrape_jobs:258 - 本文: 説明なし...
2025-01-16 23:03:11.282 | INFO     | __main__:scrape_jobs:257 - 案件を取得: 副業からフリーランスまで！柔軟に働ける営業代行のお仕事！
2025-01-16 23:03:11.282 | DEBUG    | __main__:scrape_jobs:258 - 本文: 説明なし...
2025-01-16 23:03:11.319 | INFO     | __main__:scrape_jobs:257 - 案件を取得: 【単純作業】主婦歓迎！好きな時間に　簡単な事務　主婦が活躍しています。【完全在宅】
2025-01-16 23:03:11.319 | DEBUG    | __main__:scrape_jobs:258 - 本文: 説明なし...
2025-01-16 23:03:11.356 | INFO     | __main__:scrape_jobs:257 - 案件を取得: 【雑学系】簡単な動画編集
2025-01-16 23:03:11.356 | DEBUG    | __main__:scrape_jobs:258 - 本文: 説明なし...
2025-01-16 23:03:11.390 | INFO     | __main__:scrape_jobs:257 - 案件を取得: ★継続依頼あり★企業の問合せフォームへの入力代行作業のお仕事♪♪♪
2025-01-16 23:03:11.390 | DEBUG    | __main__:scrape_jobs:258 - 本文: 説明なし...
2025-01-16 23:03:11.426 | INFO     | __main__:scrape_jobs:257 - 案件を取得: ✨転職、退職を検討されている方へアンケート(経験者でも大丈夫です)【フォーム記入式⭐1件10円】✨
2025-01-16 23:03:11.427 | DEBUG    | __main__:scrape_jobs:258 - 本文: 説明なし...
2025-01-16 23:03:11.489 | INFO     | __main__:scrape_jobs:257 - 案件を取得: 【簡単・入力作業＆アンケートで400円】あなたの年収を教えてください（個人情報伏せ字でOK）【1/16募集スタート】
2025-01-16 23:03:11.489 | DEBUG    | __main__:scrape_jobs:258 - 本文: 説明なし...
2025-01-16 23:03:11.527 | INFO     | __main__:scrape_jobs:257 - 案件を取得: 【高単価・継続あり】YouTube動画編集・動画作成
2025-01-16 23:03:11.527 | DEBUG    | __main__:scrape_jobs:258 - 本文: 説明なし...
2025-01-16 23:03:11.560 | INFO     | __main__:scrape_jobs:257 - 案件を取得: 【急募！10名限定！】漫画「チンポマン」の感想を教えて下さい。
2025-01-16 23:03:11.560 | DEBUG    | __main__:scrape_jobs:258 - 本文: 説明なし...
2025-01-16 23:03:11.596 | INFO     | __main__:scrape_jobs:257 - 案件を取得: 【継続案件！1本2000円！】YouTubeショート動画の制作
2025-01-16 23:03:11.596 | DEBUG    | __main__:scrape_jobs:258 - 本文: 説明なし...
2025-01-16 23:03:11.630 | INFO     | __main__:scrape_jobs:257 - 案件を取得: 企業の情報収集を行っていただきたいです！マニュアル有
2025-01-16 23:03:11.630 | DEBUG    | __main__:scrape_jobs:258 - 本文: 説明なし...
2025-01-16 23:03:11.669 | INFO     | __main__:scrape_jobs:257 - 案件を取得: 【初心者大歓迎】ガールズチャンネルからスレを拾う簡単作業【台本作成】
2025-01-16 23:03:11.669 | DEBUG    | __main__:scrape_jobs:258 - 本文: 説明なし...
2025-01-16 23:03:11.704 | INFO     | __main__:scrape_jobs:257 - 案件を取得: 同人作家「ニート社長」の名刺デザイン
2025-01-16 23:03:11.704 | DEBUG    | __main__:scrape_jobs:258 - 本文: 説明なし...
2025-01-16 23:03:11.739 | INFO     | __main__:scrape_jobs:257 - 案件を取得: 【未経験歓迎！】完全在宅×自由な稼働時間で子育てママさん大活躍！
2025-01-16 23:03:11.739 | DEBUG    | __main__:scrape_jobs:258 - 本文: 説明なし...
2025-01-16 23:03:11.771 | INFO     | __main__:scrape_jobs:257 - 案件を取得: 【1本3,000円】YouTube漫画のあらすじを元にスカッと胸キュンするシナリオ作成！！継続発注有【経験者歓迎】
2025-01-16 23:03:11.772 | DEBUG    | __main__:scrape_jobs:258 - 本文: 説明なし...
2025-01-16 23:03:11.806 | INFO     | __main__:scrape_jobs:257 - 案件を取得: トップページのライティング
2025-01-16 23:03:11.806 | DEBUG    | __main__:scrape_jobs:258 - 本文: 説明なし...
2025-01-16 23:03:11.843 | INFO     | __main__:scrape_jobs:257 - 案件を取得: 占いアプリ『ケアプリ]』で、占ってもらったことある方。アンケートご協力ください。
2025-01-16 23:03:11.843 | DEBUG    | __main__:scrape_jobs:258 - 本文: 説明なし...
2025-01-16 23:03:11.876 | INFO     | __main__:scrape_jobs:257 - 案件を取得: 【類塾・馬渕以外】大阪の北野高校に通うならおすすめの塾はどれ？【アンケート】
2025-01-16 23:03:11.876 | DEBUG    | __main__:scrape_jobs:258 - 本文: 説明なし...
2025-01-16 23:03:11.909 | INFO     | __main__:scrape_jobs:257 - 案件を取得: ShopifyとGoogle Analytics 4（GA4）の連携・データドリブンアトリビューション設定サポート
2025-01-16 23:03:11.909 | DEBUG    | __main__:scrape_jobs:258 - 本文: 説明なし...
2025-01-16 23:03:11.940 | INFO     | __main__:scrape_jobs:257 - 案件を取得: 【未経験大歓迎／継続案件】Vrewで文字起こしできる方を募集します！【マニュアル＆サポートあり】
2025-01-16 23:03:11.941 | DEBUG    | __main__:scrape_jobs:258 - 本文: 説明なし...
2025-01-16 23:03:11.977 | INFO     | __main__:scrape_jobs:257 - 案件を取得: ✳︎1件10円アンケート⭐︎転職、退職を検討中の方に侑めます。(転職、退職経験者でも可能です)⭐︎(TTT)/✨
2025-01-16 23:03:11.977 | DEBUG    | __main__:scrape_jobs:258 - 本文: 説明なし...
2025-01-16 23:03:12.010 | INFO     | __main__:scrape_jobs:257 - 案件を取得: 求職者様へのインタビュー内容をまとめて、記事コンテンツ化をお願いいたします（インタビューは実施済です）
2025-01-16 23:03:12.010 | DEBUG    | __main__:scrape_jobs:258 - 本文: 説明なし...
2025-01-16 23:03:12.049 | INFO     | __main__:scrape_jobs:257 - 案件を取得: ＼インスタ投稿作成・インスタ運用できる方大募集／
2025-01-16 23:03:12.049 | DEBUG    | __main__:scrape_jobs:258 - 本文: 説明なし...
2025-01-16 23:03:12.084 | INFO     | __main__:scrape_jobs:257 - 案件を取得: 【初心者の方歓迎】YouTube長尺動画作成のお仕事
2025-01-16 23:03:12.084 | DEBUG    | __main__:scrape_jobs:258 - 本文: 説明なし...
2025-01-16 23:03:12.117 | INFO     | __main__:scrape_jobs:257 - 案件を取得: 《急募》TikTokのショート動画編集（継続案件）
2025-01-16 23:03:12.117 | DEBUG    | __main__:scrape_jobs:258 - 本文: 説明なし...
2025-01-16 23:03:12.153 | INFO     | __main__:scrape_jobs:257 - 案件を取得: SNSの裏方業務を募集します！(マニュアルあり、初心者OK) 月2万円お支払いします
2025-01-16 23:03:12.153 | DEBUG    | __main__:scrape_jobs:258 - 本文: 説明なし...
2025-01-16 23:03:12.195 | INFO     | __main__:scrape_jobs:257 - 案件を取得: YouTube動画、恋愛雑学系アニメ動画の台本制作
2025-01-16 23:03:12.195 | DEBUG    | __main__:scrape_jobs:258 - 本文: 説明なし...
2025-01-16 23:03:12.231 | INFO     | __main__:scrape_jobs:257 - 案件を取得: ✨渋い10円アンケート！資産運用、投資の意識調査について✳︎(tsmt);【フォーム記入式】✨
2025-01-16 23:03:12.231 | DEBUG    | __main__:scrape_jobs:258 - 本文: 説明なし...
2025-01-16 23:03:12.266 | INFO     | __main__:scrape_jobs:257 - 案件を取得: 【完全在宅】リユース古着(セットアップ)のアクセサリー/ラペルピン＆チーフ制作をしてくださる方を募集！！在宅主婦も大歓迎♪
2025-01-16 23:03:12.266 | DEBUG    | __main__:scrape_jobs:258 - 本文: 説明なし...
2025-01-16 23:03:12.299 | INFO     | __main__:scrape_jobs:257 - 案件を取得: 報酬1500円✨【実績作りや、初心者の方OKです！】プロテインに関する記事作成依頼！
2025-01-16 23:03:12.299 | DEBUG    | __main__:scrape_jobs:258 - 本文: 説明なし...
2025-01-16 23:03:12.336 | INFO     | __main__:scrape_jobs:257 - 案件を取得: 【簡単継続案件！月15000円以上可能！】切り抜きショート動画の制作
2025-01-16 23:03:12.337 | DEBUG    | __main__:scrape_jobs:258 - 本文: 説明なし...
2025-01-16 23:03:12.377 | INFO     | __main__:scrape_jobs:257 - 案件を取得: 宣材撮影、グラビア撮影
2025-01-16 23:03:12.377 | DEBUG    | __main__:scrape_jobs:258 - 本文: 説明なし...
2025-01-16 23:03:12.413 | INFO     | __main__:scrape_jobs:257 - 案件を取得: 【継続案件！1本8000円！】YouTubeの動画編集！
2025-01-16 23:03:12.413 | DEBUG    | __main__:scrape_jobs:258 - 本文: 説明なし...
2025-01-16 23:03:12.449 | INFO     | __main__:scrape_jobs:257 - 案件を取得: 【これからどうしよう…】将来に向けたお金の計画についてアンケート
2025-01-16 23:03:12.449 | DEBUG    | __main__:scrape_jobs:258 - 本文: 説明なし...
2025-01-16 23:03:12.484 | INFO     | __main__:scrape_jobs:257 - 案件を取得: 特化ブログでおすすめのジャンルを教えて下さい。あわせてペルソナも考えて下さい。
2025-01-16 23:03:12.484 | DEBUG    | __main__:scrape_jobs:258 - 本文: 説明なし...
2025-01-16 23:03:12.516 | INFO     | __main__:scrape_jobs:257 - 案件を取得: ブログのファビコン作成依頼
2025-01-16 23:03:12.516 | DEBUG    | __main__:scrape_jobs:258 - 本文: 説明なし...
2025-01-16 23:03:12.555 | INFO     | __main__:scrape_jobs:257 - 案件を取得: 【実績作りに！初心者歓迎です！】人気のカフェのInstagram用投稿画像制作依頼について❤️
2025-01-16 23:03:12.555 | DEBUG    | __main__:scrape_jobs:258 - 本文: 説明なし...
2025-01-16 23:03:12.590 | INFO     | __main__:scrape_jobs:257 - 案件を取得: 【1本4000円！継続あり！】簡単スライド動画制作１
2025-01-16 23:03:12.591 | DEBUG    | __main__:scrape_jobs:258 - 本文: 説明なし...
2025-01-16 23:03:12.625 | INFO     | __main__:scrape_jobs:257 - 案件を取得: 【継続案件あり】商材（今回は枕）の販促用広告動画の撮影、編集、納品までを行うことのできるクリエイターさん募集
2025-01-16 23:03:12.625 | DEBUG    | __main__:scrape_jobs:258 - 本文: 説明なし...
2025-01-16 23:03:12.659 | INFO     | __main__:scrape_jobs:257 - 案件を取得: 【急募・決定後作業可能】ShopifyでのECサイト構築、カスタマイズあり
2025-01-16 23:03:12.660 | DEBUG    | __main__:scrape_jobs:258 - 本文: 説明なし...
2025-01-16 23:03:12.697 | INFO     | __main__:scrape_jobs:257 - 案件を取得: 【案件こなしながら自分のタイプも知りませんか？】MBTIに関する記事作成依頼！
2025-01-16 23:03:12.697 | DEBUG    | __main__:scrape_jobs:258 - 本文: 説明なし...
2025-01-16 23:03:12.735 | INFO     | __main__:scrape_jobs:257 - 案件を取得: 現行ECCUBEのリニューアルをしたいと思います！
2025-01-16 23:03:12.735 | DEBUG    | __main__:scrape_jobs:258 - 本文: 説明なし...
2025-01-16 23:03:12.771 | INFO     | __main__:scrape_jobs:257 - 案件を取得: 【成功報酬1万円】美容脱毛から医療脱毛へ勧めるLP。ヤフー広告のリスティング広告で掲載不可の審査のLPを掲載OKにしたい。
2025-01-16 23:03:12.771 | DEBUG    | __main__:scrape_jobs:258 - 本文: 説明なし...
2025-01-16 23:03:12.804 | INFO     | __main__:scrape_jobs:257 - 案件を取得: 【継続依頼アリ】営業先のリサーチ＆リスト作成
2025-01-16 23:03:12.804 | DEBUG    | __main__:scrape_jobs:258 - 本文: 説明なし...
2025-01-16 23:03:12.804 | INFO     | __main__:scrape_jobs:264 - 57件の案件を取得
2025-01-16 23:03:12.812 | INFO     | __main__:save_jobs:295 - データを保存しました: crawled_data/jobs_20250116_230312.json, crawled_data/jobs_20250116_230312.csv
2025-01-16 23:03:12.896 | INFO     | __main__:run:307 - クローラーを終了します
