2025-01-16 22:47:34.749 | INFO     | __main__:setup_driver:85 - ChromeDriverの設定が完了しました
2025-01-16 22:47:34.753 | INFO     | __main__:login:103 - ログイン処理を開始
2025-01-16 22:47:35.780 | INFO     | __main__:login:105 - 現在のURL: https://crowdworks.jp/login
2025-01-16 22:47:37.786 | INFO     | __main__:login:112 - ログインフォームの要素を探索中...
2025-01-16 22:47:37.790 | INFO     | __main__:login:132 - ログインフォームの要素を発見
2025-01-16 22:47:39.809 | INFO     | __main__:login:156 - ログインボタンをクリック
2025-01-16 22:47:46.150 | INFO     | __main__:login:165 - ログイン後のURL: https://crowdworks.jp/dashboard
2025-01-16 22:47:46.153 | INFO     | __main__:login:167 - ログイン成功
2025-01-16 22:47:46.153 | INFO     | __main__:scrape_jobs:205 - 案件情報の取得を開始
2025-01-16 22:47:52.554 | INFO     | __main__:scrape_jobs:258 - 案件を取得: 《在宅・時間自由》パソコンを使った請求書のデータ入力です！
2025-01-16 22:47:52.554 | DEBUG    | __main__:scrape_jobs:259 - 本文: ...
2025-01-16 22:47:52.590 | INFO     | __main__:scrape_jobs:258 - 案件を取得: 【完了率98％】在宅のスキマ時間で働ける！｜女性ファッション誌の広告企画｜インスタDM｜マニュアル完備で初心者も安心！
2025-01-16 22:47:52.590 | DEBUG    | __main__:scrape_jobs:259 - 本文: ...
2025-01-16 22:47:52.625 | INFO     | __main__:scrape_jobs:258 - 案件を取得: 【主婦さん・初心者ユーザー大歓迎！ 】無料スマホゲームを《1日３つプレイ》するだけ♫ ［実績になる][マニュアル付き]
2025-01-16 22:47:52.625 | DEBUG    | __main__:scrape_jobs:259 - 本文: ...
2025-01-16 22:47:52.661 | INFO     | __main__:scrape_jobs:258 - 案件を取得: 【電子書籍：表紙デザイン募集】安心感のある表紙デザインのご提案をお願いします。
2025-01-16 22:47:52.661 | DEBUG    | __main__:scrape_jobs:259 - 本文: ...
2025-01-16 22:47:52.702 | INFO     | __main__:scrape_jobs:258 - 案件を取得: SNSのアカウント情報の編集作業
2025-01-16 22:47:52.703 | DEBUG    | __main__:scrape_jobs:259 - 本文: ...
2025-01-16 22:47:52.740 | INFO     | __main__:scrape_jobs:258 - 案件を取得: 女性・親子向け歯科医院のTOPページのデザイン
2025-01-16 22:47:52.740 | DEBUG    | __main__:scrape_jobs:259 - 本文: ...
2025-01-16 22:47:52.774 | INFO     | __main__:scrape_jobs:258 - 案件を取得: 「リアルテスト人生ゲーム」のコンセプト調査：みんなの意見を教えてください！
2025-01-16 22:47:52.775 | DEBUG    | __main__:scrape_jobs:259 - 本文: ...
2025-01-16 22:47:52.805 | INFO     | __main__:scrape_jobs:258 - 案件を取得: 【男性限定】卒論のためのアンケート
2025-01-16 22:47:52.805 | DEBUG    | __main__:scrape_jobs:259 - 本文: ...
2025-01-16 22:47:52.859 | INFO     | __main__:scrape_jobs:258 - 案件を取得: 【単純作業】主婦歓迎！好きな時間に　簡単な事務　主婦が活躍しています。【完全在宅】
2025-01-16 22:47:52.859 | DEBUG    | __main__:scrape_jobs:259 - 本文: ...
2025-01-16 22:47:52.891 | INFO     | __main__:scrape_jobs:258 - 案件を取得: 【雑学系】簡単な動画編集
2025-01-16 22:47:52.891 | DEBUG    | __main__:scrape_jobs:259 - 本文: ...
2025-01-16 22:47:52.921 | INFO     | __main__:scrape_jobs:258 - 案件を取得: ★継続依頼あり★企業の問合せフォームへの入力代行作業のお仕事♪♪♪
2025-01-16 22:47:52.921 | DEBUG    | __main__:scrape_jobs:259 - 本文: ...
2025-01-16 22:47:52.951 | INFO     | __main__:scrape_jobs:258 - 案件を取得: ✨転職、退職を検討されている方へアンケート(経験者でも大丈夫です)【フォーム記入式⭐1件10円】✨
2025-01-16 22:47:52.951 | DEBUG    | __main__:scrape_jobs:259 - 本文: ...
2025-01-16 22:47:52.984 | INFO     | __main__:scrape_jobs:258 - 案件を取得: 【簡単・入力作業＆アンケートで400円】あなたの年収を教えてください（個人情報伏せ字でOK）【1/16募集スタート】
2025-01-16 22:47:52.984 | DEBUG    | __main__:scrape_jobs:259 - 本文: ...
2025-01-16 22:47:53.016 | INFO     | __main__:scrape_jobs:258 - 案件を取得: 【経験者さま優遇★完全在宅★ご自身のペースで】ebayリサーチ業務／1件70円／利益15%還元／女性中心の楽しい職場です♪
2025-01-16 22:47:53.016 | DEBUG    | __main__:scrape_jobs:259 - 本文: ...
2025-01-16 22:47:53.045 | INFO     | __main__:scrape_jobs:258 - 案件を取得: 副業からフリーランスまで！柔軟に働ける営業代行のお仕事！
2025-01-16 22:47:53.045 | DEBUG    | __main__:scrape_jobs:259 - 本文: ...
2025-01-16 22:47:53.078 | INFO     | __main__:scrape_jobs:258 - 案件を取得: 【高単価・継続あり】YouTube動画編集・動画作成
2025-01-16 22:47:53.078 | DEBUG    | __main__:scrape_jobs:259 - 本文: ...
2025-01-16 22:47:53.108 | INFO     | __main__:scrape_jobs:258 - 案件を取得: 【急募！10名限定！】漫画「チンポマン」の感想を教えて下さい。
2025-01-16 22:47:53.108 | DEBUG    | __main__:scrape_jobs:259 - 本文: ...
2025-01-16 22:47:53.138 | INFO     | __main__:scrape_jobs:258 - 案件を取得: 【継続案件！1本2000円！】YouTubeショート動画の制作
2025-01-16 22:47:53.138 | DEBUG    | __main__:scrape_jobs:259 - 本文: ...
2025-01-16 22:47:53.169 | INFO     | __main__:scrape_jobs:258 - 案件を取得: 企業の情報収集を行っていただきたいです！マニュアル有
2025-01-16 22:47:53.169 | DEBUG    | __main__:scrape_jobs:259 - 本文: ...
2025-01-16 22:47:53.200 | INFO     | __main__:scrape_jobs:258 - 案件を取得: 【初心者大歓迎】ガールズチャンネルからスレを拾う簡単作業【台本作成】
2025-01-16 22:47:53.200 | DEBUG    | __main__:scrape_jobs:259 - 本文: ...
2025-01-16 22:47:53.231 | INFO     | __main__:scrape_jobs:258 - 案件を取得: 【1本3,000円】YouTube漫画のあらすじを元にスカッと胸キュンするシナリオ作成！！継続発注有【経験者歓迎】
2025-01-16 22:47:53.232 | DEBUG    | __main__:scrape_jobs:259 - 本文: ...
2025-01-16 22:47:53.264 | INFO     | __main__:scrape_jobs:258 - 案件を取得: トップページのライティング
2025-01-16 22:47:53.264 | DEBUG    | __main__:scrape_jobs:259 - 本文: ...
2025-01-16 22:47:53.294 | INFO     | __main__:scrape_jobs:258 - 案件を取得: 占いアプリ『ケアプリ]』で、占ってもらったことある方。アンケートご協力ください。
2025-01-16 22:47:53.294 | DEBUG    | __main__:scrape_jobs:259 - 本文: ...
2025-01-16 22:47:53.324 | INFO     | __main__:scrape_jobs:258 - 案件を取得: 【類塾・馬渕以外】大阪の北野高校に通うならおすすめの塾はどれ？【アンケート】
2025-01-16 22:47:53.324 | DEBUG    | __main__:scrape_jobs:259 - 本文: ...
2025-01-16 22:47:53.356 | INFO     | __main__:scrape_jobs:258 - 案件を取得: ShopifyとGoogle Analytics 4（GA4）の連携・データドリブンアトリビューション設定サポート
2025-01-16 22:47:53.356 | DEBUG    | __main__:scrape_jobs:259 - 本文: ...
2025-01-16 22:47:53.388 | INFO     | __main__:scrape_jobs:258 - 案件を取得: 【未経験歓迎！】完全在宅×自由な稼働時間で子育てママさん大活躍！
2025-01-16 22:47:53.388 | DEBUG    | __main__:scrape_jobs:259 - 本文: ...
2025-01-16 22:47:53.416 | INFO     | __main__:scrape_jobs:258 - 案件を取得: 産業用コンピュータ(B2B)紹介サイトのリニューアル(要件定義・プロマネ業務含む)
2025-01-16 22:47:53.416 | DEBUG    | __main__:scrape_jobs:259 - 本文: ...
2025-01-16 22:47:53.446 | INFO     | __main__:scrape_jobs:258 - 案件を取得: 【未経験大歓迎／継続案件】Vrewで文字起こしできる方を募集します！【マニュアル＆サポートあり】
2025-01-16 22:47:53.446 | DEBUG    | __main__:scrape_jobs:259 - 本文: ...
2025-01-16 22:47:53.475 | INFO     | __main__:scrape_jobs:258 - 案件を取得: ✳︎1件10円アンケート⭐︎転職、退職を検討中の方に侑めます。(転職、退職経験者でも可能です)⭐︎(TTT)/✨
2025-01-16 22:47:53.475 | DEBUG    | __main__:scrape_jobs:259 - 本文: ...
2025-01-16 22:47:53.541 | INFO     | __main__:scrape_jobs:258 - 案件を取得: 求職者様へのインタビュー内容をまとめて、記事コンテンツ化をお願いいたします（インタビューは実施済です）
2025-01-16 22:47:53.541 | DEBUG    | __main__:scrape_jobs:259 - 本文: ...
2025-01-16 22:47:53.573 | INFO     | __main__:scrape_jobs:258 - 案件を取得: ＼インスタ投稿作成・インスタ運用できる方大募集／
2025-01-16 22:47:53.573 | DEBUG    | __main__:scrape_jobs:259 - 本文: ...
2025-01-16 22:47:53.603 | INFO     | __main__:scrape_jobs:258 - 案件を取得: 【初心者の方歓迎】YouTube長尺動画作成のお仕事
2025-01-16 22:47:53.603 | DEBUG    | __main__:scrape_jobs:259 - 本文: ...
2025-01-16 22:47:53.634 | INFO     | __main__:scrape_jobs:258 - 案件を取得: 《急募》TikTokのショート動画編集（継続案件）
2025-01-16 22:47:53.634 | DEBUG    | __main__:scrape_jobs:259 - 本文: ...
2025-01-16 22:47:53.666 | INFO     | __main__:scrape_jobs:258 - 案件を取得: SNSの裏方業務を募集します！(マニュアルあり、初心者OK) 月2万円お支払いします
2025-01-16 22:47:53.666 | DEBUG    | __main__:scrape_jobs:259 - 本文: ...
2025-01-16 22:47:53.696 | INFO     | __main__:scrape_jobs:258 - 案件を取得: YouTube動画、恋愛雑学系アニメ動画の台本制作
2025-01-16 22:47:53.696 | DEBUG    | __main__:scrape_jobs:259 - 本文: ...
2025-01-16 22:47:53.728 | INFO     | __main__:scrape_jobs:258 - 案件を取得: ✨渋い10円アンケート！資産運用、投資の意識調査について✳︎(tsmt);【フォーム記入式】✨
2025-01-16 22:47:53.728 | DEBUG    | __main__:scrape_jobs:259 - 本文: ...
2025-01-16 22:47:53.762 | INFO     | __main__:scrape_jobs:258 - 案件を取得: 【完全在宅】リユース古着(セットアップ)のアクセサリー/ラペルピン＆チーフ制作をしてくださる方を募集！！在宅主婦も大歓迎♪
2025-01-16 22:47:53.763 | DEBUG    | __main__:scrape_jobs:259 - 本文: ...
2025-01-16 22:47:53.792 | INFO     | __main__:scrape_jobs:258 - 案件を取得: 報酬1500円✨【実績作りや、初心者の方OKです！】プロテインに関する記事作成依頼！
2025-01-16 22:47:53.792 | DEBUG    | __main__:scrape_jobs:259 - 本文: ...
2025-01-16 22:47:53.822 | INFO     | __main__:scrape_jobs:258 - 案件を取得: 【簡単継続案件！月15000円以上可能！】切り抜きショート動画の制作
2025-01-16 22:47:53.822 | DEBUG    | __main__:scrape_jobs:259 - 本文: ...
2025-01-16 22:47:53.851 | INFO     | __main__:scrape_jobs:258 - 案件を取得: 宣材撮影、グラビア撮影
2025-01-16 22:47:53.852 | DEBUG    | __main__:scrape_jobs:259 - 本文: ...
2025-01-16 22:47:53.881 | INFO     | __main__:scrape_jobs:258 - 案件を取得: 【継続案件！1本8000円！】YouTubeの動画編集！
2025-01-16 22:47:53.881 | DEBUG    | __main__:scrape_jobs:259 - 本文: ...
2025-01-16 22:47:53.913 | INFO     | __main__:scrape_jobs:258 - 案件を取得: 【これからどうしよう…】将来に向けたお金の計画についてアンケート
2025-01-16 22:47:53.913 | DEBUG    | __main__:scrape_jobs:259 - 本文: ...
2025-01-16 22:47:53.943 | INFO     | __main__:scrape_jobs:258 - 案件を取得: 特化ブログでおすすめのジャンルを教えて下さい。あわせてペルソナも考えて下さい。
2025-01-16 22:47:53.943 | DEBUG    | __main__:scrape_jobs:259 - 本文: ...
2025-01-16 22:47:53.972 | INFO     | __main__:scrape_jobs:258 - 案件を取得: ブログのファビコン作成依頼
2025-01-16 22:47:53.972 | DEBUG    | __main__:scrape_jobs:259 - 本文: ...
2025-01-16 22:47:54.003 | INFO     | __main__:scrape_jobs:258 - 案件を取得: 【実績作りに！初心者歓迎です！】人気のカフェのInstagram用投稿画像制作依頼について❤️
2025-01-16 22:47:54.003 | DEBUG    | __main__:scrape_jobs:259 - 本文: ...
2025-01-16 22:47:54.035 | INFO     | __main__:scrape_jobs:258 - 案件を取得: 【1本4000円！継続あり！】簡単スライド動画制作１
2025-01-16 22:47:54.035 | DEBUG    | __main__:scrape_jobs:259 - 本文: ...
2025-01-16 22:47:54.065 | INFO     | __main__:scrape_jobs:258 - 案件を取得: 【継続案件あり】商材（今回は枕）の販促用広告動画の撮影、編集、納品までを行うことのできるクリエイターさん募集
2025-01-16 22:47:54.066 | DEBUG    | __main__:scrape_jobs:259 - 本文: ...
2025-01-16 22:47:54.096 | INFO     | __main__:scrape_jobs:258 - 案件を取得: 【急募・決定後作業可能】ShopifyでのECサイト構築、カスタマイズあり
2025-01-16 22:47:54.096 | DEBUG    | __main__:scrape_jobs:259 - 本文: ...
2025-01-16 22:47:54.124 | INFO     | __main__:scrape_jobs:258 - 案件を取得: 【案件こなしながら自分のタイプも知りませんか？】MBTIに関する記事作成依頼！
2025-01-16 22:47:54.124 | DEBUG    | __main__:scrape_jobs:259 - 本文: ...
2025-01-16 22:47:54.154 | INFO     | __main__:scrape_jobs:258 - 案件を取得: 現行ECCUBEのリニューアルをしたいと思います！
2025-01-16 22:47:54.154 | DEBUG    | __main__:scrape_jobs:259 - 本文: ...
2025-01-16 22:47:54.184 | INFO     | __main__:scrape_jobs:258 - 案件を取得: 【成功報酬1万円】美容脱毛から医療脱毛へ勧めるLP。ヤフー広告のリスティング広告で掲載不可の審査のLPを掲載OKにしたい。
2025-01-16 22:47:54.184 | DEBUG    | __main__:scrape_jobs:259 - 本文: ...
2025-01-16 22:47:54.214 | INFO     | __main__:scrape_jobs:258 - 案件を取得: 【継続依頼アリ】営業先のリサーチ＆リスト作成
2025-01-16 22:47:54.214 | DEBUG    | __main__:scrape_jobs:259 - 本文: ...
2025-01-16 22:47:54.246 | INFO     | __main__:scrape_jobs:258 - 案件を取得: 【1本1500円〜】2ch感動系YouTubeショート動画の編集！【長期継続案件】
2025-01-16 22:47:54.246 | DEBUG    | __main__:scrape_jobs:259 - 本文: ...
2025-01-16 22:47:54.275 | INFO     | __main__:scrape_jobs:258 - 案件を取得: ️⭕️カンタン！実績つけます️!⭕️節分に関するアンケート(恵方巻き？豆まき？)
2025-01-16 22:47:54.276 | DEBUG    | __main__:scrape_jobs:259 - 本文: ...
2025-01-16 22:47:54.304 | INFO     | __main__:scrape_jobs:258 - 案件を取得: 【10分8,500円】女性YouTuberのサブチャンネル編集をお願いできる方を募集！
2025-01-16 22:47:54.305 | DEBUG    | __main__:scrape_jobs:259 - 本文: ...
2025-01-16 22:47:54.334 | INFO     | __main__:scrape_jobs:258 - 案件を取得: 【主婦の方歓迎！】大谷翔平選手のYouTube動画編集者さん募集！ディレクター昇格有【プロマネ有、長期依頼】！!！
2025-01-16 22:47:54.334 | DEBUG    | __main__:scrape_jobs:259 - 本文: ...
2025-01-16 22:47:54.363 | INFO     | __main__:scrape_jobs:258 - 案件を取得: 【ショート動画１本2500円】 不動産物件ルームツアーショート動画作成できる方を募集！
2025-01-16 22:47:54.363 | DEBUG    | __main__:scrape_jobs:259 - 本文: ...
2025-01-16 22:47:54.363 | INFO     | __main__:scrape_jobs:274 - 57件の案件を取得
2025-01-16 22:47:54.371 | INFO     | __main__:save_jobs:306 - データを保存しました: crawled_data/jobs_20250116_224754.json, crawled_data/jobs_20250116_224754.csv
2025-01-16 22:47:54.457 | INFO     | __main__:run:318 - クローラーを終了します
