2025-01-17 12:08:55.331 | INFO     | __main__:setup_driver:223 - ChromeDriverの設定が完了しました
2025-01-17 12:08:55.333 | INFO     | __main__:login:241 - ログイン処理を開始
2025-01-17 12:08:56.425 | INFO     | __main__:login:243 - 現在のURL: https://crowdworks.jp/login
2025-01-17 12:08:58.429 | INFO     | __main__:login:250 - ログインフォームの要素を探索中...
2025-01-17 12:08:58.439 | INFO     | __main__:login:270 - ログインフォームの要素を発見
2025-01-17 12:09:00.477 | INFO     | __main__:login:294 - ログインボタンをクリック
2025-01-17 12:09:06.324 | INFO     | __main__:login:303 - ログイン後のURL: https://crowdworks.jp/dashboard
2025-01-17 12:09:06.327 | INFO     | __main__:login:305 - ログイン成功
2025-01-17 12:09:06.327 | INFO     | __main__:scrape_jobs:377 - 案件情報の取得を開始
2025-01-17 12:09:12.040 | INFO     | __main__:scrape_jobs:417 - 求人情報を取得しました: 【女性・経験者優先】輸出事業のリサーチ業務　在宅ワークや隙間時間に最適な作業です！
2025-01-17 12:09:12.041 | INFO     | __main__:scrape_jobs:417 - 求人情報を取得しました: 【いつでも/どこでも/誰でもOK！/100%採用】データ入力業務
2025-01-17 12:09:12.041 | INFO     | __main__:scrape_jobs:417 - 求人情報を取得しました: 【在宅・時間自由】初心者歓迎！パソコンで画像のデータを入力する仕事②
2025-01-17 12:09:12.041 | INFO     | __main__:scrape_jobs:417 - 求人情報を取得しました: 【経験者募集！文字単価1.5円～】ルイヴィトン・シャネル・エルメスに詳しいライター様募集【構成作成は基本不要、本文執筆のみ】
2025-01-17 12:09:12.041 | INFO     | __main__:scrape_jobs:417 - 求人情報を取得しました: 【急募】Instagramのカフェのフィード投稿を一緒に作成しませんか？
2025-01-17 12:09:12.041 | INFO     | __main__:scrape_jobs:417 - 求人情報を取得しました: 【継続依頼あり／完全在宅／簡単作業／平日、休日可能】企業さまへフォーム営業をお送りする簡単作業です。
2025-01-17 12:09:12.042 | INFO     | __main__:scrape_jobs:417 - 求人情報を取得しました: 【継続依頼あり／完全在宅／簡単作業／平日、休日可能】企業さまへフォーム営業をお送りする簡単作業です。
2025-01-17 12:09:12.042 | INFO     | __main__:scrape_jobs:417 - 求人情報を取得しました: 【継続依頼あり／完全在宅／簡単作業／平日、休日可能】企業さまへフォーム営業をお送りする簡単作業です。
2025-01-17 12:09:12.042 | INFO     | __main__:scrape_jobs:417 - 求人情報を取得しました: 継続依頼あり【スチール撮影に自信のある人大募集！】ショップなどの建物のウェブ掲載用撮影
2025-01-17 12:09:12.042 | INFO     | __main__:scrape_jobs:417 - 求人情報を取得しました: IT系 LPデザイン（webサーバーの契約につなげる資料請求させることを目的としたLPです）
2025-01-17 12:09:12.042 | INFO     | __main__:scrape_jobs:417 - 求人情報を取得しました: 【未経験歓迎】Instagramの旅行先のリール作成してみませんか？
2025-01-17 12:09:12.042 | INFO     | __main__:scrape_jobs:417 - 求人情報を取得しました: 【継続依頼あり／完全在宅／簡単作業／平日、休日可能】企業さまへフォーム営業をお送りする簡単作業です。
2025-01-17 12:09:12.042 | INFO     | __main__:scrape_jobs:417 - 求人情報を取得しました: 【継続依頼あり／完全在宅／簡単作業／平日、休日可能】企業さまへフォーム営業をお送りする簡単作業です！
2025-01-17 12:09:12.043 | INFO     | __main__:scrape_jobs:417 - 求人情報を取得しました: 省エネ計算業務をこれからやりたい人・できる人をお願いします。★未経験者可能です
2025-01-17 12:09:12.043 | INFO     | __main__:scrape_jobs:417 - 求人情報を取得しました: 【完全在宅！初心者大歓迎！】 1件70円〜をお支払いします！商品リサーチいただけるパートナーさんを急募！
2025-01-17 12:09:12.043 | INFO     | __main__:scrape_jobs:417 - 求人情報を取得しました: 【継続依頼あり／完全在宅／簡単作業／平日、休日可能！】企業さまへフォーム営業をお送りする簡単作業です！
2025-01-17 12:09:12.043 | INFO     | __main__:scrape_jobs:417 - 求人情報を取得しました: 【継続依頼あり／完全在宅／簡単作業／平日、休日可能！】企業さまへフォーム営業をお送りする簡単作業です！
2025-01-17 12:09:12.043 | INFO     | __main__:scrape_jobs:417 - 求人情報を取得しました: outlookの設定
2025-01-17 12:09:12.043 | INFO     | __main__:scrape_jobs:417 - 求人情報を取得しました: 【継続依頼あり／完全在宅／簡単作業／平日、休日可能！】企業さまへフォーム営業をお送りする簡単作業です！
2025-01-17 12:09:12.044 | INFO     | __main__:scrape_jobs:417 - 求人情報を取得しました: 【女性限定】Vlog風の動画（30秒以上）
2025-01-17 12:09:12.044 | INFO     | __main__:scrape_jobs:417 - 求人情報を取得しました: 【スキマ時間を有効活用】2chスレを教えて頂くお仕事です。
2025-01-17 12:09:12.044 | INFO     | __main__:scrape_jobs:417 - 求人情報を取得しました: 【月7万以上可能｜主婦歓迎｜初心者可】Youtube動画編集
2025-01-17 12:09:12.044 | INFO     | __main__:scrape_jobs:417 - 求人情報を取得しました: 土木建築会社のロゴデザインの制作
2025-01-17 12:09:12.044 | INFO     | __main__:scrape_jobs:417 - 求人情報を取得しました: ワードプレスのサイト作成
2025-01-17 12:09:12.045 | INFO     | __main__:scrape_jobs:417 - 求人情報を取得しました: 【簡単5分以内】誰でも回答OK！韓国の宿泊施設に関するアンケート
2025-01-17 12:09:12.045 | INFO     | __main__:scrape_jobs:417 - 求人情報を取得しました: 【1件500円！】施術経験がある✨美容クリニック・外科・皮膚科✨に関する経験談を教えてください！【写真付きで+500円】
2025-01-17 12:09:12.045 | INFO     | __main__:scrape_jobs:417 - 求人情報を取得しました: 【1件500円！】施術経験がある✨美容クリニック・外科・皮膚科✨に関する経験談を教えてください【写真付きで+500円】
2025-01-17 12:09:12.045 | INFO     | __main__:scrape_jobs:417 - 求人情報を取得しました: エステサロンショート動画編集
2025-01-17 12:09:12.045 | INFO     | __main__:scrape_jobs:417 - 求人情報を取得しました: 外国人労働者採用後の労働環境の変化に関するアンケート
2025-01-17 12:09:12.046 | INFO     | __main__:scrape_jobs:417 - 求人情報を取得しました: kindle電子書籍の表紙デザイン作成依頼
2025-01-17 12:09:12.046 | INFO     | __main__:scrape_jobs:417 - 求人情報を取得しました: 光レーザー治療
2025-01-17 12:09:12.046 | INFO     | __main__:scrape_jobs:417 - 求人情報を取得しました: ボイスドラマ映像制作 - タイトルロゴ「看板猫はインベーダー！」
2025-01-17 12:09:12.046 | INFO     | __main__:scrape_jobs:417 - 求人情報を取得しました: 急募！【月収5万以上実績有り】日本企業へのメール送信業務（マニュアル／テンプレート有り）
2025-01-17 12:09:12.047 | INFO     | __main__:scrape_jobs:417 - 求人情報を取得しました: 【在宅作業】メッセージカード代筆【継続あります♪】
2025-01-17 12:09:12.047 | INFO     | __main__:scrape_jobs:417 - 求人情報を取得しました: メイクポーチの感想を書いてくださる方募集！長くお付き合いできる人歓迎
2025-01-17 12:09:12.047 | INFO     | __main__:scrape_jobs:417 - 求人情報を取得しました: 自社アフィリエイト運用ツールの情報を取得して下さい
2025-01-17 12:09:12.047 | INFO     | __main__:scrape_jobs:417 - 求人情報を取得しました: 【月5,000～毎月安定収入】WEBディレクター募集！!ライター管理・リライトなど簡単雑務・オンライン秘書のスキルアップに！
2025-01-17 12:09:12.047 | INFO     | __main__:scrape_jobs:417 - 求人情報を取得しました: 電話占いカリス 玄庵（ゲンアン）先生に相談したことがある方へのアンケート
2025-01-17 12:09:12.047 | INFO     | __main__:scrape_jobs:417 - 求人情報を取得しました: 【完全在宅】ネットショップのデータ入力！（1日1h～未経験OK！）
2025-01-17 12:09:12.048 | INFO     | __main__:scrape_jobs:417 - 求人情報を取得しました: 【趣味を仕事に!!】SNSアフィリエイトパートナー募集！
2025-01-17 12:09:12.048 | INFO     | __main__:scrape_jobs:417 - 求人情報を取得しました: ◇◆初心者大歓迎◆◇ スマホで出来る簡単な仮想通貨サイトのアンケート！！【実績作りにどうぞ】
2025-01-17 12:09:12.048 | INFO     | __main__:scrape_jobs:417 - 求人情報を取得しました: 【パワポでOK】マインドマップを基にPowerpointの説明資料（企画書）を作成してくれる方を募集します！
2025-01-17 12:09:12.048 | INFO     | __main__:scrape_jobs:417 - 求人情報を取得しました: 【1記事240円 写真あり】結婚指輪を購入した体験談を募集中！（800字）
2025-01-17 12:09:12.048 | INFO     | __main__:scrape_jobs:417 - 求人情報を取得しました: 【1記事240円 写真あり】結婚指輪を購入した体験談を募集中！（800字）
2025-01-17 12:09:12.048 | INFO     | __main__:scrape_jobs:417 - 求人情報を取得しました: 在宅OK・スキル不要｜人気かんたん案件（所要時間：約20秒）
2025-01-17 12:09:12.049 | INFO     | __main__:scrape_jobs:417 - 求人情報を取得しました: 【1記事240円 写真あり】結婚指輪を購入した体験談を募集中！（800字）
2025-01-17 12:09:12.049 | INFO     | __main__:scrape_jobs:417 - 求人情報を取得しました: 【1記事240円 写真あり】結婚指輪を購入した体験談を募集中！（800字）
2025-01-17 12:09:12.049 | INFO     | __main__:scrape_jobs:417 - 求人情報を取得しました: 【 15分撮影 5000円 】スマホで撮影＆日常会話の様子を撮影！
2025-01-17 12:09:12.049 | INFO     | __main__:scrape_jobs:417 - 求人情報を取得しました: 【Short動画10本15,000円】2ch感動系Short動画【主婦大歓迎】
2025-01-17 12:09:12.049 | INFO     | __main__:scrape_jobs:417 - 求人情報を取得しました: 【1記事30,000円〜】指定したテーマで記事作成【継続発注あり】
2025-01-17 12:09:12.049 | INFO     | __main__:scrape_jobs:417 - 求人情報を取得しました: PDF明細データのExcel化
2025-01-17 12:09:12.050 | INFO     | __main__:scrape_jobs:417 - 求人情報を取得しました: 現在２人以上のお子さんがいるママ向けのアンケート
2025-01-17 12:09:12.050 | INFO     | __main__:scrape_jobs:417 - 求人情報を取得しました: ふりがな付き字幕動画作成
2025-01-17 12:09:12.050 | INFO     | __main__:scrape_jobs:417 - 求人情報を取得しました: 【産婦人科限定！】30名限定！ボタンを押すだけ超簡単30秒で終わるアンケート！ スクラブに関するアンケートのご協力
2025-01-17 12:09:12.050 | INFO     | __main__:scrape_jobs:417 - 求人情報を取得しました: ★★急募★★商品PR写真編集　かんたん　Canva LINEカメラ　主婦　ファッション興味ある方　お試しOK コツコツ　長期希望
2025-01-17 12:09:12.050 | INFO     | __main__:scrape_jobs:417 - 求人情報を取得しました: 【高単価:1本5,000円】図解を使ったわかりやすいスライド作成のお仕事【継続依頼あり/主婦の方歓迎】
2025-01-17 12:09:12.051 | INFO     | __main__:scrape_jobs:417 - 求人情報を取得しました: 【急募】【完全在宅×高時給】SNSマーケティングのサポートメンバーを募集します！
2025-01-17 12:09:12.051 | INFO     | __main__:scrape_jobs:424 - 57件の案件を取得
2025-01-17 12:09:12.052 | INFO     | __main__:check_duplicates:487 - 新規案件を追加: 【女性・経験者優先】輸出事業のリサーチ業務　在宅ワークや隙間時間に最適な作業です！
2025-01-17 12:09:12.052 | INFO     | __main__:check_duplicates:487 - 新規案件を追加: 【いつでも/どこでも/誰でもOK！/100%採用】データ入力業務
2025-01-17 12:09:12.052 | INFO     | __main__:check_duplicates:487 - 新規案件を追加: 【在宅・時間自由】初心者歓迎！パソコンで画像のデータを入力する仕事②
2025-01-17 12:09:12.052 | INFO     | __main__:check_duplicates:487 - 新規案件を追加: 【経験者募集！文字単価1.5円～】ルイヴィトン・シャネル・エルメスに詳しいライター様募集【構成作成は基本不要、本文執筆のみ】
2025-01-17 12:09:12.052 | INFO     | __main__:check_duplicates:487 - 新規案件を追加: 【急募】Instagramのカフェのフィード投稿を一緒に作成しませんか？
2025-01-17 12:09:12.052 | INFO     | __main__:check_duplicates:487 - 新規案件を追加: 【継続依頼あり／完全在宅／簡単作業／平日、休日可能】企業さまへフォーム営業をお送りする簡単作業です。
2025-01-17 12:09:12.052 | INFO     | __main__:check_duplicates:487 - 新規案件を追加: 【継続依頼あり／完全在宅／簡単作業／平日、休日可能】企業さまへフォーム営業をお送りする簡単作業です。
2025-01-17 12:09:12.052 | INFO     | __main__:check_duplicates:487 - 新規案件を追加: 【継続依頼あり／完全在宅／簡単作業／平日、休日可能】企業さまへフォーム営業をお送りする簡単作業です。
2025-01-17 12:09:12.052 | INFO     | __main__:check_duplicates:487 - 新規案件を追加: 継続依頼あり【スチール撮影に自信のある人大募集！】ショップなどの建物のウェブ掲載用撮影
2025-01-17 12:09:12.052 | INFO     | __main__:check_duplicates:487 - 新規案件を追加: IT系 LPデザイン（webサーバーの契約につなげる資料請求させることを目的としたLPです）
2025-01-17 12:09:12.052 | INFO     | __main__:check_duplicates:487 - 新規案件を追加: 【未経験歓迎】Instagramの旅行先のリール作成してみませんか？
2025-01-17 12:09:12.052 | INFO     | __main__:check_duplicates:487 - 新規案件を追加: 【継続依頼あり／完全在宅／簡単作業／平日、休日可能】企業さまへフォーム営業をお送りする簡単作業です。
2025-01-17 12:09:12.053 | INFO     | __main__:check_duplicates:487 - 新規案件を追加: 【継続依頼あり／完全在宅／簡単作業／平日、休日可能】企業さまへフォーム営業をお送りする簡単作業です！
2025-01-17 12:09:12.053 | INFO     | __main__:check_duplicates:487 - 新規案件を追加: 省エネ計算業務をこれからやりたい人・できる人をお願いします。★未経験者可能です
2025-01-17 12:09:12.053 | INFO     | __main__:check_duplicates:487 - 新規案件を追加: 【完全在宅！初心者大歓迎！】 1件70円〜をお支払いします！商品リサーチいただけるパートナーさんを急募！
2025-01-17 12:09:12.053 | INFO     | __main__:check_duplicates:487 - 新規案件を追加: 【継続依頼あり／完全在宅／簡単作業／平日、休日可能！】企業さまへフォーム営業をお送りする簡単作業です！
2025-01-17 12:09:12.053 | INFO     | __main__:check_duplicates:487 - 新規案件を追加: 【継続依頼あり／完全在宅／簡単作業／平日、休日可能！】企業さまへフォーム営業をお送りする簡単作業です！
2025-01-17 12:09:12.053 | INFO     | __main__:check_duplicates:487 - 新規案件を追加: outlookの設定
2025-01-17 12:09:12.053 | INFO     | __main__:check_duplicates:487 - 新規案件を追加: 【継続依頼あり／完全在宅／簡単作業／平日、休日可能！】企業さまへフォーム営業をお送りする簡単作業です！
2025-01-17 12:09:12.053 | INFO     | __main__:check_duplicates:487 - 新規案件を追加: 【女性限定】Vlog風の動画（30秒以上）
2025-01-17 12:09:12.053 | INFO     | __main__:check_duplicates:487 - 新規案件を追加: 【スキマ時間を有効活用】2chスレを教えて頂くお仕事です。
2025-01-17 12:09:12.053 | INFO     | __main__:check_duplicates:487 - 新規案件を追加: 【月7万以上可能｜主婦歓迎｜初心者可】Youtube動画編集
2025-01-17 12:09:12.053 | INFO     | __main__:check_duplicates:487 - 新規案件を追加: 土木建築会社のロゴデザインの制作
2025-01-17 12:09:12.053 | INFO     | __main__:check_duplicates:487 - 新規案件を追加: ワードプレスのサイト作成
2025-01-17 12:09:12.053 | INFO     | __main__:check_duplicates:487 - 新規案件を追加: 【簡単5分以内】誰でも回答OK！韓国の宿泊施設に関するアンケート
2025-01-17 12:09:12.053 | INFO     | __main__:check_duplicates:487 - 新規案件を追加: 【1件500円！】施術経験がある✨美容クリニック・外科・皮膚科✨に関する経験談を教えてください！【写真付きで+500円】
2025-01-17 12:09:12.053 | INFO     | __main__:check_duplicates:487 - 新規案件を追加: エステサロンショート動画編集
2025-01-17 12:09:12.053 | INFO     | __main__:check_duplicates:487 - 新規案件を追加: 外国人労働者採用後の労働環境の変化に関するアンケート
2025-01-17 12:09:12.053 | INFO     | __main__:check_duplicates:487 - 新規案件を追加: kindle電子書籍の表紙デザイン作成依頼
2025-01-17 12:09:12.053 | INFO     | __main__:check_duplicates:487 - 新規案件を追加: 光レーザー治療
2025-01-17 12:09:12.053 | INFO     | __main__:check_duplicates:487 - 新規案件を追加: ボイスドラマ映像制作 - タイトルロゴ「看板猫はインベーダー！」
2025-01-17 12:09:12.053 | INFO     | __main__:check_duplicates:487 - 新規案件を追加: 急募！【月収5万以上実績有り】日本企業へのメール送信業務（マニュアル／テンプレート有り）
2025-01-17 12:09:12.053 | INFO     | __main__:check_duplicates:487 - 新規案件を追加: 【在宅作業】メッセージカード代筆【継続あります♪】
2025-01-17 12:09:12.053 | INFO     | __main__:check_duplicates:487 - 新規案件を追加: メイクポーチの感想を書いてくださる方募集！長くお付き合いできる人歓迎
2025-01-17 12:09:12.053 | INFO     | __main__:check_duplicates:487 - 新規案件を追加: 自社アフィリエイト運用ツールの情報を取得して下さい
2025-01-17 12:09:12.053 | INFO     | __main__:check_duplicates:487 - 新規案件を追加: 【月5,000～毎月安定収入】WEBディレクター募集！!ライター管理・リライトなど簡単雑務・オンライン秘書のスキルアップに！
2025-01-17 12:09:12.053 | INFO     | __main__:check_duplicates:487 - 新規案件を追加: 電話占いカリス 玄庵（ゲンアン）先生に相談したことがある方へのアンケート
2025-01-17 12:09:12.053 | INFO     | __main__:check_duplicates:487 - 新規案件を追加: 【完全在宅】ネットショップのデータ入力！（1日1h～未経験OK！）
2025-01-17 12:09:12.053 | INFO     | __main__:check_duplicates:487 - 新規案件を追加: 【趣味を仕事に!!】SNSアフィリエイトパートナー募集！
2025-01-17 12:09:12.053 | INFO     | __main__:check_duplicates:487 - 新規案件を追加: ◇◆初心者大歓迎◆◇ スマホで出来る簡単な仮想通貨サイトのアンケート！！【実績作りにどうぞ】
2025-01-17 12:09:12.053 | INFO     | __main__:check_duplicates:487 - 新規案件を追加: 【パワポでOK】マインドマップを基にPowerpointの説明資料（企画書）を作成してくれる方を募集します！
2025-01-17 12:09:12.053 | INFO     | __main__:check_duplicates:487 - 新規案件を追加: 【1記事240円 写真あり】結婚指輪を購入した体験談を募集中！（800字）
2025-01-17 12:09:12.053 | INFO     | __main__:check_duplicates:487 - 新規案件を追加: 【1記事240円 写真あり】結婚指輪を購入した体験談を募集中！（800字）
2025-01-17 12:09:12.053 | INFO     | __main__:check_duplicates:487 - 新規案件を追加: 在宅OK・スキル不要｜人気かんたん案件（所要時間：約20秒）
2025-01-17 12:09:12.053 | INFO     | __main__:check_duplicates:487 - 新規案件を追加: 【1記事240円 写真あり】結婚指輪を購入した体験談を募集中！（800字）
2025-01-17 12:09:12.053 | INFO     | __main__:check_duplicates:487 - 新規案件を追加: 【1記事240円 写真あり】結婚指輪を購入した体験談を募集中！（800字）
2025-01-17 12:09:12.053 | INFO     | __main__:check_duplicates:487 - 新規案件を追加: 【 15分撮影 5000円 】スマホで撮影＆日常会話の様子を撮影！
2025-01-17 12:09:12.054 | INFO     | __main__:check_duplicates:487 - 新規案件を追加: 【Short動画10本15,000円】2ch感動系Short動画【主婦大歓迎】
2025-01-17 12:09:12.054 | INFO     | __main__:check_duplicates:487 - 新規案件を追加: 【1記事30,000円〜】指定したテーマで記事作成【継続発注あり】
2025-01-17 12:09:12.054 | INFO     | __main__:check_duplicates:487 - 新規案件を追加: PDF明細データのExcel化
2025-01-17 12:09:12.054 | INFO     | __main__:check_duplicates:487 - 新規案件を追加: 現在２人以上のお子さんがいるママ向けのアンケート
2025-01-17 12:09:12.054 | INFO     | __main__:check_duplicates:487 - 新規案件を追加: ふりがな付き字幕動画作成
2025-01-17 12:09:12.054 | INFO     | __main__:check_duplicates:487 - 新規案件を追加: 【産婦人科限定！】30名限定！ボタンを押すだけ超簡単30秒で終わるアンケート！ スクラブに関するアンケートのご協力
2025-01-17 12:09:12.054 | INFO     | __main__:check_duplicates:487 - 新規案件を追加: ★★急募★★商品PR写真編集　かんたん　Canva LINEカメラ　主婦　ファッション興味ある方　お試しOK コツコツ　長期希望
2025-01-17 12:09:12.054 | INFO     | __main__:check_duplicates:487 - 新規案件を追加: 【高単価:1本5,000円】図解を使ったわかりやすいスライド作成のお仕事【継続依頼あり/主婦の方歓迎】
2025-01-17 12:09:12.054 | INFO     | __main__:check_duplicates:487 - 新規案件を追加: 【急募】【完全在宅×高時給】SNSマーケティングのサポートメンバーを募集します！
2025-01-17 12:09:12.054 | INFO     | __main__:check_duplicates:499 - 新規/更新案件: 56件
2025-01-17 12:11:46.565 | INFO     | __main__:scrape_job_detail:344 - 仕事詳細の取得を開始: https://crowdworks.jp/public/jobs/11646870
2025-01-17 12:11:50.482 | INFO     | __main__:scrape_job_detail:344 - 仕事詳細の取得を開始: https://crowdworks.jp/public/jobs/11646829
2025-01-17 12:11:54.113 | INFO     | __main__:scrape_job_detail:344 - 仕事詳細の取得を開始: https://crowdworks.jp/public/jobs/11646823
2025-01-17 12:11:57.697 | INFO     | __main__:scrape_job_detail:344 - 仕事詳細の取得を開始: https://crowdworks.jp/public/jobs/11646808
2025-01-17 12:12:01.183 | INFO     | __main__:scrape_job_detail:344 - 仕事詳細の取得を開始: https://crowdworks.jp/public/jobs/11646256
2025-01-17 12:12:04.760 | INFO     | __main__:scrape_job_detail:344 - 仕事詳細の取得を開始: https://crowdworks.jp/public/jobs/11646257
2025-01-17 12:12:08.323 | INFO     | __main__:scrape_job_detail:344 - 仕事詳細の取得を開始: https://crowdworks.jp/public/jobs/11645448
2025-01-17 12:12:11.933 | INFO     | __main__:scrape_job_detail:344 - 仕事詳細の取得を開始: https://crowdworks.jp/public/jobs/11613300
2025-01-17 12:12:15.493 | INFO     | __main__:scrape_job_detail:344 - 仕事詳細の取得を開始: https://crowdworks.jp/public/jobs/11646141
2025-01-17 12:12:19.214 | INFO     | __main__:scrape_job_detail:344 - 仕事詳細の取得を開始: https://crowdworks.jp/public/jobs/11645624
2025-01-17 12:12:22.779 | INFO     | __main__:run:513 - 生データを保存: crawled_data/jobs_20250117_120912.json
2025-01-17 12:12:22.779 | INFO     | __main__:run:514 - フィルタリング済みデータを保存: crawled_data/jobs_20250117_120912_filtered.json
2025-01-17 12:12:22.913 | INFO     | __main__:run:521 - クローラーを終了します
