2025-01-16 21:46:15.502 | INFO     | __main__:login:49 - ログイン処理を開始
2025-01-16 21:46:41.867 | ERROR    | __main__:login:84 - ログイン失敗: Message: 
Stacktrace:
0   chromedriver                        0x00000001006377a4 cxxbridge1$str$ptr + 2589716
1   chromedriver                        0x000000010063005c cxxbridge1$str$ptr + 2559180
2   chromedriver                        0x00000001001d3f5c cxxbridge1$string$len + 88260
3   chromedriver                        0x0000000100219024 cxxbridge1$string$len + 371084
4   chromedriver                        0x00000001002531a8 cxxbridge1$string$len + 609040
5   chromedriver                        0x000000010020ce40 cxxbridge1$string$len + 321448
6   chromedriver                        0x000000010020da88 cxxbridge1$string$len + 324592
7   chromedriver                        0x00000001006028a0 cxxbridge1$str$ptr + 2372880
8   chromedriver                        0x0000000100605bc4 cxxbridge1$str$ptr + 2385972
9   chromedriver                        0x00000001005e96e0 cxxbridge1$str$ptr + 2270032
10  chromedriver                        0x0000000100606484 cxxbridge1$str$ptr + 2388212
11  chromedriver                        0x00000001005db324 cxxbridge1$str$ptr + 2211732
12  chromedriver                        0x00000001006210a0 cxxbridge1$str$ptr + 2497808
13  chromedriver                        0x000000010062121c cxxbridge1$str$ptr + 2498188
14  chromedriver                        0x000000010062fcd0 cxxbridge1$str$ptr + 2558272
15  libsystem_pthread.dylib             0x0000000191da2f94 _pthread_start + 136
16  libsystem_pthread.dylib             0x0000000191d9dd34 thread_start + 8

2025-01-16 21:46:41.868 | ERROR    | __main__:run:158 - ログインに失敗したため、処理を中止します
2025-01-16 21:46:42.025 | INFO     | __main__:run:161 - クローラーを終了します
