2025-01-16 21:47:25.920 | INFO     | __main__:setup_driver:56 - ChromeDriverの設定が完了しました
2025-01-16 21:47:25.922 | INFO     | __main__:login:64 - ログイン処理を開始
2025-01-16 21:47:27.122 | INFO     | __main__:login:66 - 現在のURL: https://crowdworks.jp/login
2025-01-16 21:47:32.129 | INFO     | __main__:login:71 - ログインフォームの要素を探索中...
2025-01-16 21:47:52.427 | ERROR    | __main__:login:107 - ログインフォームの操作に失敗: Message: 
Stacktrace:
0   chromedriver                        0x00000001025db7a4 cxxbridge1$str$ptr + 2589716
1   chromedriver                        0x00000001025d405c cxxbridge1$str$ptr + 2559180
2   chromedriver                        0x0000000102177f5c cxxbridge1$string$len + 88260
3   chromedriver                        0x00000001021bd024 cxxbridge1$string$len + 371084
4   chromedriver                        0x00000001021f71a8 cxxbridge1$string$len + 609040
5   chromedriver                        0x00000001021b0e40 cxxbridge1$string$len + 321448
6   chromedriver                        0x00000001021b1a88 cxxbridge1$string$len + 324592
7   chromedriver                        0x00000001025a68a0 cxxbridge1$str$ptr + 2372880
8   chromedriver                        0x00000001025a9bc4 cxxbridge1$str$ptr + 2385972
9   chromedriver                        0x000000010258d6e0 cxxbridge1$str$ptr + 2270032
10  chromedriver                        0x00000001025aa484 cxxbridge1$str$ptr + 2388212
11  chromedriver                        0x000000010257f324 cxxbridge1$str$ptr + 2211732
12  chromedriver                        0x00000001025c50a0 cxxbridge1$str$ptr + 2497808
13  chromedriver                        0x00000001025c521c cxxbridge1$str$ptr + 2498188
14  chromedriver                        0x00000001025d3cd0 cxxbridge1$str$ptr + 2558272
15  libsystem_pthread.dylib             0x0000000191da2f94 _pthread_start + 136
16  libsystem_pthread.dylib             0x0000000191d9dd34 thread_start + 8

2025-01-16 21:47:52.432 | INFO     | __main__:login:111 - エラー時のページソースを'error_page.html'に保存しました
2025-01-16 21:47:52.433 | ERROR    | __main__:run:188 - ログインに失敗したため、処理を中止します
2025-01-16 21:47:52.545 | INFO     | __main__:run:191 - クローラーを終了します
