2025-01-16 23:09:13.727 | INFO     | __main__:setup_driver:86 - ChromeDriverの設定が完了しました
2025-01-16 23:09:13.729 | INFO     | __main__:login:104 - ログイン処理を開始
2025-01-16 23:09:14.777 | INFO     | __main__:login:106 - 現在のURL: https://crowdworks.jp/login
2025-01-16 23:09:16.780 | INFO     | __main__:login:113 - ログインフォームの要素を探索中...
2025-01-16 23:09:16.784 | INFO     | __main__:login:133 - ログインフォームの要素を発見
2025-01-16 23:09:18.802 | INFO     | __main__:login:157 - ログインボタンをクリック
2025-01-16 23:09:24.611 | INFO     | __main__:login:166 - ログイン後のURL: https://crowdworks.jp/dashboard
2025-01-16 23:09:24.613 | INFO     | __main__:login:168 - ログイン成功
2025-01-16 23:09:24.613 | INFO     | __main__:scrape_jobs:206 - 案件情報の取得を開始
2025-01-16 23:09:30.656 | INFO     | __main__:scrape_jobs:252 - 案件を取得: 【初心者歓迎】【かんたん作業！】ライティングに関する簡単な作業をお願いします！
2025-01-16 23:09:30.656 | DEBUG    | __main__:scrape_jobs:253 - 本文: 説明なし...
2025-01-16 23:09:30.658 | INFO     | __main__:scrape_jobs:252 - 案件を取得: 【初心者ユーザー大歓迎 iPhone・android】無料スマホゲームを７日間、１日１０分ほどのプレイできる方を募集!!
2025-01-16 23:09:30.658 | DEBUG    | __main__:scrape_jobs:253 - 本文: 説明なし...
2025-01-16 23:09:30.659 | INFO     | __main__:scrape_jobs:252 - 案件を取得: 100名急募【1セット20円：手紙代筆業務】【継続的にお願いいたします】【丁寧さ重視】【毎月それなりの分量があります】
2025-01-16 23:09:30.659 | DEBUG    | __main__:scrape_jobs:253 - 本文: 説明なし...
2025-01-16 23:09:30.659 | INFO     | __main__:scrape_jobs:252 - 案件を取得: WEBマガジン（電子書籍）のデザイン制作｜表紙雑誌KindleAmazonノートデザインLPページECWEBアドビ
2025-01-16 23:09:30.659 | DEBUG    | __main__:scrape_jobs:253 - 本文: 説明なし...
2025-01-16 23:09:30.659 | INFO     | __main__:scrape_jobs:252 - 案件を取得: 【旅行好きの方必見！1記事3,000円〜】世界遺産記事作成
2025-01-16 23:09:30.660 | DEBUG    | __main__:scrape_jobs:253 - 本文: 説明なし...
2025-01-16 23:09:30.660 | INFO     | __main__:scrape_jobs:252 - 案件を取得: 【簡単！サクッと短時間】指定美顔器の使用感などに答えて頂くアンケートです。
2025-01-16 23:09:30.660 | DEBUG    | __main__:scrape_jobs:253 - 本文: 説明なし...
2025-01-16 23:09:30.660 | INFO     | __main__:scrape_jobs:252 - 案件を取得: 【インスタグラムのリール動画】旅行系Vlog動画作成！！
2025-01-16 23:09:30.660 | DEBUG    | __main__:scrape_jobs:253 - 本文: 説明なし...
2025-01-16 23:09:30.661 | INFO     | __main__:scrape_jobs:252 - 案件を取得: 【長期】【月10万〜20万】【ECサイトの受注／顧客対応】楽天市場、Yahoo、Amazon（ネットショップ通販CSメール対応）
2025-01-16 23:09:30.661 | DEBUG    | __main__:scrape_jobs:253 - 本文: 説明なし...
2025-01-16 23:09:30.661 | INFO     | __main__:scrape_jobs:252 - 案件を取得: 【月4本/1本4000円〜】ビジネス系の動画作成業務！！
2025-01-16 23:09:30.661 | DEBUG    | __main__:scrape_jobs:253 - 本文: 説明なし...
2025-01-16 23:09:30.661 | INFO     | __main__:scrape_jobs:252 - 案件を取得: 【実際作り！】楽しくお仕事ができる方！！　美容コスメ系の記事作成！！
2025-01-16 23:09:30.661 | DEBUG    | __main__:scrape_jobs:253 - 本文: 説明なし...
2025-01-16 23:09:30.662 | INFO     | __main__:scrape_jobs:252 - 案件を取得: 【YouTube漫画動画】1ページ単価1500円〜脚本をもとに作画していただけるイラストレーター様を大募集【過去実績問わず】
2025-01-16 23:09:30.662 | DEBUG    | __main__:scrape_jobs:253 - 本文: 説明なし...
2025-01-16 23:09:30.662 | INFO     | __main__:scrape_jobs:252 - 案件を取得: 【コーヒーカップのデザイン】プロダクトデザインをして頂ける方を募集します。
2025-01-16 23:09:30.662 | DEBUG    | __main__:scrape_jobs:253 - 本文: 説明なし...
2025-01-16 23:09:30.662 | INFO     | __main__:scrape_jobs:252 - 案件を取得: 【Canva×英語】ECの商品画像作成（デザイン初心者OK）
2025-01-16 23:09:30.663 | DEBUG    | __main__:scrape_jobs:253 - 本文: 説明なし...
2025-01-16 23:09:30.663 | INFO     | __main__:scrape_jobs:252 - 案件を取得: 【経験者さま優遇★完全在宅★ご自身のペースで】ebayリサーチ業務／1件70円／利益15%還元／女性中心の楽しい職場です♪
2025-01-16 23:09:30.663 | DEBUG    | __main__:scrape_jobs:253 - 本文: 説明なし...
2025-01-16 23:09:30.663 | INFO     | __main__:scrape_jobs:252 - 案件を取得: 【主婦・主夫の方歓迎☆自分の都合の良い時間に働けます☆】 解説文のチェック・問題文の整形作業
2025-01-16 23:09:30.663 | DEBUG    | __main__:scrape_jobs:253 - 本文: 説明なし...
2025-01-16 23:09:30.664 | INFO     | __main__:scrape_jobs:252 - 案件を取得: YouTubeの動画編集者を募集！Vrewで作業！〈初心者OK〉〈昼間の作業のため主婦の方も歓迎〉
2025-01-16 23:09:30.664 | DEBUG    | __main__:scrape_jobs:253 - 本文: 説明なし...
2025-01-16 23:09:30.664 | INFO     | __main__:scrape_jobs:252 - 案件を取得: 【高単価/1分あたり1,000～3,000円】VTuber切り抜きショート動画の編集者募集！
2025-01-16 23:09:30.664 | DEBUG    | __main__:scrape_jobs:253 - 本文: 説明なし...
2025-01-16 23:09:30.664 | INFO     | __main__:scrape_jobs:252 - 案件を取得: 【電子書籍：表紙デザイン募集】安心感のある表紙デザインのご提案をお願いします。
2025-01-16 23:09:30.664 | DEBUG    | __main__:scrape_jobs:253 - 本文: 説明なし...
2025-01-16 23:09:30.665 | INFO     | __main__:scrape_jobs:252 - 案件を取得: SNSのアカウント情報の編集作業
2025-01-16 23:09:30.665 | DEBUG    | __main__:scrape_jobs:253 - 本文: 説明なし...
2025-01-16 23:09:30.665 | INFO     | __main__:scrape_jobs:252 - 案件を取得: 女性・親子向け歯科医院のTOPページのデザイン
2025-01-16 23:09:30.665 | DEBUG    | __main__:scrape_jobs:253 - 本文: 説明なし...
2025-01-16 23:09:30.665 | INFO     | __main__:scrape_jobs:252 - 案件を取得: 「リアルテスト人生ゲーム」のコンセプト調査：みんなの意見を教えてください！
2025-01-16 23:09:30.665 | DEBUG    | __main__:scrape_jobs:253 - 本文: 説明なし...
2025-01-16 23:09:30.666 | INFO     | __main__:scrape_jobs:252 - 案件を取得: 【男性限定】卒論のためのアンケート
2025-01-16 23:09:30.666 | DEBUG    | __main__:scrape_jobs:253 - 本文: 説明なし...
2025-01-16 23:09:30.666 | INFO     | __main__:scrape_jobs:252 - 案件を取得: 【単純作業】主婦歓迎！好きな時間に　簡単な事務　主婦が活躍しています。【完全在宅】
2025-01-16 23:09:30.666 | DEBUG    | __main__:scrape_jobs:253 - 本文: 説明なし...
2025-01-16 23:09:30.666 | INFO     | __main__:scrape_jobs:252 - 案件を取得: 【雑学系】簡単な動画編集
2025-01-16 23:09:30.667 | DEBUG    | __main__:scrape_jobs:253 - 本文: 説明なし...
2025-01-16 23:09:30.667 | INFO     | __main__:scrape_jobs:252 - 案件を取得: ★継続依頼あり★企業の問合せフォームへの入力代行作業のお仕事♪♪♪
2025-01-16 23:09:30.667 | DEBUG    | __main__:scrape_jobs:253 - 本文: 説明なし...
2025-01-16 23:09:30.667 | INFO     | __main__:scrape_jobs:252 - 案件を取得: 同人作家「ニート社長」の名刺デザイン
2025-01-16 23:09:30.667 | DEBUG    | __main__:scrape_jobs:253 - 本文: 説明なし...
2025-01-16 23:09:30.668 | INFO     | __main__:scrape_jobs:252 - 案件を取得: 動画編集を始めたい方、スキルアップや実績作りを目指す方を募集中！【未経験OK！】報酬800円
2025-01-16 23:09:30.668 | DEBUG    | __main__:scrape_jobs:253 - 本文: 説明なし...
2025-01-16 23:09:30.669 | INFO     | __main__:scrape_jobs:252 - 案件を取得: ✨転職、退職を検討されている方へアンケート(経験者でも大丈夫です)【フォーム記入式⭐1件10円】✨
2025-01-16 23:09:30.669 | DEBUG    | __main__:scrape_jobs:253 - 本文: 説明なし...
2025-01-16 23:09:30.669 | INFO     | __main__:scrape_jobs:252 - 案件を取得: 【簡単・入力作業＆アンケートで400円】あなたの年収を教えてください（個人情報伏せ字でOK）【1/16募集スタート】
2025-01-16 23:09:30.669 | DEBUG    | __main__:scrape_jobs:253 - 本文: 説明なし...
2025-01-16 23:09:30.669 | INFO     | __main__:scrape_jobs:252 - 案件を取得: 【高単価・継続あり】YouTube動画編集・動画作成
2025-01-16 23:09:30.669 | DEBUG    | __main__:scrape_jobs:253 - 本文: 説明なし...
2025-01-16 23:09:30.670 | INFO     | __main__:scrape_jobs:252 - 案件を取得: 【急募！10名限定！】漫画「チンポマン」の感想を教えて下さい。
2025-01-16 23:09:30.670 | DEBUG    | __main__:scrape_jobs:253 - 本文: 説明なし...
2025-01-16 23:09:30.670 | INFO     | __main__:scrape_jobs:252 - 案件を取得: 【継続案件！1本2000円！】YouTubeショート動画の制作
2025-01-16 23:09:30.670 | DEBUG    | __main__:scrape_jobs:253 - 本文: 説明なし...
2025-01-16 23:09:30.670 | INFO     | __main__:scrape_jobs:252 - 案件を取得: 企業の情報収集を行っていただきたいです！マニュアル有
2025-01-16 23:09:30.670 | DEBUG    | __main__:scrape_jobs:253 - 本文: 説明なし...
2025-01-16 23:09:30.671 | INFO     | __main__:scrape_jobs:252 - 案件を取得: 【初心者大歓迎】ガールズチャンネルからスレを拾う簡単作業【台本作成】
2025-01-16 23:09:30.671 | DEBUG    | __main__:scrape_jobs:253 - 本文: 説明なし...
2025-01-16 23:09:30.671 | INFO     | __main__:scrape_jobs:252 - 案件を取得: 【1本3,000円】YouTube漫画のあらすじを元にスカッと胸キュンするシナリオ作成！！継続発注有【経験者歓迎】
2025-01-16 23:09:30.671 | DEBUG    | __main__:scrape_jobs:253 - 本文: 説明なし...
2025-01-16 23:09:30.671 | INFO     | __main__:scrape_jobs:252 - 案件を取得: トップページのライティング
2025-01-16 23:09:30.672 | DEBUG    | __main__:scrape_jobs:253 - 本文: 説明なし...
2025-01-16 23:09:30.672 | INFO     | __main__:scrape_jobs:252 - 案件を取得: 占いアプリ『ケアプリ]』で、占ってもらったことある方。アンケートご協力ください。
2025-01-16 23:09:30.672 | DEBUG    | __main__:scrape_jobs:253 - 本文: 説明なし...
2025-01-16 23:09:30.672 | INFO     | __main__:scrape_jobs:252 - 案件を取得: 【類塾・馬渕以外】大阪の北野高校に通うならおすすめの塾はどれ？【アンケート】
2025-01-16 23:09:30.672 | DEBUG    | __main__:scrape_jobs:253 - 本文: 説明なし...
2025-01-16 23:09:30.673 | INFO     | __main__:scrape_jobs:252 - 案件を取得: ShopifyとGoogle Analytics 4（GA4）の連携・データドリブンアトリビューション設定サポート
2025-01-16 23:09:30.673 | DEBUG    | __main__:scrape_jobs:253 - 本文: 説明なし...
2025-01-16 23:09:30.673 | INFO     | __main__:scrape_jobs:252 - 案件を取得: 【未経験大歓迎／継続案件】Vrewで文字起こしできる方を募集します！【マニュアル＆サポートあり】
2025-01-16 23:09:30.673 | DEBUG    | __main__:scrape_jobs:253 - 本文: 説明なし...
2025-01-16 23:09:30.674 | INFO     | __main__:scrape_jobs:252 - 案件を取得: ✳︎1件10円アンケート⭐︎転職、退職を検討中の方に侑めます。(転職、退職経験者でも可能です)⭐︎(TTT)/✨
2025-01-16 23:09:30.675 | DEBUG    | __main__:scrape_jobs:253 - 本文: 説明なし...
2025-01-16 23:09:30.675 | INFO     | __main__:scrape_jobs:252 - 案件を取得: 求職者様へのインタビュー内容をまとめて、記事コンテンツ化をお願いいたします（インタビューは実施済です）
2025-01-16 23:09:30.675 | DEBUG    | __main__:scrape_jobs:253 - 本文: 説明なし...
2025-01-16 23:09:30.676 | INFO     | __main__:scrape_jobs:252 - 案件を取得: ＼インスタ投稿作成・インスタ運用できる方大募集／
2025-01-16 23:09:30.676 | DEBUG    | __main__:scrape_jobs:253 - 本文: 説明なし...
2025-01-16 23:09:30.676 | INFO     | __main__:scrape_jobs:252 - 案件を取得: 【初心者の方歓迎】YouTube長尺動画作成のお仕事
2025-01-16 23:09:30.676 | DEBUG    | __main__:scrape_jobs:253 - 本文: 説明なし...
2025-01-16 23:09:30.677 | INFO     | __main__:scrape_jobs:252 - 案件を取得: 《急募》TikTokのショート動画編集（継続案件）
2025-01-16 23:09:30.677 | DEBUG    | __main__:scrape_jobs:253 - 本文: 説明なし...
2025-01-16 23:09:30.677 | INFO     | __main__:scrape_jobs:252 - 案件を取得: SNSの裏方業務を募集します！(マニュアルあり、初心者OK) 月2万円お支払いします
2025-01-16 23:09:30.677 | DEBUG    | __main__:scrape_jobs:253 - 本文: 説明なし...
2025-01-16 23:09:30.678 | INFO     | __main__:scrape_jobs:252 - 案件を取得: YouTube動画、恋愛雑学系アニメ動画の台本制作
2025-01-16 23:09:30.678 | DEBUG    | __main__:scrape_jobs:253 - 本文: 説明なし...
2025-01-16 23:09:30.678 | INFO     | __main__:scrape_jobs:252 - 案件を取得: ✨渋い10円アンケート！資産運用、投資の意識調査について✳︎(tsmt);【フォーム記入式】✨
2025-01-16 23:09:30.678 | DEBUG    | __main__:scrape_jobs:253 - 本文: 説明なし...
2025-01-16 23:09:30.679 | INFO     | __main__:scrape_jobs:252 - 案件を取得: 【完全在宅】リユース古着(セットアップ)のアクセサリー/ラペルピン＆チーフ制作をしてくださる方を募集！！在宅主婦も大歓迎♪
2025-01-16 23:09:30.679 | DEBUG    | __main__:scrape_jobs:253 - 本文: 説明なし...
2025-01-16 23:09:30.679 | INFO     | __main__:scrape_jobs:252 - 案件を取得: 報酬1500円✨【実績作りや、初心者の方OKです！】プロテインに関する記事作成依頼！
2025-01-16 23:09:30.679 | DEBUG    | __main__:scrape_jobs:253 - 本文: 説明なし...
2025-01-16 23:09:30.679 | INFO     | __main__:scrape_jobs:252 - 案件を取得: 【簡単継続案件！月15000円以上可能！】切り抜きショート動画の制作
2025-01-16 23:09:30.680 | DEBUG    | __main__:scrape_jobs:253 - 本文: 説明なし...
2025-01-16 23:09:30.680 | INFO     | __main__:scrape_jobs:252 - 案件を取得: 宣材撮影、グラビア撮影
2025-01-16 23:09:30.680 | DEBUG    | __main__:scrape_jobs:253 - 本文: 説明なし...
2025-01-16 23:09:30.680 | INFO     | __main__:scrape_jobs:252 - 案件を取得: 【継続案件！1本8000円！】YouTubeの動画編集！
2025-01-16 23:09:30.680 | DEBUG    | __main__:scrape_jobs:253 - 本文: 説明なし...
2025-01-16 23:09:30.681 | INFO     | __main__:scrape_jobs:252 - 案件を取得: 【これからどうしよう…】将来に向けたお金の計画についてアンケート
2025-01-16 23:09:30.681 | DEBUG    | __main__:scrape_jobs:253 - 本文: 説明なし...
2025-01-16 23:09:30.681 | INFO     | __main__:scrape_jobs:252 - 案件を取得: 特化ブログでおすすめのジャンルを教えて下さい。あわせてペルソナも考えて下さい。
2025-01-16 23:09:30.681 | DEBUG    | __main__:scrape_jobs:253 - 本文: 説明なし...
2025-01-16 23:09:30.681 | INFO     | __main__:scrape_jobs:252 - 案件を取得: ブログのファビコン作成依頼
2025-01-16 23:09:30.681 | DEBUG    | __main__:scrape_jobs:253 - 本文: 説明なし...
2025-01-16 23:09:30.682 | INFO     | __main__:scrape_jobs:252 - 案件を取得: 【実績作りに！初心者歓迎です！】人気のカフェのInstagram用投稿画像制作依頼について❤️
2025-01-16 23:09:30.682 | DEBUG    | __main__:scrape_jobs:253 - 本文: 説明なし...
2025-01-16 23:09:30.682 | INFO     | __main__:scrape_jobs:259 - 57件の案件を取得
2025-01-16 23:09:30.698 | INFO     | __main__:save_jobs:289 - データを保存しました: crawled_data/jobs_20250116_230930.json, crawled_data/jobs_20250116_230930.csv
2025-01-16 23:09:30.836 | INFO     | __main__:run:301 - クローラーを終了します
