2025-01-16 22:56:03.506 | INFO     | __main__:setup_driver:85 - ChromeDriverの設定が完了しました
2025-01-16 22:56:03.510 | INFO     | __main__:login:103 - ログイン処理を開始
2025-01-16 22:56:04.739 | INFO     | __main__:login:105 - 現在のURL: https://crowdworks.jp/login
2025-01-16 22:56:06.743 | INFO     | __main__:login:112 - ログインフォームの要素を探索中...
2025-01-16 22:56:06.747 | INFO     | __main__:login:132 - ログインフォームの要素を発見
2025-01-16 22:56:08.760 | INFO     | __main__:login:156 - ログインボタンをクリック
2025-01-16 22:56:14.589 | INFO     | __main__:login:165 - ログイン後のURL: https://crowdworks.jp/dashboard
2025-01-16 22:56:14.592 | INFO     | __main__:login:167 - ログイン成功
2025-01-16 22:56:14.594 | INFO     | __main__:scrape_jobs:205 - 案件情報の取得を開始
2025-01-16 22:56:20.429 | INFO     | __main__:scrape_jobs:262 - 案件を取得: 【完全リモート】スキマ時間で完了！携帯でゲームをしていただくだけのお仕事です！【高時給】※男性の方優遇
2025-01-16 22:56:20.429 | DEBUG    | __main__:scrape_jobs:263 - 本文: 説明なし...
2025-01-16 22:56:20.461 | INFO     | __main__:scrape_jobs:262 - 案件を取得: 【大大募集！】歯医者さんへの口コミ投稿（口コミ投稿まで2分で完了）_240115_Dop
2025-01-16 22:56:20.462 | DEBUG    | __main__:scrape_jobs:263 - 本文: 説明なし...
2025-01-16 22:56:20.499 | INFO     | __main__:scrape_jobs:262 - 案件を取得: 【初心者歓迎】【かんたん作業！】ライティングに関する簡単な作業をお願いします！
2025-01-16 22:56:20.499 | DEBUG    | __main__:scrape_jobs:263 - 本文: 説明なし...
2025-01-16 22:56:20.531 | INFO     | __main__:scrape_jobs:262 - 案件を取得: 【YouTube漫画動画】1ページ単価1500円〜脚本をもとに作画していただけるイラストレーター様を大募集【過去実績問わず】
2025-01-16 22:56:20.531 | DEBUG    | __main__:scrape_jobs:263 - 本文: 説明なし...
2025-01-16 22:56:20.567 | INFO     | __main__:scrape_jobs:262 - 案件を取得: 【コーヒーカップのデザイン】プロダクトデザインをして頂ける方を募集します。
2025-01-16 22:56:20.568 | DEBUG    | __main__:scrape_jobs:263 - 本文: 説明なし...
2025-01-16 22:56:20.602 | INFO     | __main__:scrape_jobs:262 - 案件を取得: 【Canva×英語】ECの商品画像作成（デザイン初心者OK）
2025-01-16 22:56:20.602 | DEBUG    | __main__:scrape_jobs:263 - 本文: 説明なし...
2025-01-16 22:56:20.637 | INFO     | __main__:scrape_jobs:262 - 案件を取得: YouTubeの動画編集者を募集！Vrewで作業！〈初心者OK〉〈昼間の作業のため主婦の方も歓迎〉
2025-01-16 22:56:20.637 | DEBUG    | __main__:scrape_jobs:263 - 本文: 説明なし...
2025-01-16 22:56:20.669 | INFO     | __main__:scrape_jobs:262 - 案件を取得: 【高単価/1分あたり1,000～3,000円】VTuber切り抜きショート動画の編集者募集！
2025-01-16 22:56:20.670 | DEBUG    | __main__:scrape_jobs:263 - 本文: 説明なし...
2025-01-16 22:56:20.704 | INFO     | __main__:scrape_jobs:262 - 案件を取得: 【電子書籍：表紙デザイン募集】安心感のある表紙デザインのご提案をお願いします。
2025-01-16 22:56:20.705 | DEBUG    | __main__:scrape_jobs:263 - 本文: 説明なし...
2025-01-16 22:56:20.741 | INFO     | __main__:scrape_jobs:262 - 案件を取得: SNSのアカウント情報の編集作業
2025-01-16 22:56:20.741 | DEBUG    | __main__:scrape_jobs:263 - 本文: 説明なし...
2025-01-16 22:56:20.779 | INFO     | __main__:scrape_jobs:262 - 案件を取得: 女性・親子向け歯科医院のTOPページのデザイン
2025-01-16 22:56:20.779 | DEBUG    | __main__:scrape_jobs:263 - 本文: 説明なし...
2025-01-16 22:56:20.812 | INFO     | __main__:scrape_jobs:262 - 案件を取得: 「リアルテスト人生ゲーム」のコンセプト調査：みんなの意見を教えてください！
2025-01-16 22:56:20.812 | DEBUG    | __main__:scrape_jobs:263 - 本文: 説明なし...
2025-01-16 22:56:20.845 | INFO     | __main__:scrape_jobs:262 - 案件を取得: 【男性限定】卒論のためのアンケート
2025-01-16 22:56:20.845 | DEBUG    | __main__:scrape_jobs:263 - 本文: 説明なし...
2025-01-16 22:56:20.880 | INFO     | __main__:scrape_jobs:262 - 案件を取得: 【主婦・主夫の方歓迎☆自分の都合の良い時間に働けます☆】 解説文のチェック・問題文の整形作業
2025-01-16 22:56:20.881 | DEBUG    | __main__:scrape_jobs:263 - 本文: 説明なし...
2025-01-16 22:56:20.919 | INFO     | __main__:scrape_jobs:262 - 案件を取得: 【報酬アップも可能】男性向けR18ゲーム用HCG制作★テスト制作から本採用へ！
2025-01-16 22:56:20.919 | DEBUG    | __main__:scrape_jobs:263 - 本文: 説明なし...
2025-01-16 22:56:20.954 | INFO     | __main__:scrape_jobs:262 - 案件を取得: 【単純作業】主婦歓迎！好きな時間に　簡単な事務　主婦が活躍しています。【完全在宅】
2025-01-16 22:56:20.954 | DEBUG    | __main__:scrape_jobs:263 - 本文: 説明なし...
2025-01-16 22:56:20.988 | INFO     | __main__:scrape_jobs:262 - 案件を取得: 【雑学系】簡単な動画編集
2025-01-16 22:56:20.988 | DEBUG    | __main__:scrape_jobs:263 - 本文: 説明なし...
2025-01-16 22:56:21.020 | INFO     | __main__:scrape_jobs:262 - 案件を取得: ★継続依頼あり★企業の問合せフォームへの入力代行作業のお仕事♪♪♪
2025-01-16 22:56:21.020 | DEBUG    | __main__:scrape_jobs:263 - 本文: 説明なし...
2025-01-16 22:56:21.057 | INFO     | __main__:scrape_jobs:262 - 案件を取得: ✨転職、退職を検討されている方へアンケート(経験者でも大丈夫です)【フォーム記入式⭐1件10円】✨
2025-01-16 22:56:21.057 | DEBUG    | __main__:scrape_jobs:263 - 本文: 説明なし...
2025-01-16 22:56:21.112 | INFO     | __main__:scrape_jobs:262 - 案件を取得: 【簡単・入力作業＆アンケートで400円】あなたの年収を教えてください（個人情報伏せ字でOK）【1/16募集スタート】
2025-01-16 22:56:21.112 | DEBUG    | __main__:scrape_jobs:263 - 本文: 説明なし...
2025-01-16 22:56:21.148 | INFO     | __main__:scrape_jobs:262 - 案件を取得: 【高単価・継続あり】YouTube動画編集・動画作成
2025-01-16 22:56:21.148 | DEBUG    | __main__:scrape_jobs:263 - 本文: 説明なし...
2025-01-16 22:56:21.180 | INFO     | __main__:scrape_jobs:262 - 案件を取得: 【急募！10名限定！】漫画「チンポマン」の感想を教えて下さい。
2025-01-16 22:56:21.180 | DEBUG    | __main__:scrape_jobs:263 - 本文: 説明なし...
2025-01-16 22:56:21.217 | INFO     | __main__:scrape_jobs:262 - 案件を取得: 【継続案件！1本2000円！】YouTubeショート動画の制作
2025-01-16 22:56:21.217 | DEBUG    | __main__:scrape_jobs:263 - 本文: 説明なし...
2025-01-16 22:56:21.254 | INFO     | __main__:scrape_jobs:262 - 案件を取得: 企業の情報収集を行っていただきたいです！マニュアル有
2025-01-16 22:56:21.255 | DEBUG    | __main__:scrape_jobs:263 - 本文: 説明なし...
2025-01-16 22:56:21.290 | INFO     | __main__:scrape_jobs:262 - 案件を取得: 【初心者大歓迎】ガールズチャンネルからスレを拾う簡単作業【台本作成】
2025-01-16 22:56:21.290 | DEBUG    | __main__:scrape_jobs:263 - 本文: 説明なし...
2025-01-16 22:56:21.322 | INFO     | __main__:scrape_jobs:262 - 案件を取得: 同人作家「ニート社長」の名刺デザイン
2025-01-16 22:56:21.322 | DEBUG    | __main__:scrape_jobs:263 - 本文: 説明なし...
2025-01-16 22:56:21.357 | INFO     | __main__:scrape_jobs:262 - 案件を取得: 【副業！経験者優遇！主婦&未経験者も大歓迎です】海外物販サイトeBayでの出品商品リサーチ業務 ※研修もしっかり行います
2025-01-16 22:56:21.358 | DEBUG    | __main__:scrape_jobs:263 - 本文: 説明なし...
2025-01-16 22:56:21.396 | INFO     | __main__:scrape_jobs:262 - 案件を取得: 【1本3,000円】YouTube漫画のあらすじを元にスカッと胸キュンするシナリオ作成！！継続発注有【経験者歓迎】
2025-01-16 22:56:21.396 | DEBUG    | __main__:scrape_jobs:263 - 本文: 説明なし...
2025-01-16 22:56:21.432 | INFO     | __main__:scrape_jobs:262 - 案件を取得: トップページのライティング
2025-01-16 22:56:21.432 | DEBUG    | __main__:scrape_jobs:263 - 本文: 説明なし...
2025-01-16 22:56:21.465 | INFO     | __main__:scrape_jobs:262 - 案件を取得: 占いアプリ『ケアプリ]』で、占ってもらったことある方。アンケートご協力ください。
2025-01-16 22:56:21.465 | DEBUG    | __main__:scrape_jobs:263 - 本文: 説明なし...
2025-01-16 22:56:21.497 | INFO     | __main__:scrape_jobs:262 - 案件を取得: 【類塾・馬渕以外】大阪の北野高校に通うならおすすめの塾はどれ？【アンケート】
2025-01-16 22:56:21.497 | DEBUG    | __main__:scrape_jobs:263 - 本文: 説明なし...
2025-01-16 22:56:21.531 | INFO     | __main__:scrape_jobs:262 - 案件を取得: ShopifyとGoogle Analytics 4（GA4）の連携・データドリブンアトリビューション設定サポート
2025-01-16 22:56:21.531 | DEBUG    | __main__:scrape_jobs:263 - 本文: 説明なし...
2025-01-16 22:56:21.566 | INFO     | __main__:scrape_jobs:262 - 案件を取得: 【未経験大歓迎／継続案件】Vrewで文字起こしできる方を募集します！【マニュアル＆サポートあり】
2025-01-16 22:56:21.566 | DEBUG    | __main__:scrape_jobs:263 - 本文: 説明なし...
2025-01-16 22:56:21.602 | INFO     | __main__:scrape_jobs:262 - 案件を取得: ✳︎1件10円アンケート⭐︎転職、退職を検討中の方に侑めます。(転職、退職経験者でも可能です)⭐︎(TTT)/✨
2025-01-16 22:56:21.602 | DEBUG    | __main__:scrape_jobs:263 - 本文: 説明なし...
2025-01-16 22:56:21.635 | INFO     | __main__:scrape_jobs:262 - 案件を取得: 求職者様へのインタビュー内容をまとめて、記事コンテンツ化をお願いいたします（インタビューは実施済です）
2025-01-16 22:56:21.635 | DEBUG    | __main__:scrape_jobs:263 - 本文: 説明なし...
2025-01-16 22:56:21.671 | INFO     | __main__:scrape_jobs:262 - 案件を取得: ＼インスタ投稿作成・インスタ運用できる方大募集／
2025-01-16 22:56:21.671 | DEBUG    | __main__:scrape_jobs:263 - 本文: 説明なし...
2025-01-16 22:56:21.705 | INFO     | __main__:scrape_jobs:262 - 案件を取得: 【初心者の方歓迎】YouTube長尺動画作成のお仕事
2025-01-16 22:56:21.705 | DEBUG    | __main__:scrape_jobs:263 - 本文: 説明なし...
2025-01-16 22:56:21.739 | INFO     | __main__:scrape_jobs:262 - 案件を取得: 《急募》TikTokのショート動画編集（継続案件）
2025-01-16 22:56:21.739 | DEBUG    | __main__:scrape_jobs:263 - 本文: 説明なし...
2025-01-16 22:56:21.775 | INFO     | __main__:scrape_jobs:262 - 案件を取得: SNSの裏方業務を募集します！(マニュアルあり、初心者OK) 月2万円お支払いします
2025-01-16 22:56:21.775 | DEBUG    | __main__:scrape_jobs:263 - 本文: 説明なし...
2025-01-16 22:56:21.812 | INFO     | __main__:scrape_jobs:262 - 案件を取得: YouTube動画、恋愛雑学系アニメ動画の台本制作
2025-01-16 22:56:21.812 | DEBUG    | __main__:scrape_jobs:263 - 本文: 説明なし...
2025-01-16 22:56:21.848 | INFO     | __main__:scrape_jobs:262 - 案件を取得: ✨渋い10円アンケート！資産運用、投資の意識調査について✳︎(tsmt);【フォーム記入式】✨
2025-01-16 22:56:21.849 | DEBUG    | __main__:scrape_jobs:263 - 本文: 説明なし...
2025-01-16 22:56:21.884 | INFO     | __main__:scrape_jobs:262 - 案件を取得: 【完全在宅】リユース古着(セットアップ)のアクセサリー/ラペルピン＆チーフ制作をしてくださる方を募集！！在宅主婦も大歓迎♪
2025-01-16 22:56:21.884 | DEBUG    | __main__:scrape_jobs:263 - 本文: 説明なし...
2025-01-16 22:56:21.922 | INFO     | __main__:scrape_jobs:262 - 案件を取得: 報酬1500円✨【実績作りや、初心者の方OKです！】プロテインに関する記事作成依頼！
2025-01-16 22:56:21.922 | DEBUG    | __main__:scrape_jobs:263 - 本文: 説明なし...
2025-01-16 22:56:21.957 | INFO     | __main__:scrape_jobs:262 - 案件を取得: 【簡単継続案件！月15000円以上可能！】切り抜きショート動画の制作
2025-01-16 22:56:21.957 | DEBUG    | __main__:scrape_jobs:263 - 本文: 説明なし...
2025-01-16 22:56:21.991 | INFO     | __main__:scrape_jobs:262 - 案件を取得: 宣材撮影、グラビア撮影
2025-01-16 22:56:21.991 | DEBUG    | __main__:scrape_jobs:263 - 本文: 説明なし...
2025-01-16 22:56:22.028 | INFO     | __main__:scrape_jobs:262 - 案件を取得: 【継続案件！1本8000円！】YouTubeの動画編集！
2025-01-16 22:56:22.028 | DEBUG    | __main__:scrape_jobs:263 - 本文: 説明なし...
2025-01-16 22:56:22.072 | INFO     | __main__:scrape_jobs:262 - 案件を取得: 【これからどうしよう…】将来に向けたお金の計画についてアンケート
2025-01-16 22:56:22.072 | DEBUG    | __main__:scrape_jobs:263 - 本文: 説明なし...
2025-01-16 22:56:22.112 | INFO     | __main__:scrape_jobs:262 - 案件を取得: 特化ブログでおすすめのジャンルを教えて下さい。あわせてペルソナも考えて下さい。
2025-01-16 22:56:22.112 | DEBUG    | __main__:scrape_jobs:263 - 本文: 説明なし...
2025-01-16 22:56:22.145 | INFO     | __main__:scrape_jobs:262 - 案件を取得: ブログのファビコン作成依頼
2025-01-16 22:56:22.146 | DEBUG    | __main__:scrape_jobs:263 - 本文: 説明なし...
2025-01-16 22:56:22.181 | INFO     | __main__:scrape_jobs:262 - 案件を取得: 【実績作りに！初心者歓迎です！】人気のカフェのInstagram用投稿画像制作依頼について❤️
2025-01-16 22:56:22.182 | DEBUG    | __main__:scrape_jobs:263 - 本文: 説明なし...
2025-01-16 22:56:22.217 | INFO     | __main__:scrape_jobs:262 - 案件を取得: 【1本4000円！継続あり！】簡単スライド動画制作１
2025-01-16 22:56:22.218 | DEBUG    | __main__:scrape_jobs:263 - 本文: 説明なし...
2025-01-16 22:56:22.252 | INFO     | __main__:scrape_jobs:262 - 案件を取得: 【継続案件あり】商材（今回は枕）の販促用広告動画の撮影、編集、納品までを行うことのできるクリエイターさん募集
2025-01-16 22:56:22.252 | DEBUG    | __main__:scrape_jobs:263 - 本文: 説明なし...
2025-01-16 22:56:22.285 | INFO     | __main__:scrape_jobs:262 - 案件を取得: 【急募・決定後作業可能】ShopifyでのECサイト構築、カスタマイズあり
2025-01-16 22:56:22.285 | DEBUG    | __main__:scrape_jobs:263 - 本文: 説明なし...
2025-01-16 22:56:22.320 | INFO     | __main__:scrape_jobs:262 - 案件を取得: 【案件こなしながら自分のタイプも知りませんか？】MBTIに関する記事作成依頼！
2025-01-16 22:56:22.320 | DEBUG    | __main__:scrape_jobs:263 - 本文: 説明なし...
2025-01-16 22:56:22.354 | INFO     | __main__:scrape_jobs:262 - 案件を取得: 現行ECCUBEのリニューアルをしたいと思います！
2025-01-16 22:56:22.355 | DEBUG    | __main__:scrape_jobs:263 - 本文: 説明なし...
2025-01-16 22:56:22.391 | INFO     | __main__:scrape_jobs:262 - 案件を取得: 【成功報酬1万円】美容脱毛から医療脱毛へ勧めるLP。ヤフー広告のリスティング広告で掲載不可の審査のLPを掲載OKにしたい。
2025-01-16 22:56:22.391 | DEBUG    | __main__:scrape_jobs:263 - 本文: 説明なし...
2025-01-16 22:56:22.425 | INFO     | __main__:scrape_jobs:262 - 案件を取得: 【継続依頼アリ】営業先のリサーチ＆リスト作成
2025-01-16 22:56:22.425 | DEBUG    | __main__:scrape_jobs:263 - 本文: 説明なし...
2025-01-16 22:56:22.425 | INFO     | __main__:scrape_jobs:270 - 57件の案件を取得
2025-01-16 22:56:22.435 | INFO     | __main__:save_jobs:301 - データを保存しました: crawled_data/jobs_20250116_225622.json, crawled_data/jobs_20250116_225622.csv
2025-01-16 22:56:22.522 | INFO     | __main__:run:313 - クローラーを終了します
