2025-01-16 23:04:53.454 | INFO     | __main__:setup_driver:86 - ChromeDriverの設定が完了しました
2025-01-16 23:04:53.455 | INFO     | __main__:login:104 - ログイン処理を開始
2025-01-16 23:04:54.883 | INFO     | __main__:login:106 - 現在のURL: https://crowdworks.jp/login
2025-01-16 23:04:56.890 | INFO     | __main__:login:113 - ログインフォームの要素を探索中...
2025-01-16 23:04:56.893 | INFO     | __main__:login:133 - ログインフォームの要素を発見
2025-01-16 23:04:58.914 | INFO     | __main__:login:157 - ログインボタンをクリック
2025-01-16 23:05:05.043 | INFO     | __main__:login:166 - ログイン後のURL: https://crowdworks.jp/dashboard
2025-01-16 23:05:05.046 | INFO     | __main__:login:168 - ログイン成功
2025-01-16 23:05:05.046 | INFO     | __main__:scrape_jobs:206 - 案件情報の取得を開始
2025-01-16 23:05:10.914 | INFO     | __main__:scrape_jobs:251 - 案件を取得: 【初心者OK！スマホゲーム・アプリ操作モニタリング】《7日間限定・1日15分のカンタン作業》
2025-01-16 23:05:10.914 | DEBUG    | __main__:scrape_jobs:252 - 本文: 説明なし...
2025-01-16 23:05:10.915 | INFO     | __main__:scrape_jobs:251 - 案件を取得: 【初心者歓迎】【かんたん作業！】ライティングに関する簡単な作業をお願いします！
2025-01-16 23:05:10.915 | DEBUG    | __main__:scrape_jobs:252 - 本文: 説明なし...
2025-01-16 23:05:10.915 | INFO     | __main__:scrape_jobs:251 - 案件を取得: 【1件で750円☆】✨美容クリニック・皮膚科✨での経験を教えてください【医療脱毛・肌治療OK】
2025-01-16 23:05:10.915 | DEBUG    | __main__:scrape_jobs:252 - 本文: 説明なし...
2025-01-16 23:05:10.915 | INFO     | __main__:scrape_jobs:251 - 案件を取得: 【長期】【月10万〜20万】【ECサイトの受注／顧客対応】楽天市場、Yahoo、Amazon（ネットショップ通販CSメール対応）
2025-01-16 23:05:10.916 | DEBUG    | __main__:scrape_jobs:252 - 本文: 説明なし...
2025-01-16 23:05:10.916 | INFO     | __main__:scrape_jobs:251 - 案件を取得: 【月4本/1本4000円〜】ビジネス系の動画作成業務！！
2025-01-16 23:05:10.916 | DEBUG    | __main__:scrape_jobs:252 - 本文: 説明なし...
2025-01-16 23:05:10.916 | INFO     | __main__:scrape_jobs:251 - 案件を取得: 【実際作り！】楽しくお仕事ができる方！！　美容コスメ系の記事作成！！
2025-01-16 23:05:10.916 | DEBUG    | __main__:scrape_jobs:252 - 本文: 説明なし...
2025-01-16 23:05:10.917 | INFO     | __main__:scrape_jobs:251 - 案件を取得: 【YouTube漫画動画】1ページ単価1500円〜脚本をもとに作画していただけるイラストレーター様を大募集【過去実績問わず】
2025-01-16 23:05:10.917 | DEBUG    | __main__:scrape_jobs:252 - 本文: 説明なし...
2025-01-16 23:05:10.917 | INFO     | __main__:scrape_jobs:251 - 案件を取得: 【コーヒーカップのデザイン】プロダクトデザインをして頂ける方を募集します。
2025-01-16 23:05:10.917 | DEBUG    | __main__:scrape_jobs:252 - 本文: 説明なし...
2025-01-16 23:05:10.917 | INFO     | __main__:scrape_jobs:251 - 案件を取得: 【Canva×英語】ECの商品画像作成（デザイン初心者OK）
2025-01-16 23:05:10.917 | DEBUG    | __main__:scrape_jobs:252 - 本文: 説明なし...
2025-01-16 23:05:10.917 | INFO     | __main__:scrape_jobs:251 - 案件を取得: YouTubeの動画編集者を募集！Vrewで作業！〈初心者OK〉〈昼間の作業のため主婦の方も歓迎〉
2025-01-16 23:05:10.918 | DEBUG    | __main__:scrape_jobs:252 - 本文: 説明なし...
2025-01-16 23:05:10.918 | INFO     | __main__:scrape_jobs:251 - 案件を取得: 【高単価/1分あたり1,000～3,000円】VTuber切り抜きショート動画の編集者募集！
2025-01-16 23:05:10.918 | DEBUG    | __main__:scrape_jobs:252 - 本文: 説明なし...
2025-01-16 23:05:10.919 | INFO     | __main__:scrape_jobs:251 - 案件を取得: 【電子書籍：表紙デザイン募集】安心感のある表紙デザインのご提案をお願いします。
2025-01-16 23:05:10.919 | DEBUG    | __main__:scrape_jobs:252 - 本文: 説明なし...
2025-01-16 23:05:10.919 | INFO     | __main__:scrape_jobs:251 - 案件を取得: SNSのアカウント情報の編集作業
2025-01-16 23:05:10.919 | DEBUG    | __main__:scrape_jobs:252 - 本文: 説明なし...
2025-01-16 23:05:10.919 | INFO     | __main__:scrape_jobs:251 - 案件を取得: 【月1万円～✨】主婦・ママさん・未経験大歓迎！サイトからの商品の情報収集
2025-01-16 23:05:10.920 | DEBUG    | __main__:scrape_jobs:252 - 本文: 説明なし...
2025-01-16 23:05:10.920 | INFO     | __main__:scrape_jobs:251 - 案件を取得: パーソナルトレーニングジム&サウナ施設のロゴ制作のお願い
2025-01-16 23:05:10.920 | DEBUG    | __main__:scrape_jobs:252 - 本文: 説明なし...
2025-01-16 23:05:10.920 | INFO     | __main__:scrape_jobs:251 - 案件を取得: 女性・親子向け歯科医院のTOPページのデザイン
2025-01-16 23:05:10.920 | DEBUG    | __main__:scrape_jobs:252 - 本文: 説明なし...
2025-01-16 23:05:10.921 | INFO     | __main__:scrape_jobs:251 - 案件を取得: 「リアルテスト人生ゲーム」のコンセプト調査：みんなの意見を教えてください！
2025-01-16 23:05:10.921 | DEBUG    | __main__:scrape_jobs:252 - 本文: 説明なし...
2025-01-16 23:05:10.921 | INFO     | __main__:scrape_jobs:251 - 案件を取得: 【男性限定】卒論のためのアンケート
2025-01-16 23:05:10.921 | DEBUG    | __main__:scrape_jobs:252 - 本文: 説明なし...
2025-01-16 23:05:10.921 | INFO     | __main__:scrape_jobs:251 - 案件を取得: 【単純作業】主婦歓迎！好きな時間に　簡単な事務　主婦が活躍しています。【完全在宅】
2025-01-16 23:05:10.921 | DEBUG    | __main__:scrape_jobs:252 - 本文: 説明なし...
2025-01-16 23:05:10.922 | INFO     | __main__:scrape_jobs:251 - 案件を取得: 【雑学系】簡単な動画編集
2025-01-16 23:05:10.922 | DEBUG    | __main__:scrape_jobs:252 - 本文: 説明なし...
2025-01-16 23:05:10.922 | INFO     | __main__:scrape_jobs:251 - 案件を取得: ★継続依頼あり★企業の問合せフォームへの入力代行作業のお仕事♪♪♪
2025-01-16 23:05:10.922 | DEBUG    | __main__:scrape_jobs:252 - 本文: 説明なし...
2025-01-16 23:05:10.922 | INFO     | __main__:scrape_jobs:251 - 案件を取得: ✨転職、退職を検討されている方へアンケート(経験者でも大丈夫です)【フォーム記入式⭐1件10円】✨
2025-01-16 23:05:10.922 | DEBUG    | __main__:scrape_jobs:252 - 本文: 説明なし...
2025-01-16 23:05:10.923 | INFO     | __main__:scrape_jobs:251 - 案件を取得: 【簡単・入力作業＆アンケートで400円】あなたの年収を教えてください（個人情報伏せ字でOK）【1/16募集スタート】
2025-01-16 23:05:10.923 | DEBUG    | __main__:scrape_jobs:252 - 本文: 説明なし...
2025-01-16 23:05:10.923 | INFO     | __main__:scrape_jobs:251 - 案件を取得: 【高単価・継続あり】YouTube動画編集・動画作成
2025-01-16 23:05:10.923 | DEBUG    | __main__:scrape_jobs:252 - 本文: 説明なし...
2025-01-16 23:05:10.923 | INFO     | __main__:scrape_jobs:251 - 案件を取得: 【急募！10名限定！】漫画「チンポマン」の感想を教えて下さい。
2025-01-16 23:05:10.924 | DEBUG    | __main__:scrape_jobs:252 - 本文: 説明なし...
2025-01-16 23:05:10.924 | INFO     | __main__:scrape_jobs:251 - 案件を取得: 産業用コンピュータ(B2B)紹介サイトのリニューアル(要件定義・プロマネ業務含む)
2025-01-16 23:05:10.924 | DEBUG    | __main__:scrape_jobs:252 - 本文: 説明なし...
2025-01-16 23:05:10.924 | INFO     | __main__:scrape_jobs:251 - 案件を取得: 【1件500円！】施術経験がある✨美容クリニック・外科・皮膚科✨に関する経験談を教えてください【写真付きで+500円】
2025-01-16 23:05:10.924 | DEBUG    | __main__:scrape_jobs:252 - 本文: 説明なし...
2025-01-16 23:05:10.925 | INFO     | __main__:scrape_jobs:251 - 案件を取得: 【継続案件！1本2000円！】YouTubeショート動画の制作
2025-01-16 23:05:10.925 | DEBUG    | __main__:scrape_jobs:252 - 本文: 説明なし...
2025-01-16 23:05:10.925 | INFO     | __main__:scrape_jobs:251 - 案件を取得: 企業の情報収集を行っていただきたいです！マニュアル有
2025-01-16 23:05:10.925 | DEBUG    | __main__:scrape_jobs:252 - 本文: 説明なし...
2025-01-16 23:05:10.925 | INFO     | __main__:scrape_jobs:251 - 案件を取得: 【初心者大歓迎】ガールズチャンネルからスレを拾う簡単作業【台本作成】
2025-01-16 23:05:10.926 | DEBUG    | __main__:scrape_jobs:252 - 本文: 説明なし...
2025-01-16 23:05:10.926 | INFO     | __main__:scrape_jobs:251 - 案件を取得: 【1本3,000円】YouTube漫画のあらすじを元にスカッと胸キュンするシナリオ作成！！継続発注有【経験者歓迎】
2025-01-16 23:05:10.926 | DEBUG    | __main__:scrape_jobs:252 - 本文: 説明なし...
2025-01-16 23:05:10.926 | INFO     | __main__:scrape_jobs:251 - 案件を取得: トップページのライティング
2025-01-16 23:05:10.927 | DEBUG    | __main__:scrape_jobs:252 - 本文: 説明なし...
2025-01-16 23:05:10.927 | INFO     | __main__:scrape_jobs:251 - 案件を取得: 占いアプリ『ケアプリ]』で、占ってもらったことある方。アンケートご協力ください。
2025-01-16 23:05:10.927 | DEBUG    | __main__:scrape_jobs:252 - 本文: 説明なし...
2025-01-16 23:05:10.927 | INFO     | __main__:scrape_jobs:251 - 案件を取得: 【類塾・馬渕以外】大阪の北野高校に通うならおすすめの塾はどれ？【アンケート】
2025-01-16 23:05:10.928 | DEBUG    | __main__:scrape_jobs:252 - 本文: 説明なし...
2025-01-16 23:05:10.928 | INFO     | __main__:scrape_jobs:251 - 案件を取得: ShopifyとGoogle Analytics 4（GA4）の連携・データドリブンアトリビューション設定サポート
2025-01-16 23:05:10.928 | DEBUG    | __main__:scrape_jobs:252 - 本文: 説明なし...
2025-01-16 23:05:10.928 | INFO     | __main__:scrape_jobs:251 - 案件を取得: 【未経験大歓迎／継続案件】Vrewで文字起こしできる方を募集します！【マニュアル＆サポートあり】
2025-01-16 23:05:10.928 | DEBUG    | __main__:scrape_jobs:252 - 本文: 説明なし...
2025-01-16 23:05:10.929 | INFO     | __main__:scrape_jobs:251 - 案件を取得: ✳︎1件10円アンケート⭐︎転職、退職を検討中の方に侑めます。(転職、退職経験者でも可能です)⭐︎(TTT)/✨
2025-01-16 23:05:10.929 | DEBUG    | __main__:scrape_jobs:252 - 本文: 説明なし...
2025-01-16 23:05:10.929 | INFO     | __main__:scrape_jobs:251 - 案件を取得: 求職者様へのインタビュー内容をまとめて、記事コンテンツ化をお願いいたします（インタビューは実施済です）
2025-01-16 23:05:10.929 | DEBUG    | __main__:scrape_jobs:252 - 本文: 説明なし...
2025-01-16 23:05:10.930 | INFO     | __main__:scrape_jobs:251 - 案件を取得: ＼インスタ投稿作成・インスタ運用できる方大募集／
2025-01-16 23:05:10.930 | DEBUG    | __main__:scrape_jobs:252 - 本文: 説明なし...
2025-01-16 23:05:10.930 | INFO     | __main__:scrape_jobs:251 - 案件を取得: 【初心者の方歓迎】YouTube長尺動画作成のお仕事
2025-01-16 23:05:10.930 | DEBUG    | __main__:scrape_jobs:252 - 本文: 説明なし...
2025-01-16 23:05:10.930 | INFO     | __main__:scrape_jobs:251 - 案件を取得: 《急募》TikTokのショート動画編集（継続案件）
2025-01-16 23:05:10.930 | DEBUG    | __main__:scrape_jobs:252 - 本文: 説明なし...
2025-01-16 23:05:10.931 | INFO     | __main__:scrape_jobs:251 - 案件を取得: SNSの裏方業務を募集します！(マニュアルあり、初心者OK) 月2万円お支払いします
2025-01-16 23:05:10.932 | DEBUG    | __main__:scrape_jobs:252 - 本文: 説明なし...
2025-01-16 23:05:10.932 | INFO     | __main__:scrape_jobs:251 - 案件を取得: YouTube動画、恋愛雑学系アニメ動画の台本制作
2025-01-16 23:05:10.932 | DEBUG    | __main__:scrape_jobs:252 - 本文: 説明なし...
2025-01-16 23:05:10.933 | INFO     | __main__:scrape_jobs:251 - 案件を取得: ✨渋い10円アンケート！資産運用、投資の意識調査について✳︎(tsmt);【フォーム記入式】✨
2025-01-16 23:05:10.933 | DEBUG    | __main__:scrape_jobs:252 - 本文: 説明なし...
2025-01-16 23:05:10.933 | INFO     | __main__:scrape_jobs:251 - 案件を取得: 【完全在宅】リユース古着(セットアップ)のアクセサリー/ラペルピン＆チーフ制作をしてくださる方を募集！！在宅主婦も大歓迎♪
2025-01-16 23:05:10.933 | DEBUG    | __main__:scrape_jobs:252 - 本文: 説明なし...
2025-01-16 23:05:10.933 | INFO     | __main__:scrape_jobs:251 - 案件を取得: 報酬1500円✨【実績作りや、初心者の方OKです！】プロテインに関する記事作成依頼！
2025-01-16 23:05:10.933 | DEBUG    | __main__:scrape_jobs:252 - 本文: 説明なし...
2025-01-16 23:05:10.934 | INFO     | __main__:scrape_jobs:251 - 案件を取得: 【簡単継続案件！月15000円以上可能！】切り抜きショート動画の制作
2025-01-16 23:05:10.934 | DEBUG    | __main__:scrape_jobs:252 - 本文: 説明なし...
2025-01-16 23:05:10.935 | INFO     | __main__:scrape_jobs:251 - 案件を取得: 宣材撮影、グラビア撮影
2025-01-16 23:05:10.936 | DEBUG    | __main__:scrape_jobs:252 - 本文: 説明なし...
2025-01-16 23:05:10.937 | INFO     | __main__:scrape_jobs:251 - 案件を取得: 【継続案件！1本8000円！】YouTubeの動画編集！
2025-01-16 23:05:10.937 | DEBUG    | __main__:scrape_jobs:252 - 本文: 説明なし...
2025-01-16 23:05:10.937 | INFO     | __main__:scrape_jobs:251 - 案件を取得: 【これからどうしよう…】将来に向けたお金の計画についてアンケート
2025-01-16 23:05:10.937 | DEBUG    | __main__:scrape_jobs:252 - 本文: 説明なし...
2025-01-16 23:05:10.937 | INFO     | __main__:scrape_jobs:251 - 案件を取得: 特化ブログでおすすめのジャンルを教えて下さい。あわせてペルソナも考えて下さい。
2025-01-16 23:05:10.938 | DEBUG    | __main__:scrape_jobs:252 - 本文: 説明なし...
2025-01-16 23:05:10.938 | INFO     | __main__:scrape_jobs:251 - 案件を取得: ブログのファビコン作成依頼
2025-01-16 23:05:10.938 | DEBUG    | __main__:scrape_jobs:252 - 本文: 説明なし...
2025-01-16 23:05:10.938 | INFO     | __main__:scrape_jobs:251 - 案件を取得: 【実績作りに！初心者歓迎です！】人気のカフェのInstagram用投稿画像制作依頼について❤️
2025-01-16 23:05:10.938 | DEBUG    | __main__:scrape_jobs:252 - 本文: 説明なし...
2025-01-16 23:05:10.938 | INFO     | __main__:scrape_jobs:251 - 案件を取得: 【1本4000円！継続あり！】簡単スライド動画制作１
2025-01-16 23:05:10.939 | DEBUG    | __main__:scrape_jobs:252 - 本文: 説明なし...
2025-01-16 23:05:10.939 | INFO     | __main__:scrape_jobs:251 - 案件を取得: 【継続案件あり】商材（今回は枕）の販促用広告動画の撮影、編集、納品までを行うことのできるクリエイターさん募集
2025-01-16 23:05:10.939 | DEBUG    | __main__:scrape_jobs:252 - 本文: 説明なし...
2025-01-16 23:05:10.940 | INFO     | __main__:scrape_jobs:251 - 案件を取得: 【急募・決定後作業可能】ShopifyでのECサイト構築、カスタマイズあり
2025-01-16 23:05:10.940 | DEBUG    | __main__:scrape_jobs:252 - 本文: 説明なし...
2025-01-16 23:05:10.940 | INFO     | __main__:scrape_jobs:251 - 案件を取得: 【案件こなしながら自分のタイプも知りませんか？】MBTIに関する記事作成依頼！
2025-01-16 23:05:10.940 | DEBUG    | __main__:scrape_jobs:252 - 本文: 説明なし...
2025-01-16 23:05:10.940 | INFO     | __main__:scrape_jobs:258 - 57件の案件を取得
2025-01-16 23:05:10.965 | INFO     | __main__:save_jobs:289 - データを保存しました: crawled_data/jobs_20250116_230510.json, crawled_data/jobs_20250116_230510.csv
2025-01-16 23:05:11.062 | INFO     | __main__:run:301 - クローラーを終了します
