2025-01-16 23:03:41.900 | INFO     | __main__:setup_driver:85 - ChromeDriverの設定が完了しました
2025-01-16 23:03:41.909 | INFO     | __main__:login:103 - ログイン処理を開始
2025-01-16 23:03:43.017 | INFO     | __main__:login:105 - 現在のURL: https://crowdworks.jp/login
2025-01-16 23:03:45.023 | INFO     | __main__:login:112 - ログインフォームの要素を探索中...
2025-01-16 23:03:45.027 | INFO     | __main__:login:132 - ログインフォームの要素を発見
2025-01-16 23:03:47.047 | INFO     | __main__:login:156 - ログインボタンをクリック
2025-01-16 23:03:52.870 | INFO     | __main__:login:165 - ログイン後のURL: https://crowdworks.jp/dashboard
2025-01-16 23:03:52.873 | INFO     | __main__:login:167 - ログイン成功
2025-01-16 23:03:52.873 | INFO     | __main__:scrape_jobs:205 - 案件情報の取得を開始
2025-01-16 23:03:58.734 | INFO     | __main__:scrape_jobs:257 - 案件を取得: 実績付けます！大量募集【20~39歳女性限定】かんたんメッセージお仕事　PC不要・スマホのみで可能！
2025-01-16 23:03:58.734 | DEBUG    | __main__:scrape_jobs:258 - 本文: 説明なし...
2025-01-16 23:03:58.769 | INFO     | __main__:scrape_jobs:257 - 案件を取得: キャリアアドバイザー募集！事業拡大に伴う増員
2025-01-16 23:03:58.769 | DEBUG    | __main__:scrape_jobs:258 - 本文: 説明なし...
2025-01-16 23:03:58.801 | INFO     | __main__:scrape_jobs:257 - 案件を取得: 【高時給1600円〜】完全在宅による節税コンサルティング業務のサポート※経験者歓迎
2025-01-16 23:03:58.801 | DEBUG    | __main__:scrape_jobs:258 - 本文: 説明なし...
2025-01-16 23:03:58.835 | INFO     | __main__:scrape_jobs:257 - 案件を取得: 【実際作り！】楽しくお仕事ができる方！！　美容コスメ系の記事作成！！
2025-01-16 23:03:58.835 | DEBUG    | __main__:scrape_jobs:258 - 本文: 説明なし...
2025-01-16 23:03:58.867 | INFO     | __main__:scrape_jobs:257 - 案件を取得: 【YouTube漫画動画】1ページ単価1500円〜脚本をもとに作画していただけるイラストレーター様を大募集【過去実績問わず】
2025-01-16 23:03:58.867 | DEBUG    | __main__:scrape_jobs:258 - 本文: 説明なし...
2025-01-16 23:03:58.902 | INFO     | __main__:scrape_jobs:257 - 案件を取得: 【コーヒーカップのデザイン】プロダクトデザインをして頂ける方を募集します。
2025-01-16 23:03:58.903 | DEBUG    | __main__:scrape_jobs:258 - 本文: 説明なし...
2025-01-16 23:03:58.940 | INFO     | __main__:scrape_jobs:257 - 案件を取得: 【Canva×英語】ECの商品画像作成（デザイン初心者OK）
2025-01-16 23:03:58.940 | DEBUG    | __main__:scrape_jobs:258 - 本文: 説明なし...
2025-01-16 23:03:58.978 | INFO     | __main__:scrape_jobs:257 - 案件を取得: YouTubeの動画編集者を募集！Vrewで作業！〈初心者OK〉〈昼間の作業のため主婦の方も歓迎〉
2025-01-16 23:03:58.978 | DEBUG    | __main__:scrape_jobs:258 - 本文: 説明なし...
2025-01-16 23:03:59.013 | INFO     | __main__:scrape_jobs:257 - 案件を取得: 【高単価/1分あたり1,000～3,000円】VTuber切り抜きショート動画の編集者募集！
2025-01-16 23:03:59.013 | DEBUG    | __main__:scrape_jobs:258 - 本文: 説明なし...
2025-01-16 23:03:59.047 | INFO     | __main__:scrape_jobs:257 - 案件を取得: 【電子書籍：表紙デザイン募集】安心感のある表紙デザインのご提案をお願いします。
2025-01-16 23:03:59.047 | DEBUG    | __main__:scrape_jobs:258 - 本文: 説明なし...
2025-01-16 23:03:59.085 | INFO     | __main__:scrape_jobs:257 - 案件を取得: SNSのアカウント情報の編集作業
2025-01-16 23:03:59.085 | DEBUG    | __main__:scrape_jobs:258 - 本文: 説明なし...
2025-01-16 23:03:59.128 | INFO     | __main__:scrape_jobs:257 - 案件を取得: 女性・親子向け歯科医院のTOPページのデザイン
2025-01-16 23:03:59.128 | DEBUG    | __main__:scrape_jobs:258 - 本文: 説明なし...
2025-01-16 23:03:59.161 | INFO     | __main__:scrape_jobs:257 - 案件を取得: 「リアルテスト人生ゲーム」のコンセプト調査：みんなの意見を教えてください！
2025-01-16 23:03:59.161 | DEBUG    | __main__:scrape_jobs:258 - 本文: 説明なし...
2025-01-16 23:03:59.198 | INFO     | __main__:scrape_jobs:257 - 案件を取得: 公式X（Twitter）アカウントの運用。継続依頼可能！！コツコツ作業が出来る方歓迎。ラーメン好き集まって下さい！！！
2025-01-16 23:03:59.198 | DEBUG    | __main__:scrape_jobs:258 - 本文: 説明なし...
2025-01-16 23:03:59.231 | INFO     | __main__:scrape_jobs:257 - 案件を取得: 副業からフリーランスまで！柔軟に働ける営業代行のお仕事！
2025-01-16 23:03:59.231 | DEBUG    | __main__:scrape_jobs:258 - 本文: 説明なし...
2025-01-16 23:03:59.264 | INFO     | __main__:scrape_jobs:257 - 案件を取得: 【男性限定】卒論のためのアンケート
2025-01-16 23:03:59.264 | DEBUG    | __main__:scrape_jobs:258 - 本文: 説明なし...
2025-01-16 23:03:59.299 | INFO     | __main__:scrape_jobs:257 - 案件を取得: 【単純作業】主婦歓迎！好きな時間に　簡単な事務　主婦が活躍しています。【完全在宅】
2025-01-16 23:03:59.300 | DEBUG    | __main__:scrape_jobs:258 - 本文: 説明なし...
2025-01-16 23:03:59.334 | INFO     | __main__:scrape_jobs:257 - 案件を取得: 【雑学系】簡単な動画編集
2025-01-16 23:03:59.334 | DEBUG    | __main__:scrape_jobs:258 - 本文: 説明なし...
2025-01-16 23:03:59.367 | INFO     | __main__:scrape_jobs:257 - 案件を取得: ★継続依頼あり★企業の問合せフォームへの入力代行作業のお仕事♪♪♪
2025-01-16 23:03:59.368 | DEBUG    | __main__:scrape_jobs:258 - 本文: 説明なし...
2025-01-16 23:03:59.426 | INFO     | __main__:scrape_jobs:257 - 案件を取得: ✨転職、退職を検討されている方へアンケート(経験者でも大丈夫です)【フォーム記入式⭐1件10円】✨
2025-01-16 23:03:59.427 | DEBUG    | __main__:scrape_jobs:258 - 本文: 説明なし...
2025-01-16 23:03:59.459 | INFO     | __main__:scrape_jobs:257 - 案件を取得: 【簡単・入力作業＆アンケートで400円】あなたの年収を教えてください（個人情報伏せ字でOK）【1/16募集スタート】
2025-01-16 23:03:59.459 | DEBUG    | __main__:scrape_jobs:258 - 本文: 説明なし...
2025-01-16 23:03:59.494 | INFO     | __main__:scrape_jobs:257 - 案件を取得: 【高単価・継続あり】YouTube動画編集・動画作成
2025-01-16 23:03:59.494 | DEBUG    | __main__:scrape_jobs:258 - 本文: 説明なし...
2025-01-16 23:03:59.527 | INFO     | __main__:scrape_jobs:257 - 案件を取得: 【急募！10名限定！】漫画「チンポマン」の感想を教えて下さい。
2025-01-16 23:03:59.528 | DEBUG    | __main__:scrape_jobs:258 - 本文: 説明なし...
2025-01-16 23:03:59.565 | INFO     | __main__:scrape_jobs:257 - 案件を取得: 【継続案件！1本2000円！】YouTubeショート動画の制作
2025-01-16 23:03:59.565 | DEBUG    | __main__:scrape_jobs:258 - 本文: 説明なし...
2025-01-16 23:03:59.601 | INFO     | __main__:scrape_jobs:257 - 案件を取得: 企業の情報収集を行っていただきたいです！マニュアル有
2025-01-16 23:03:59.601 | DEBUG    | __main__:scrape_jobs:258 - 本文: 説明なし...
2025-01-16 23:03:59.636 | INFO     | __main__:scrape_jobs:257 - 案件を取得: 【未経験歓迎！】完全在宅×自由な稼働時間で子育てママさん大活躍！
2025-01-16 23:03:59.637 | DEBUG    | __main__:scrape_jobs:258 - 本文: 説明なし...
2025-01-16 23:03:59.667 | INFO     | __main__:scrape_jobs:257 - 案件を取得: 産業用コンピュータ(B2B)紹介サイトのリニューアル(要件定義・プロマネ業務含む)
2025-01-16 23:03:59.667 | DEBUG    | __main__:scrape_jobs:258 - 本文: 説明なし...
2025-01-16 23:03:59.704 | INFO     | __main__:scrape_jobs:257 - 案件を取得: 【初心者大歓迎】ガールズチャンネルからスレを拾う簡単作業【台本作成】
2025-01-16 23:03:59.704 | DEBUG    | __main__:scrape_jobs:258 - 本文: 説明なし...
2025-01-16 23:03:59.737 | INFO     | __main__:scrape_jobs:257 - 案件を取得: 【1本3,000円】YouTube漫画のあらすじを元にスカッと胸キュンするシナリオ作成！！継続発注有【経験者歓迎】
2025-01-16 23:03:59.737 | DEBUG    | __main__:scrape_jobs:258 - 本文: 説明なし...
2025-01-16 23:03:59.774 | INFO     | __main__:scrape_jobs:257 - 案件を取得: トップページのライティング
2025-01-16 23:03:59.774 | DEBUG    | __main__:scrape_jobs:258 - 本文: 説明なし...
2025-01-16 23:03:59.805 | INFO     | __main__:scrape_jobs:257 - 案件を取得: 占いアプリ『ケアプリ]』で、占ってもらったことある方。アンケートご協力ください。
2025-01-16 23:03:59.805 | DEBUG    | __main__:scrape_jobs:258 - 本文: 説明なし...
2025-01-16 23:03:59.837 | INFO     | __main__:scrape_jobs:257 - 案件を取得: 【類塾・馬渕以外】大阪の北野高校に通うならおすすめの塾はどれ？【アンケート】
2025-01-16 23:03:59.837 | DEBUG    | __main__:scrape_jobs:258 - 本文: 説明なし...
2025-01-16 23:03:59.871 | INFO     | __main__:scrape_jobs:257 - 案件を取得: ShopifyとGoogle Analytics 4（GA4）の連携・データドリブンアトリビューション設定サポート
2025-01-16 23:03:59.872 | DEBUG    | __main__:scrape_jobs:258 - 本文: 説明なし...
2025-01-16 23:03:59.905 | INFO     | __main__:scrape_jobs:257 - 案件を取得: 【未経験大歓迎／継続案件】Vrewで文字起こしできる方を募集します！【マニュアル＆サポートあり】
2025-01-16 23:03:59.905 | DEBUG    | __main__:scrape_jobs:258 - 本文: 説明なし...
2025-01-16 23:03:59.941 | INFO     | __main__:scrape_jobs:257 - 案件を取得: ✳︎1件10円アンケート⭐︎転職、退職を検討中の方に侑めます。(転職、退職経験者でも可能です)⭐︎(TTT)/✨
2025-01-16 23:03:59.941 | DEBUG    | __main__:scrape_jobs:258 - 本文: 説明なし...
2025-01-16 23:03:59.973 | INFO     | __main__:scrape_jobs:257 - 案件を取得: 求職者様へのインタビュー内容をまとめて、記事コンテンツ化をお願いいたします（インタビューは実施済です）
2025-01-16 23:03:59.973 | DEBUG    | __main__:scrape_jobs:258 - 本文: 説明なし...
2025-01-16 23:04:00.011 | INFO     | __main__:scrape_jobs:257 - 案件を取得: ＼インスタ投稿作成・インスタ運用できる方大募集／
2025-01-16 23:04:00.011 | DEBUG    | __main__:scrape_jobs:258 - 本文: 説明なし...
2025-01-16 23:04:00.052 | INFO     | __main__:scrape_jobs:257 - 案件を取得: 【初心者の方歓迎】YouTube長尺動画作成のお仕事
2025-01-16 23:04:00.052 | DEBUG    | __main__:scrape_jobs:258 - 本文: 説明なし...
2025-01-16 23:04:00.087 | INFO     | __main__:scrape_jobs:257 - 案件を取得: 《急募》TikTokのショート動画編集（継続案件）
2025-01-16 23:04:00.087 | DEBUG    | __main__:scrape_jobs:258 - 本文: 説明なし...
2025-01-16 23:04:00.123 | INFO     | __main__:scrape_jobs:257 - 案件を取得: SNSの裏方業務を募集します！(マニュアルあり、初心者OK) 月2万円お支払いします
2025-01-16 23:04:00.123 | DEBUG    | __main__:scrape_jobs:258 - 本文: 説明なし...
2025-01-16 23:04:00.159 | INFO     | __main__:scrape_jobs:257 - 案件を取得: YouTube動画、恋愛雑学系アニメ動画の台本制作
2025-01-16 23:04:00.159 | DEBUG    | __main__:scrape_jobs:258 - 本文: 説明なし...
2025-01-16 23:04:00.195 | INFO     | __main__:scrape_jobs:257 - 案件を取得: ✨渋い10円アンケート！資産運用、投資の意識調査について✳︎(tsmt);【フォーム記入式】✨
2025-01-16 23:04:00.195 | DEBUG    | __main__:scrape_jobs:258 - 本文: 説明なし...
2025-01-16 23:04:00.232 | INFO     | __main__:scrape_jobs:257 - 案件を取得: 【完全在宅】リユース古着(セットアップ)のアクセサリー/ラペルピン＆チーフ制作をしてくださる方を募集！！在宅主婦も大歓迎♪
2025-01-16 23:04:00.232 | DEBUG    | __main__:scrape_jobs:258 - 本文: 説明なし...
2025-01-16 23:04:00.264 | INFO     | __main__:scrape_jobs:257 - 案件を取得: 報酬1500円✨【実績作りや、初心者の方OKです！】プロテインに関する記事作成依頼！
2025-01-16 23:04:00.264 | DEBUG    | __main__:scrape_jobs:258 - 本文: 説明なし...
2025-01-16 23:04:00.304 | INFO     | __main__:scrape_jobs:257 - 案件を取得: 【簡単継続案件！月15000円以上可能！】切り抜きショート動画の制作
2025-01-16 23:04:00.304 | DEBUG    | __main__:scrape_jobs:258 - 本文: 説明なし...
2025-01-16 23:04:00.340 | INFO     | __main__:scrape_jobs:257 - 案件を取得: 宣材撮影、グラビア撮影
2025-01-16 23:04:00.340 | DEBUG    | __main__:scrape_jobs:258 - 本文: 説明なし...
2025-01-16 23:04:00.377 | INFO     | __main__:scrape_jobs:257 - 案件を取得: 【継続案件！1本8000円！】YouTubeの動画編集！
2025-01-16 23:04:00.377 | DEBUG    | __main__:scrape_jobs:258 - 本文: 説明なし...
2025-01-16 23:04:00.415 | INFO     | __main__:scrape_jobs:257 - 案件を取得: 【これからどうしよう…】将来に向けたお金の計画についてアンケート
2025-01-16 23:04:00.415 | DEBUG    | __main__:scrape_jobs:258 - 本文: 説明なし...
2025-01-16 23:04:00.450 | INFO     | __main__:scrape_jobs:257 - 案件を取得: 特化ブログでおすすめのジャンルを教えて下さい。あわせてペルソナも考えて下さい。
2025-01-16 23:04:00.451 | DEBUG    | __main__:scrape_jobs:258 - 本文: 説明なし...
2025-01-16 23:04:00.484 | INFO     | __main__:scrape_jobs:257 - 案件を取得: ブログのファビコン作成依頼
2025-01-16 23:04:00.484 | DEBUG    | __main__:scrape_jobs:258 - 本文: 説明なし...
2025-01-16 23:04:00.520 | INFO     | __main__:scrape_jobs:257 - 案件を取得: 【実績作りに！初心者歓迎です！】人気のカフェのInstagram用投稿画像制作依頼について❤️
2025-01-16 23:04:00.520 | DEBUG    | __main__:scrape_jobs:258 - 本文: 説明なし...
2025-01-16 23:04:00.558 | INFO     | __main__:scrape_jobs:257 - 案件を取得: 【1本4000円！継続あり！】簡単スライド動画制作１
2025-01-16 23:04:00.558 | DEBUG    | __main__:scrape_jobs:258 - 本文: 説明なし...
2025-01-16 23:04:00.592 | INFO     | __main__:scrape_jobs:257 - 案件を取得: 【継続案件あり】商材（今回は枕）の販促用広告動画の撮影、編集、納品までを行うことのできるクリエイターさん募集
2025-01-16 23:04:00.592 | DEBUG    | __main__:scrape_jobs:258 - 本文: 説明なし...
2025-01-16 23:04:00.624 | INFO     | __main__:scrape_jobs:257 - 案件を取得: 【急募・決定後作業可能】ShopifyでのECサイト構築、カスタマイズあり
2025-01-16 23:04:00.624 | DEBUG    | __main__:scrape_jobs:258 - 本文: 説明なし...
2025-01-16 23:04:00.659 | INFO     | __main__:scrape_jobs:257 - 案件を取得: 【案件こなしながら自分のタイプも知りませんか？】MBTIに関する記事作成依頼！
2025-01-16 23:04:00.659 | DEBUG    | __main__:scrape_jobs:258 - 本文: 説明なし...
2025-01-16 23:04:00.695 | INFO     | __main__:scrape_jobs:257 - 案件を取得: 現行ECCUBEのリニューアルをしたいと思います！
2025-01-16 23:04:00.695 | DEBUG    | __main__:scrape_jobs:258 - 本文: 説明なし...
2025-01-16 23:04:00.731 | INFO     | __main__:scrape_jobs:257 - 案件を取得: 【成功報酬1万円】美容脱毛から医療脱毛へ勧めるLP。ヤフー広告のリスティング広告で掲載不可の審査のLPを掲載OKにしたい。
2025-01-16 23:04:00.731 | DEBUG    | __main__:scrape_jobs:258 - 本文: 説明なし...
2025-01-16 23:04:00.731 | INFO     | __main__:scrape_jobs:264 - 57件の案件を取得
2025-01-16 23:04:00.737 | INFO     | __main__:save_jobs:295 - データを保存しました: crawled_data/jobs_20250116_230400.json, crawled_data/jobs_20250116_230400.csv
2025-01-16 23:04:00.819 | INFO     | __main__:run:307 - クローラーを終了します
