2025-01-16 23:07:50.944 | INFO     | __main__:setup_driver:86 - ChromeDriverの設定が完了しました
2025-01-16 23:07:50.948 | INFO     | __main__:login:104 - ログイン処理を開始
2025-01-16 23:07:52.032 | INFO     | __main__:login:106 - 現在のURL: https://crowdworks.jp/login
2025-01-16 23:07:54.042 | INFO     | __main__:login:113 - ログインフォームの要素を探索中...
2025-01-16 23:07:54.051 | INFO     | __main__:login:133 - ログインフォームの要素を発見
2025-01-16 23:07:56.075 | INFO     | __main__:login:157 - ログインボタンをクリック
2025-01-16 23:08:01.956 | INFO     | __main__:login:166 - ログイン後のURL: https://crowdworks.jp/dashboard
2025-01-16 23:08:01.962 | INFO     | __main__:login:168 - ログイン成功
2025-01-16 23:08:01.966 | INFO     | __main__:scrape_jobs:206 - 案件情報の取得を開始
2025-01-16 23:08:10.016 | INFO     | __main__:scrape_jobs:260 - 案件を取得: ◆採用事務×未経験OK◆求人掲載や応募対応など｜週10時間~｜時給1,729円~
2025-01-16 23:08:10.017 | DEBUG    | __main__:scrape_jobs:261 - 本文: 説明なし...
2025-01-16 23:08:10.017 | INFO     | __main__:scrape_jobs:260 - 案件を取得: 【月40万円前後 / 限定1名 / 月12記事依頼 / 記事質重】金融ジャンルのSEOライター様の募集【記事単価制】
2025-01-16 23:08:10.018 | DEBUG    | __main__:scrape_jobs:261 - 本文: 説明なし...
2025-01-16 23:08:10.018 | INFO     | __main__:scrape_jobs:260 - 案件を取得: 【大大募集！】歯医者さんへの口コミ投稿（口コミ投稿まで2分で完了）_240115_Dop
2025-01-16 23:08:10.018 | DEBUG    | __main__:scrape_jobs:261 - 本文: 説明なし...
2025-01-16 23:08:10.019 | INFO     | __main__:scrape_jobs:260 - 案件を取得: WEBマガジン（電子書籍）のデザイン制作｜表紙雑誌KindleAmazonノートデザインLPページECWEBアドビ
2025-01-16 23:08:10.019 | DEBUG    | __main__:scrape_jobs:261 - 本文: 説明なし...
2025-01-16 23:08:10.020 | INFO     | __main__:scrape_jobs:260 - 案件を取得: 【旅行好きの方必見！1記事3,000円〜】世界遺産記事作成
2025-01-16 23:08:10.020 | DEBUG    | __main__:scrape_jobs:261 - 本文: 説明なし...
2025-01-16 23:08:10.021 | INFO     | __main__:scrape_jobs:260 - 案件を取得: 【簡単！サクッと短時間】指定美顔器の使用感などに答えて頂くアンケートです。
2025-01-16 23:08:10.021 | DEBUG    | __main__:scrape_jobs:261 - 本文: 説明なし...
2025-01-16 23:08:10.021 | INFO     | __main__:scrape_jobs:260 - 案件を取得: 【インスタグラムのリール動画】旅行系Vlog動画作成！！
2025-01-16 23:08:10.021 | DEBUG    | __main__:scrape_jobs:261 - 本文: 説明なし...
2025-01-16 23:08:10.022 | INFO     | __main__:scrape_jobs:260 - 案件を取得: 【長期】【月10万〜20万】【ECサイトの受注／顧客対応】楽天市場、Yahoo、Amazon（ネットショップ通販CSメール対応）
2025-01-16 23:08:10.022 | DEBUG    | __main__:scrape_jobs:261 - 本文: 説明なし...
2025-01-16 23:08:10.023 | INFO     | __main__:scrape_jobs:260 - 案件を取得: 【月4本/1本4000円〜】ビジネス系の動画作成業務！！
2025-01-16 23:08:10.023 | DEBUG    | __main__:scrape_jobs:261 - 本文: 説明なし...
2025-01-16 23:08:10.023 | INFO     | __main__:scrape_jobs:260 - 案件を取得: 【実際作り！】楽しくお仕事ができる方！！　美容コスメ系の記事作成！！
2025-01-16 23:08:10.024 | DEBUG    | __main__:scrape_jobs:261 - 本文: 説明なし...
2025-01-16 23:08:10.024 | INFO     | __main__:scrape_jobs:260 - 案件を取得: 【YouTube漫画動画】1ページ単価1500円〜脚本をもとに作画していただけるイラストレーター様を大募集【過去実績問わず】
2025-01-16 23:08:10.024 | DEBUG    | __main__:scrape_jobs:261 - 本文: 説明なし...
2025-01-16 23:08:10.025 | INFO     | __main__:scrape_jobs:260 - 案件を取得: 【コーヒーカップのデザイン】プロダクトデザインをして頂ける方を募集します。
2025-01-16 23:08:10.025 | DEBUG    | __main__:scrape_jobs:261 - 本文: 説明なし...
2025-01-16 23:08:10.025 | INFO     | __main__:scrape_jobs:260 - 案件を取得: 【Canva×英語】ECの商品画像作成（デザイン初心者OK）
2025-01-16 23:08:10.025 | DEBUG    | __main__:scrape_jobs:261 - 本文: 説明なし...
2025-01-16 23:08:10.026 | INFO     | __main__:scrape_jobs:260 - 案件を取得: 公式X（Twitter）アカウントの運用。継続依頼可能！！コツコツ作業が出来る方歓迎。ラーメン好き集まって下さい！！！
2025-01-16 23:08:10.026 | DEBUG    | __main__:scrape_jobs:261 - 本文: 説明なし...
2025-01-16 23:08:10.026 | INFO     | __main__:scrape_jobs:260 - 案件を取得: 【月1万円～✨】主婦・ママさん・未経験大歓迎！サイトからの商品の情報収集
2025-01-16 23:08:10.027 | DEBUG    | __main__:scrape_jobs:261 - 本文: 説明なし...
2025-01-16 23:08:10.028 | INFO     | __main__:scrape_jobs:260 - 案件を取得: YouTubeの動画編集者を募集！Vrewで作業！〈初心者OK〉〈昼間の作業のため主婦の方も歓迎〉
2025-01-16 23:08:10.028 | DEBUG    | __main__:scrape_jobs:261 - 本文: 説明なし...
2025-01-16 23:08:10.029 | INFO     | __main__:scrape_jobs:260 - 案件を取得: 【高単価/1分あたり1,000～3,000円】VTuber切り抜きショート動画の編集者募集！
2025-01-16 23:08:10.029 | DEBUG    | __main__:scrape_jobs:261 - 本文: 説明なし...
2025-01-16 23:08:10.030 | INFO     | __main__:scrape_jobs:260 - 案件を取得: 【電子書籍：表紙デザイン募集】安心感のある表紙デザインのご提案をお願いします。
2025-01-16 23:08:10.030 | DEBUG    | __main__:scrape_jobs:261 - 本文: 説明なし...
2025-01-16 23:08:10.031 | INFO     | __main__:scrape_jobs:260 - 案件を取得: SNSのアカウント情報の編集作業
2025-01-16 23:08:10.031 | DEBUG    | __main__:scrape_jobs:261 - 本文: 説明なし...
2025-01-16 23:08:10.031 | INFO     | __main__:scrape_jobs:260 - 案件を取得: 女性・親子向け歯科医院のTOPページのデザイン
2025-01-16 23:08:10.031 | DEBUG    | __main__:scrape_jobs:261 - 本文: 説明なし...
2025-01-16 23:08:10.032 | INFO     | __main__:scrape_jobs:260 - 案件を取得: 「リアルテスト人生ゲーム」のコンセプト調査：みんなの意見を教えてください！
2025-01-16 23:08:10.032 | DEBUG    | __main__:scrape_jobs:261 - 本文: 説明なし...
2025-01-16 23:08:10.033 | INFO     | __main__:scrape_jobs:260 - 案件を取得: 【男性限定】卒論のためのアンケート
2025-01-16 23:08:10.033 | DEBUG    | __main__:scrape_jobs:261 - 本文: 説明なし...
2025-01-16 23:08:10.033 | INFO     | __main__:scrape_jobs:260 - 案件を取得: 【単純作業】主婦歓迎！好きな時間に　簡単な事務　主婦が活躍しています。【完全在宅】
2025-01-16 23:08:10.034 | DEBUG    | __main__:scrape_jobs:261 - 本文: 説明なし...
2025-01-16 23:08:10.034 | INFO     | __main__:scrape_jobs:260 - 案件を取得: 【雑学系】簡単な動画編集
2025-01-16 23:08:10.034 | DEBUG    | __main__:scrape_jobs:261 - 本文: 説明なし...
2025-01-16 23:08:10.035 | INFO     | __main__:scrape_jobs:260 - 案件を取得: ★継続依頼あり★企業の問合せフォームへの入力代行作業のお仕事♪♪♪
2025-01-16 23:08:10.035 | DEBUG    | __main__:scrape_jobs:261 - 本文: 説明なし...
2025-01-16 23:08:10.035 | INFO     | __main__:scrape_jobs:260 - 案件を取得: 同人作家「ニート社長」の名刺デザイン
2025-01-16 23:08:10.036 | DEBUG    | __main__:scrape_jobs:261 - 本文: 説明なし...
2025-01-16 23:08:10.036 | INFO     | __main__:scrape_jobs:260 - 案件を取得: 【未経験歓迎！】完全在宅×自由な稼働時間で子育てママさん大活躍！
2025-01-16 23:08:10.036 | DEBUG    | __main__:scrape_jobs:261 - 本文: 説明なし...
2025-01-16 23:08:10.037 | INFO     | __main__:scrape_jobs:260 - 案件を取得: ✨転職、退職を検討されている方へアンケート(経験者でも大丈夫です)【フォーム記入式⭐1件10円】✨
2025-01-16 23:08:10.037 | DEBUG    | __main__:scrape_jobs:261 - 本文: 説明なし...
2025-01-16 23:08:10.037 | INFO     | __main__:scrape_jobs:260 - 案件を取得: 【簡単・入力作業＆アンケートで400円】あなたの年収を教えてください（個人情報伏せ字でOK）【1/16募集スタート】
2025-01-16 23:08:10.038 | DEBUG    | __main__:scrape_jobs:261 - 本文: 説明なし...
2025-01-16 23:08:10.038 | INFO     | __main__:scrape_jobs:260 - 案件を取得: 【高単価・継続あり】YouTube動画編集・動画作成
2025-01-16 23:08:10.038 | DEBUG    | __main__:scrape_jobs:261 - 本文: 説明なし...
2025-01-16 23:08:10.039 | INFO     | __main__:scrape_jobs:260 - 案件を取得: 【急募！10名限定！】漫画「チンポマン」の感想を教えて下さい。
2025-01-16 23:08:10.039 | DEBUG    | __main__:scrape_jobs:261 - 本文: 説明なし...
2025-01-16 23:08:10.040 | INFO     | __main__:scrape_jobs:260 - 案件を取得: 【継続案件！1本2000円！】YouTubeショート動画の制作
2025-01-16 23:08:10.040 | DEBUG    | __main__:scrape_jobs:261 - 本文: 説明なし...
2025-01-16 23:08:10.040 | INFO     | __main__:scrape_jobs:260 - 案件を取得: 企業の情報収集を行っていただきたいです！マニュアル有
2025-01-16 23:08:10.040 | DEBUG    | __main__:scrape_jobs:261 - 本文: 説明なし...
2025-01-16 23:08:10.041 | INFO     | __main__:scrape_jobs:260 - 案件を取得: 【初心者大歓迎】ガールズチャンネルからスレを拾う簡単作業【台本作成】
2025-01-16 23:08:10.041 | DEBUG    | __main__:scrape_jobs:261 - 本文: 説明なし...
2025-01-16 23:08:10.041 | INFO     | __main__:scrape_jobs:260 - 案件を取得: 【1本3,000円】YouTube漫画のあらすじを元にスカッと胸キュンするシナリオ作成！！継続発注有【経験者歓迎】
2025-01-16 23:08:10.041 | DEBUG    | __main__:scrape_jobs:261 - 本文: 説明なし...
2025-01-16 23:08:10.042 | INFO     | __main__:scrape_jobs:260 - 案件を取得: トップページのライティング
2025-01-16 23:08:10.042 | DEBUG    | __main__:scrape_jobs:261 - 本文: 説明なし...
2025-01-16 23:08:10.045 | INFO     | __main__:scrape_jobs:260 - 案件を取得: 占いアプリ『ケアプリ]』で、占ってもらったことある方。アンケートご協力ください。
2025-01-16 23:08:10.045 | DEBUG    | __main__:scrape_jobs:261 - 本文: 説明なし...
2025-01-16 23:08:10.046 | INFO     | __main__:scrape_jobs:260 - 案件を取得: 【類塾・馬渕以外】大阪の北野高校に通うならおすすめの塾はどれ？【アンケート】
2025-01-16 23:08:10.046 | DEBUG    | __main__:scrape_jobs:261 - 本文: 説明なし...
2025-01-16 23:08:10.046 | INFO     | __main__:scrape_jobs:260 - 案件を取得: ShopifyとGoogle Analytics 4（GA4）の連携・データドリブンアトリビューション設定サポート
2025-01-16 23:08:10.046 | DEBUG    | __main__:scrape_jobs:261 - 本文: 説明なし...
2025-01-16 23:08:10.047 | INFO     | __main__:scrape_jobs:260 - 案件を取得: 【未経験大歓迎／継続案件】Vrewで文字起こしできる方を募集します！【マニュアル＆サポートあり】
2025-01-16 23:08:10.047 | DEBUG    | __main__:scrape_jobs:261 - 本文: 説明なし...
2025-01-16 23:08:10.048 | INFO     | __main__:scrape_jobs:260 - 案件を取得: ✳︎1件10円アンケート⭐︎転職、退職を検討中の方に侑めます。(転職、退職経験者でも可能です)⭐︎(TTT)/✨
2025-01-16 23:08:10.048 | DEBUG    | __main__:scrape_jobs:261 - 本文: 説明なし...
2025-01-16 23:08:10.049 | INFO     | __main__:scrape_jobs:260 - 案件を取得: 求職者様へのインタビュー内容をまとめて、記事コンテンツ化をお願いいたします（インタビューは実施済です）
2025-01-16 23:08:10.049 | DEBUG    | __main__:scrape_jobs:261 - 本文: 説明なし...
2025-01-16 23:08:10.049 | INFO     | __main__:scrape_jobs:260 - 案件を取得: ＼インスタ投稿作成・インスタ運用できる方大募集／
2025-01-16 23:08:10.049 | DEBUG    | __main__:scrape_jobs:261 - 本文: 説明なし...
2025-01-16 23:08:10.050 | INFO     | __main__:scrape_jobs:260 - 案件を取得: 【初心者の方歓迎】YouTube長尺動画作成のお仕事
2025-01-16 23:08:10.050 | DEBUG    | __main__:scrape_jobs:261 - 本文: 説明なし...
2025-01-16 23:08:10.051 | INFO     | __main__:scrape_jobs:260 - 案件を取得: 《急募》TikTokのショート動画編集（継続案件）
2025-01-16 23:08:10.051 | DEBUG    | __main__:scrape_jobs:261 - 本文: 説明なし...
2025-01-16 23:08:10.051 | INFO     | __main__:scrape_jobs:260 - 案件を取得: SNSの裏方業務を募集します！(マニュアルあり、初心者OK) 月2万円お支払いします
2025-01-16 23:08:10.051 | DEBUG    | __main__:scrape_jobs:261 - 本文: 説明なし...
2025-01-16 23:08:10.052 | INFO     | __main__:scrape_jobs:260 - 案件を取得: YouTube動画、恋愛雑学系アニメ動画の台本制作
2025-01-16 23:08:10.052 | DEBUG    | __main__:scrape_jobs:261 - 本文: 説明なし...
2025-01-16 23:08:10.053 | INFO     | __main__:scrape_jobs:260 - 案件を取得: ✨渋い10円アンケート！資産運用、投資の意識調査について✳︎(tsmt);【フォーム記入式】✨
2025-01-16 23:08:10.053 | DEBUG    | __main__:scrape_jobs:261 - 本文: 説明なし...
2025-01-16 23:08:10.053 | INFO     | __main__:scrape_jobs:260 - 案件を取得: 【完全在宅】リユース古着(セットアップ)のアクセサリー/ラペルピン＆チーフ制作をしてくださる方を募集！！在宅主婦も大歓迎♪
2025-01-16 23:08:10.053 | DEBUG    | __main__:scrape_jobs:261 - 本文: 説明なし...
2025-01-16 23:08:10.054 | INFO     | __main__:scrape_jobs:260 - 案件を取得: 報酬1500円✨【実績作りや、初心者の方OKです！】プロテインに関する記事作成依頼！
2025-01-16 23:08:10.054 | DEBUG    | __main__:scrape_jobs:261 - 本文: 説明なし...
2025-01-16 23:08:10.055 | INFO     | __main__:scrape_jobs:260 - 案件を取得: 【簡単継続案件！月15000円以上可能！】切り抜きショート動画の制作
2025-01-16 23:08:10.055 | DEBUG    | __main__:scrape_jobs:261 - 本文: 説明なし...
2025-01-16 23:08:10.055 | INFO     | __main__:scrape_jobs:260 - 案件を取得: 宣材撮影、グラビア撮影
2025-01-16 23:08:10.055 | DEBUG    | __main__:scrape_jobs:261 - 本文: 説明なし...
2025-01-16 23:08:10.056 | INFO     | __main__:scrape_jobs:260 - 案件を取得: 【継続案件！1本8000円！】YouTubeの動画編集！
2025-01-16 23:08:10.056 | DEBUG    | __main__:scrape_jobs:261 - 本文: 説明なし...
2025-01-16 23:08:10.057 | INFO     | __main__:scrape_jobs:260 - 案件を取得: 【これからどうしよう…】将来に向けたお金の計画についてアンケート
2025-01-16 23:08:10.057 | DEBUG    | __main__:scrape_jobs:261 - 本文: 説明なし...
2025-01-16 23:08:10.057 | INFO     | __main__:scrape_jobs:260 - 案件を取得: 特化ブログでおすすめのジャンルを教えて下さい。あわせてペルソナも考えて下さい。
2025-01-16 23:08:10.058 | DEBUG    | __main__:scrape_jobs:261 - 本文: 説明なし...
2025-01-16 23:08:10.058 | INFO     | __main__:scrape_jobs:260 - 案件を取得: ブログのファビコン作成依頼
2025-01-16 23:08:10.058 | DEBUG    | __main__:scrape_jobs:261 - 本文: 説明なし...
2025-01-16 23:08:10.059 | INFO     | __main__:scrape_jobs:260 - 案件を取得: 【実績作りに！初心者歓迎です！】人気のカフェのInstagram用投稿画像制作依頼について❤️
2025-01-16 23:08:10.059 | DEBUG    | __main__:scrape_jobs:261 - 本文: 説明なし...
2025-01-16 23:08:10.059 | INFO     | __main__:scrape_jobs:267 - 57件の案件を取得
2025-01-16 23:08:10.066 | INFO     | __main__:save_jobs:298 - データを保存しました: crawled_data/jobs_20250116_230810.json, crawled_data/jobs_20250116_230810.csv
2025-01-16 23:08:10.165 | INFO     | __main__:run:310 - クローラーを終了します
